Iteration	Posterior	Likelihood	Prior	rate_log_sd	rate_loss	rate_neo	tree_length
0	-8188.545	-8438.324	249.7796	0.8103689	1.626605	0.5825357	6.829515
6	-8190.583	-8440.658	250.075	0.8310337	1.628118	0.6051235	6.640366
12	-8196.66	-8445.177	248.5161	0.81796	1.741641	0.5116388	7.522189
18	-8202.36	-8453.034	250.6737	0.8979055	1.709316	0.5254233	6.315546
24	-8207.558	-8457.034	249.4762	0.8726441	1.795581	0.5895481	6.893498
30	-8207.368	-8457.608	250.2399	0.8711754	1.651265	0.6549894	6.482867
36	-8207.353	-8457.726	250.3738	0.8984208	1.858646	0.6640145	6.315676
42	-8213.502	-8464.476	250.9745	0.8984208	1.724204	0.6358604	6.056734
48	-8214.38	-8463.797	249.4172	0.8984208	1.641226	0.5798142	6.974157
54	-8206.141	-8455.536	249.3958	0.7881846	1.47704	0.6414858	7.060377
60	-8212.808	-8461.714	248.9055	0.7858525	1.587282	0.6481977	7.277333
66	-8203.162	-8452.003	248.8408	0.8048152	1.32412	0.6481977	7.40816
72	-8206.765	-8457.014	250.249	0.8545605	1.676831	0.5033564	6.60039
78	-8206.189	-8457.374	251.1841	0.8734911	1.839367	0.5489187	5.985322
84	-8203.297	-8452.852	249.5548	0.8734911	1.88584	0.5260431	6.87264
90	-8191.22	-8440.285	249.0653	0.7662167	1.636479	0.5845457	7.232499
96	-8194.421	-8443.367	248.9459	0.7662167	1.399017	0.5612945	7.408192
102	-8182.956	-8432.673	249.7177	0.7530102	1.600411	0.5642893	6.918383
108	-8182.229	-8432.367	250.138	0.784866	1.721562	0.5849582	6.613131
114	-8197.71	-8445.362	247.6519	0.7137079	1.80571	0.5956635	7.948614
120	-8185.043	-8435.116	250.073	0.8184544	1.623857	0.5956635	6.657235
126	-8195.455	-8444.764	249.309	0.8399479	1.910277	0.6238043	6.936088
132	-8189.154	-8438.788	249.634	0.8507297	1.631099	0.6104325	6.8626
138	-8193.334	-8443.117	249.7828	0.7874028	1.519285	0.6060276	6.8626
144	-8218.635	-8468.456	249.8218	0.8501674	1.543707	0.5121728	6.875681
150	-8213.286	-8462.239	248.9531	0.8045767	1.596488	0.5222574	7.338535
156	-8212.385	-8461.162	248.7774	0.750288	1.85897	0.558726	7.338535
162	-8205.976	-8456.287	250.3111	0.8469688	1.452149	0.5538637	6.613901
168	-8210.387	-8459.895	249.5082	0.8045397	1.503801	0.6760702	6.955083
174	-8213.465	-8462.237	248.772	0.7983547	1.549131	0.7283118	7.300113
180	-8209.881	-8458.254	248.3736	0.788038	1.51565	0.5805269	7.64058
186	-8210.85	-8458.806	247.9563	0.7798514	1.823666	0.5631634	7.770537
192	-8202.662	-8452.544	249.8822	0.8181086	1.805459	0.5372144	6.743408
198	-8199.633	-8449.232	249.5997	0.7696907	1.439181	0.6563901	6.964794
204	-8202.559	-8451.385	248.8266	0.7696907	1.668775	0.5448585	7.379298
210	-8202.641	-8451.436	248.7952	0.738707	1.71801	0.5640183	7.379298
216	-8196.316	-8445.417	249.1007	0.8302628	1.631851	0.6855054	7.104905
222	-8205.14	-8455.409	250.2694	0.8682582	1.477765	0.603743	6.574304
228	-8203.411	-8454.289	250.8777	0.8682582	1.506038	0.603743	6.23306
234	-8204.227	-8455.391	251.1642	0.8675832	1.689226	0.668485	5.958371
240	-8205.627	-8454.411	248.7832	0.7982037	1.39622	0.6451185	7.414243
246	-8204.843	-8454.682	249.8397	0.7982037	1.37814	0.6014627	6.887075
252	-8197.265	-8445.771	248.5065	0.8155227	1.554203	0.5651165	7.552253
258	-8188.491	-8438.199	249.7078	0.8622443	1.600976	0.5651165	6.86394
264	-8195.343	-8444.855	249.5116	0.8343672	1.480019	0.5558462	7.039171
270	-8197.965	-8448.674	250.7089	0.8176152	1.480019	0.5675215	6.391768
276	-8199.047	-8449.568	250.5204	0.9081331	1.581849	0.5898804	6.386885
282	-8201.841	-8451.535	249.6938	0.7577571	1.581849	0.4785031	7.010016
288	-8201.656	-8452.425	250.7684	0.9611462	1.560982	0.5054147	6.302693
294	-8197.25	-8447.525	250.2752	0.8574388	1.552672	0.6005989	6.549973
300	-8208.516	-8459.487	250.9713	0.8748156	1.632593	0.6161447	6.120055
306	-8211.449	-8460.491	249.0426	0.8748156	1.753637	0.6857066	7.068244
312	-8205.955	-8455.048	249.0935	0.8558886	1.66943	0.6736861	7.08969
318	-8204.554	-8454.027	249.4735	0.8558886	1.66943	0.6019327	6.938896
324	-8199.186	-8449.722	250.536	0.9430441	1.648984	0.6739927	6.27014
330	-8205.066	-8455.412	250.3452	0.8931799	2.032482	0.6739927	6.27014
336	-8200.287	-8450.54	250.2533	0.9016199	1.811585	0.6993533	6.369944
342	-8191.87	-8441.849	249.9793	0.8318175	1.707182	0.619184	6.651881
348	-8190.531	-8440.374	249.8432	0.8499268	1.771818	0.6740833	6.651881
354	-8188.428	-8438.638	250.2107	0.8371672	1.746296	0.5860277	6.535853
360	-8195.304	-8444.75	249.4457	0.7618198	1.559916	0.5943944	7.051305
366	-8201.911	-8450.569	248.6586	0.8228096	1.559916	0.5943944	7.441281
372	-8201.229	-8450.531	249.3017	0.8456271	1.808209	0.5464189	7.032827
378	-8201.155	-8451.312	250.1573	0.8535254	1.53555	0.5643031	6.651671
384	-8206.26	-8457.221	250.9609	0.8998065	1.492307	0.554075	6.216445
390	-8205.725	-8456.58	250.8549	0.8876427	1.492307	0.6571654	6.19967
396	-8203.79	-8454.377	250.5866	0.8876427	1.386649	0.6245641	6.413426
402	-8207.679	-8458.285	250.6061	0.8578292	1.908795	0.4749731	6.350488
408	-8205.523	-8455.159	249.6357	0.808677	1.5626	0.6591355	6.873533
414	-8198.95	-8448.081	249.1304	0.808677	1.540102	0.5835238	7.211927
420	-8188.765	-8439.371	250.6057	0.8559814	1.272324	0.5671378	6.515624
426	-8201.399	-8452.611	251.2124	0.9339559	1.51901	0.6681765	5.960902
432	-8193.39	-8443.34	249.95	0.8335821	1.792265	0.6238647	6.633169
438	-8193.796	-8444.493	250.6976	0.8399323	1.350259	0.6628778	6.365895
444	-8201.355	-8451.318	249.963	0.784155	1.350259	0.5261932	6.901768
450	-8200.342	-8450.23	249.8884	0.8086219	1.622693	0.6302135	6.736021
456	-8201.707	-8451.38	249.6732	0.7302573	1.552622	0.5425527	6.990803
462	-8203.352	-8454.832	251.4805	0.9019057	1.566642	0.5510878	5.905347
468	-8207.272	-8457.944	250.6715	0.790728	1.566642	0.5846259	6.378654
474	-8206.61	-8456.596	249.9857	0.833929	1.748898	0.6017112	6.646002
480	-8207.302	-8456.694	249.3916	0.901196	1.594202	0.5839696	7.000677
486	-8211.95	-8461.525	249.5751	0.8666842	1.618136	0.6694024	6.846416
492	-8211.714	-8460.78	249.0664	0.7908117	1.554593	0.6750805	7.181098
498	-8208.634	-8457.053	248.4188	0.829294	1.51801	0.57697	7.596248
504	-8215.441	-8463.766	248.3248	0.7614343	1.652728	0.6230636	7.596248
510	-8203.144	-8453.355	250.2108	0.8322362	1.756888	0.6230636	6.505706
516	-8205.321	-8454.31	248.9895	0.7596049	1.461804	0.6179234	7.317925
522	-8197.175	-8446.718	249.5422	0.8026218	1.487534	0.6179234	6.987414
528	-8195.466	-8444.094	248.6287	0.7814229	1.693424	0.6168292	7.412758
534	-8202.415	-8451.197	248.7817	0.7783068	1.593205	0.5581109	7.415683
540	-8199.639	-8448.454	248.8144	0.8540188	1.773678	0.5820393	7.273065
546	-8191.607	-8441.76	250.1538	0.8291624	1.578695	0.5636984	6.650593
552	-8193.191	-8443.188	249.9966	0.8431473	1.654168	0.6382708	6.641132
558	-8187.41	-8437.387	249.9779	0.8120033	1.465283	0.5724527	6.792232
564	-8190.422	-8440.844	250.4219	0.8347135	1.569388	0.5353483	6.529832
570	-8188.867	-8439.506	250.6382	0.8595743	1.807641	0.567401	6.285546
576	-8197.814	-8447.33	249.516	0.9422753	1.763626	0.5984543	6.838525
582	-8204.407	-8454.119	249.7115	0.8967307	1.783376	0.4784363	6.852615
588	-8185.669	-8435.69	250.0208	0.8412961	1.494477	0.6345786	6.692956
594	-8187.919	-8437.784	249.8644	0.8197619	1.599713	0.5645877	6.803268
600	-8188.584	-8438.21	249.6261	0.8197619	1.787962	0.5965764	6.838239
606	-8191.727	-8441.032	249.3049	0.8659695	1.71485	0.5318472	7.065071
612	-8191.859	-8441.329	249.4707	0.8099021	1.564714	0.5052439	7.084446
618	-8192.002	-8441.048	249.046	0.8218373	1.750085	0.571815	7.182413
624	-8196.142	-8444.966	248.8239	0.8136616	1.724612	0.6144077	7.281477
630	-8188.953	-8438.119	249.1654	0.8353491	1.685837	0.603506	7.1086
636	-8194.978	-8444.404	249.4261	0.8125873	1.685837	0.6044058	6.979847
642	-8200.478	-8449.789	249.3109	0.8556503	1.714246	0.5994092	7.012404
648	-8190.479	-8439.746	249.2672	0.7966446	1.672288	0.6942577	7.012404
654	-8191.854	-8439.788	247.9335	0.7579724	1.682292	0.6069481	7.808939
660	-8193.824	-8443.965	250.1415	0.7951203	1.904121	0.5055585	6.609989
666	-8185.985	-8435.259	249.2746	0.8075177	1.518564	0.6134208	7.119971
672	-8189.642	-8439.497	249.855	0.8273098	1.569846	0.5386341	6.837241
678	-8186.667	-8437.04	250.3732	0.811707	1.831182	0.671642	6.366787
684	-8189.892	-8438.883	248.9906	0.8280185	1.483164	0.6179724	7.272049
690	-8221.588	-8470.193	248.6047	0.7497963	1.482436	0.5694857	7.559266
696	-8211.474	-8461.023	249.5489	0.8592281	1.622367	0.5844863	6.927553
702	-8204.452	-8454.469	250.0171	0.8064758	1.682843	0.6306195	6.645184
708	-8209.72	-8460.013	250.2921	0.7418773	1.832462	0.5245346	6.564665
714	-8198.227	-8447.452	249.2249	0.9101256	1.732998	0.5431213	7.068384
720	-8200.166	-8451.308	251.1418	0.9101256	1.567251	0.624664	6.026224
726	-8205.731	-8455.608	249.8774	0.8279819	1.628222	0.582994	6.766231
732	-8213.061	-8464.152	251.0911	0.8596418	1.40826	0.5988613	6.165511
738	-8208.287	-8457.983	249.6967	0.8596418	1.807849	0.5988613	6.770011
744	-8201.839	-8451.539	249.7001	0.8596418	1.896511	0.5253684	6.798762
750	-8190.129	-8440.021	249.8919	0.8208971	1.730675	0.6314624	6.687273
756	-8189.392	-8437.986	248.5935	0.7907707	1.743187	0.5923948	7.427927
762	-8193.977	-8443.107	249.1291	0.9009246	1.762812	0.5852842	7.079928
768	-8201.423	-8452.164	250.7414	0.9009246	1.590898	0.6478135	6.222567
774	-8200.038	-8451.196	251.1582	0.9365004	1.747525	0.5857867	5.966644
780	-8188.105	-8438.128	250.0228	0.8554308	1.598288	0.5611284	6.701888
786	-8188.693	-8439.787	251.0941	0.8810945	1.89178	0.5611284	6.002313
792	-8185.108	-8436.341	251.2331	0.8810945	1.704774	0.5506762	6.000302
798	-8179.469	-8428.622	249.1532	0.8137852	1.704774	0.4759594	7.227706
804	-8187.288	-8437.379	250.0911	0.8688549	2.099547	0.4759594	6.562171
810	-8192.183	-8441.773	249.5895	0.8712107	1.535818	0.5927304	6.925575
816	-8191.071	-8439.739	248.6678	0.8248193	1.807948	0.5302646	7.398279
822	-8195.182	-8444.133	248.9503	0.819921	2.065229	0.4811411	7.20938
828	-8206.3	-8455.48	249.1793	0.8305261	1.921921	0.6527226	6.98556
834	-8202.985	-8452.858	249.8735	0.8305261	1.71017	0.5929987	6.729109
840	-8204.578	-8454.774	250.196	0.8305261	2.011594	0.5393998	6.497222
846	-8199.972	-8448.906	248.935	0.7896372	1.607727	0.516885	7.356708
852	-8200.817	-8450.685	249.868	0.8017708	1.756155	0.5800826	6.741613
858	-8199.659	-8448.846	249.1875	0.7871387	1.687421	0.5785782	7.141795
864	-8200.953	-8449.41	248.4564	0.7657904	1.646663	0.5562016	7.578379
870	-8197.602	-8447.783	250.1808	0.8618291	1.783696	0.5993559	6.514998
876	-8207.327	-8456.376	249.0495	0.8616956	1.671941	0.6207967	7.148485
882	-8208.929	-8459.263	250.334	0.8550156	1.613984	0.5328887	6.551615
888	-8202.554	-8451.749	249.1954	0.7695669	2.048108	0.5762634	7.028482
894	-8196.333	-8446.743	250.4098	0.8873624	1.936962	0.4660577	6.440065
900	-8198.575	-8449.226	250.6509	0.9214562	2.000244	0.5944336	6.159244
906	-8198.504	-8449.212	250.7076	0.8577283	1.712237	0.5796349	6.27248
912	-8205.413	-8455.502	250.0889	0.8312516	1.686344	0.5633632	6.644801
918	-8206.929	-8455.38	248.4511	0.7791204	1.582856	0.5633632	7.591946
924	-8208.698	-8456.907	248.2087	0.8060722	1.582856	0.5961849	7.681043
930	-8206.429	-8455.911	249.4823	0.8230915	1.727728	0.6285186	6.910427
936	-8214.85	-8464.874	250.024	0.855195	1.582906	0.5804114	6.69147
942	-8214.816	-8465.907	251.0917	0.8401948	1.48602	0.5728332	6.164781
948	-8223.726	-8473.355	249.6292	0.8903098	1.464966	0.5646945	6.944477
954	-8216.794	-8466.609	249.8149	0.8446304	1.773529	0.6003973	6.724901
960	-8216.557	-8465.466	248.9083	0.7851667	1.736245	0.5431303	7.304501
966	-8215.3	-8464.181	248.8814	0.8120137	1.736245	0.5431303	7.304501
972	-8198.672	-8447.574	248.9024	0.8136939	1.717691	0.5364521	7.304501
978	-8207.758	-8456.934	249.1765	0.8136939	1.769112	0.5364521	7.139213
984	-8237.388	-8486.877	249.4889	0.9599618	1.732799	0.4772318	6.957344
990	-8221.68	-8471.558	249.8781	0.8975688	1.640528	0.6042234	6.706912
996	-8233.797	-8484.112	250.3149	0.9212913	1.829204	0.6042234	6.390598
1002	-8219.168	-8468.95	249.782	0.8561574	1.517266	0.4962731	6.918285
1008	-8201.912	-8451.576	249.6637	0.7838939	1.380771	0.635804	6.962192
1014	-8212.296	-8460.93	248.6335	0.7838939	1.713184	0.6062102	7.409987
1020	-8209.371	-8458.277	248.9061	0.7316064	1.713184	0.5849718	7.30847
1026	-8203.621	-8451.851	248.2309	0.7316064	1.713184	0.5857562	7.66962
1032	-8213.93	-8462.699	248.769	0.7632676	1.881814	0.5394644	7.344484
1038	-8198.866	-8448.295	249.4287	0.8869385	1.751267	0.6458888	6.883556
1044	-8212.026	-8462.426	250.4003	0.9315053	1.57519	0.7401086	6.331535
1050	-8199.48	-8447.948	248.4682	0.7914474	1.681279	0.7401086	7.40968
1056	-8211.514	-8461.115	249.6013	0.7403226	1.549045	0.5921372	6.985102
1062	-8208.194	-8456.366	248.1718	0.7204634	1.742968	0.5900265	7.693301
1068	-8206.986	-8454.854	247.8684	0.7248769	1.557881	0.5900265	7.920477
1074	-8199.494	-8446.608	247.1147	0.7248769	1.619745	0.5727901	8.31258
1080	-8199.052	-8447.32	248.2676	0.733814	2.042711	0.5821234	7.542733
1086	-8205.674	-8454.178	248.5037	0.7669867	1.654559	0.5821234	7.528587
1092	-8200.447	-8448.749	248.3023	0.8582802	1.654559	0.659659	7.528587
1098	-8204.896	-8454.612	249.7163	0.8582802	1.575175	0.6800004	6.783348
1104	-8204.384	-8453.232	248.848	0.8308352	1.575175	0.5208813	7.390044
1110	-8197.34	-8447.138	249.7977	0.8800378	1.734371	0.5208813	6.794368
1116	-8191.087	-8440.053	248.9657	0.8261248	1.520117	0.6340491	7.259726
1122	-8194.916	-8443.233	248.3171	0.7607482	1.720679	0.5579184	7.627653
1128	-8197.494	-8445.627	248.1329	0.8368273	1.848858	0.643696	7.574729
1134	-8193.621	-8442.694	249.0733	0.7320608	1.606487	0.6820407	7.184348
1140	-8181.151	-8431.144	249.9924	0.8176997	1.577032	0.7059288	6.637066
1146	-8192.6	-8442.603	250.0029	0.8662559	1.695507	0.6395489	6.609223
1152	-8182.902	-8432.873	249.9711	0.8480658	1.597887	0.6416598	6.670716
1158	-8198.165	-8447.087	248.9215	0.8166401	1.597887	0.6091632	7.277691
1164	-8194.723	-8443.901	249.1776	0.7955006	1.833261	0.6558947	7.032442
1170	-8189.18	-8439.314	250.1343	0.8164464	1.814309	0.5434103	6.599784
1176	-8187.261	-8436.24	248.9784	0.8314829	1.870672	0.5434103	7.195805
1182	-8185.955	-8434.832	248.8771	0.8528439	1.856984	0.6022281	7.195805
1188	-8183.283	-8433.097	249.8137	0.8895569	1.627044	0.6180674	6.740298
1194	-8185.169	-8437.011	251.8424	0.9096957	1.623787	0.6142113	5.629713
1200	-8179.343	-8429.508	250.1653	0.9096957	1.729946	0.5834896	6.528971
1206	-8189.871	-8440.422	250.5508	0.8571376	1.729946	0.6277535	6.313769
1212	-8201.881	-8452.719	250.838	0.7943051	1.573504	0.6864729	6.206329
1218	-8196.165	-8445.385	249.2194	0.7090297	1.647706	0.669378	7.111996
1224	-8208.154	-8458.018	249.8649	0.829261	1.580469	0.5605657	6.808475
1230	-8198.85	-8449.459	250.6092	0.887464	1.591726	0.6497501	6.299965
1236	-8208.583	-8457.615	249.0323	0.844333	1.725879	0.628426	7.141911
1242	-8202.358	-8451.873	249.515	0.7931098	1.379201	0.5420365	7.112373
1248	-8212.379	-8461.708	249.329	0.8314294	1.626573	0.5206444	7.112373
1254	-8207.937	-8456.976	249.0393	0.766781	1.557466	0.5704158	7.28715
1260	-8205.348	-8453.359	248.0116	0.8176626	1.814559	0.5748228	7.714472
1266	-8200.576	-8448.449	247.8729	0.6887737	1.424598	0.6185835	7.96782
1272	-8190.592	-8439.873	249.2813	0.7271204	1.831595	0.6281818	7.034664
1278	-8193.147	-8442.729	249.582	0.7754659	1.39356	0.6281818	7.011104
1284	-8194.31	-8443.303	248.9929	0.8251479	1.674389	0.6068704	7.20838
1290	-8188.25	-8438.869	250.6195	0.8159871	1.479946	0.5689858	6.439948
1296	-8197.403	-8448.16	250.7569	0.9103608	1.706844	0.6435883	6.169139
1302	-8194.615	-8443.6	248.9855	0.8514208	1.380386	0.4973709	7.403542
1308	-8202.977	-8454.009	251.0329	0.8514208	1.676595	0.5355613	6.148708
1314	-8200.829	-8449.413	248.5844	0.7512958	1.577059	0.743562	7.405098
1320	-8208.107	-8457.106	248.9994	0.7954253	1.335073	0.5841192	7.372456
1326	-8228.205	-8476.936	248.7308	0.7941509	1.705263	0.5841192	7.372456
1332	-8215.902	-8464.949	249.0476	0.7903187	1.448442	0.6472656	7.2536
1338	-8207.457	-8456.585	249.1277	0.7417718	1.505926	0.6104642	7.241513
1344	-8208.894	-8458.195	249.3015	0.8102548	1.771875	0.581847	7.035569
1350	-8206.797	-8456.23	249.4331	0.7808163	1.630924	0.5762431	7.035569
1356	-8207.672	-8456.315	248.6427	0.7585126	1.664824	0.6352957	7.413908
1362	-8198.532	-8448.528	249.9959	0.7809214	1.692127	0.6208909	6.674493
1368	-8203.427	-8451.207	247.7797	0.7583014	1.822551	0.5680286	7.872817
1374	-8209.906	-8459.158	249.2512	0.8406371	1.490403	0.6194669	7.121213
1380	-8210.794	-8460.289	249.4945	0.8079361	1.729957	0.5430135	6.979426
1386	-8201.426	-8451.535	250.1089	0.7577387	1.371161	0.5572379	6.80223
1392	-8204.208	-8452.945	248.7375	0.7316979	1.52488	0.6336698	7.43124
1398	-8212.512	-8460.512	248	0.7631487	1.550051	0.5390481	7.874132
1404	-8190.899	-8441.835	250.936	0.9604662	1.640464	0.5588425	6.135751
1410	-8202.487	-8451.21	248.7231	0.8972311	1.654103	0.5983154	7.328573
1416	-8205.96	-8455.017	249.0569	0.9222428	1.792722	0.556501	7.120255
1422	-8194.626	-8445.424	250.798	0.9558254	1.618094	0.4816101	6.289338
1428	-8192.109	-8443.449	251.3396	0.9348258	1.804135	0.6707625	5.783101
1434	-8210.416	-8461.788	251.3722	1.02375	1.724229	0.7341601	5.699816
1440	-8201.791	-8452.494	250.7038	0.8833686	1.947022	0.6355441	6.136371
1446	-8200.624	-8450.18	249.5551	0.8919701	1.855911	0.6817683	6.75052
1452	-8218.038	-8467.599	249.5612	0.837279	2.069063	0.6659283	6.719603
1458	-8217.916	-8467.898	249.9815	0.8902674	1.848964	0.4650426	6.700431
1464	-8201.597	-8450.071	248.474	0.7622593	1.508584	0.6636734	7.540274
1470	-8199.26	-8448.007	248.7469	0.7554023	1.943769	0.49292	7.380732
1476	-8203.196	-8450.038	246.8413	0.7554023	1.618384	0.5516398	8.459351
1482	-8211.503	-8461.721	250.2174	0.945282	2.02175	0.5878666	6.380278
1488	-8200.313	-8451.271	250.9585	0.9781694	1.785325	0.5714635	6.051177
1494	-8208.28	-8459.619	251.339	0.9243273	2.03278	0.623545	5.748839
1500	-8203.514	-8452.719	249.2052	0.8533844	1.610753	0.6538906	7.066932
1506	-8196.225	-8446.302	250.0766	0.8324177	1.754699	0.6538906	6.555846
1512	-8197.84	-8448.347	250.5065	0.8454777	1.987388	0.4815985	6.379602
1518	-8199.722	-8451.3	251.5789	0.8761374	1.880292	0.5702624	5.736357
1524	-8187.962	-8437.809	249.8478	0.8835667	1.707418	0.7258452	6.617576
1530	-8193.26	-8443.539	250.2788	0.8103198	1.707418	0.6452658	6.481544
1536	-8193.117	-8443.426	250.3088	0.831587	1.708763	0.5739395	6.508896
1542	-8194.303	-8444.407	250.1037	0.9092552	1.708763	0.5730436	6.578587
1548	-8185.76	-8435.531	249.771	0.7882432	1.723008	0.5702517	6.820941
1554	-8192.304	-8441.986	249.6829	0.8193026	1.811198	0.5702517	6.820941
1560	-8198.816	-8449.165	250.3494	0.8428375	1.70302	0.5527611	6.500305
1566	-8187.258	-8438.077	250.8189	0.8649251	1.708983	0.6171983	6.17952
1572	-8184.86	-8434.315	249.4545	0.8649251	1.779089	0.5410176	6.954728
1578	-8188.703	-8438.929	250.2266	0.8149243	1.679289	0.5615111	6.583201
1584	-8195.269	-8445.264	249.9949	0.8274917	1.695294	0.5280026	6.72412
1590	-8220.857	-8469.084	248.2268	0.725098	1.459564	0.5960529	7.762624
1596	-8205.453	-8453.455	248.0018	0.8160922	1.623621	0.5901844	7.775809
1602	-8203.742	-8454.208	250.4664	0.8063973	1.492905	0.580444	6.51359
1608	-8192.963	-8442.823	249.86	0.8521167	1.485571	0.5642919	6.83271
1614	-8202.37	-8451.126	248.7556	0.830071	1.86747	0.6298974	7.248605
1620	-8188.407	-8437.808	249.4011	0.8247417	1.74193	0.5858757	6.981379
1626	-8190.459	-8440.699	250.2405	0.8140047	1.734381	0.5773549	6.543441
1632	-8198.796	-8449.168	250.3721	0.8140047	1.582189	0.6857819	6.445741
1638	-8190.987	-8440.634	249.6467	0.7510045	1.481472	0.6494459	6.93761
1644	-8192.36	-8442.062	249.7019	0.8911779	1.791774	0.6649514	6.705644
1650	-8198.066	-8447.803	249.7367	0.8696692	1.864637	0.622175	6.705644
1656	-8191.617	-8441.978	250.3615	0.8680251	1.800791	0.568076	6.432937
1662	-8193.399	-8442.852	249.4522	0.8232761	1.928835	0.5791795	6.896751
1668	-8195.233	-8443.441	248.2079	0.7942239	1.817878	0.6068345	7.595687
1674	-8190.884	-8439.323	248.4389	0.6716576	1.685761	0.621204	7.572696
1680	-8192.223	-8440.608	248.3847	0.6716576	1.685761	0.660269	7.572696
1686	-8187.339	-8435.912	248.5727	0.6916428	1.685761	0.5192866	7.572696
1692	-8188.057	-8437.225	249.1678	0.7370756	1.778959	0.5192866	7.196355
1698	-8191.961	-8442.417	250.4559	0.7370756	1.922836	0.500298	6.469713
1704	-8201.48	-8451.5	250.0197	0.7376647	1.569415	0.6245919	6.727819
1710	-8194.606	-8443.374	248.7682	0.7596598	1.569415	0.4835191	7.506151
1716	-8196.523	-8443.785	247.2627	0.689071	1.596817	0.4835191	8.337073
1722	-8195.228	-8442.269	247.0413	0.680195	1.41816	0.675126	8.376414
1728	-8199.326	-8446.073	246.7469	0.7247761	1.574538	0.7432207	8.401343
1734	-8196.921	-8445.822	248.9013	0.7849973	1.623961	0.6224856	7.285598
1740	-8203.506	-8455.157	251.651	0.8598326	1.657299	0.6346522	5.733583
1746	-8197.686	-8448.878	251.192	0.8598326	1.80121	0.5948607	5.963873
1752	-8189.927	-8440.193	250.2663	0.8265654	1.538613	0.6559063	6.5348
1758	-8196.944	-8446.47	249.5263	0.7637195	1.596989	0.6867867	6.923687
1764	-8186.952	-8436.041	249.0893	0.7873847	1.578263	0.5875583	7.22763
1770	-8192.47	-8441	248.5296	0.8194934	1.589291	0.6013006	7.495653
1776	-8202.529	-8453.49	250.9606	0.8584641	1.669666	0.5417351	6.181485
1782	-8204.793	-8454.693	249.8998	0.8300049	1.828275	0.5125707	6.740964
1788	-8195.291	-8445.205	249.9143	0.8300049	1.684107	0.5629454	6.740964
1794	-8209.162	-8458.759	249.5974	0.8000533	1.398234	0.6189118	6.994666
1800	-8205.452	-8454.919	249.4668	0.7829904	1.541416	0.619103	7.016491
1806	-8204.559	-8454.668	250.1085	0.8075319	1.695482	0.5906378	6.621652
1812	-8203.322	-8453.562	250.2403	0.9260987	1.498846	0.6848632	6.489595
1818	-8191.497	-8441.727	250.2302	0.9207387	1.600717	0.6705814	6.468751
1824	-8204.975	-8455.311	250.3359	0.9691764	1.492102	0.5073089	6.558231
1830	-8198.267	-8449.373	251.1056	0.839223	1.638326	0.5656936	6.104546
1836	-8196.535	-8446.061	249.5262	0.8063131	1.725899	0.6581122	6.874373
1842	-8193.16	-8443.187	250.0266	0.7622914	1.501566	0.657436	6.712647
1848	-8196.055	-8445.531	249.4762	0.8454232	1.488122	0.5825391	7.027334
1854	-8192.514	-8444.016	251.5021	0.8906749	1.478153	0.5613178	5.926224
1860	-8198.169	-8448.559	250.3901	0.8906749	1.855116	0.5218609	6.425638
1866	-8197.948	-8448.394	250.4463	0.8274358	1.54061	0.5896391	6.486898
1872	-8200.585	-8449.94	249.3555	0.8428819	2.026413	0.577495	6.908519
1878	-8195.558	-8444.409	248.8507	0.7724935	1.861063	0.6279429	7.232056
1884	-8206.089	-8455.798	249.7088	0.7964193	1.500472	0.6279429	6.888219
1890	-8205.305	-8454.212	248.9072	0.7780144	1.49401	0.5305126	7.409771
1896	-8211.622	-8461.639	250.017	0.7750543	1.345001	0.6548757	6.777495
1902	-8209.701	-8460.316	250.6146	0.8429861	1.345001	0.683803	6.396339
1908	-8202.911	-8451.848	248.9369	0.8429861	1.278343	0.6729616	7.338219
1914	-8200.453	-8450.043	249.5903	0.7684552	1.577649	0.6058395	6.954153
1920	-8202.179	-8452.746	250.567	0.7868472	1.217624	0.5767842	6.591248
1926	-8218.031	-8469.021	250.9892	0.8077764	1.444309	0.652059	6.193331
1932	-8197.968	-8447.127	249.1587	0.7071152	1.417003	0.6073239	7.281673
1938	-8198.414	-8447.064	248.6503	0.732117	1.520293	0.6446835	7.471326
1944	-8200.732	-8449.569	248.8367	0.732117	1.504094	0.7062429	7.333629
1950	-8196.577	-8446.572	249.9949	0.6848683	1.588785	0.5731817	6.802785
1956	-8198.719	-8447.152	248.4335	0.688413	1.655423	0.548895	7.634878
1962	-8200.528	-8449.049	248.5214	0.688413	1.429959	0.598385	7.634878
1968	-8197.143	-8444.777	247.6339	0.7196503	1.675671	0.598385	7.998294
1974	-8221.528	-8470.572	249.0439	0.7869171	1.800671	0.6151022	7.150673
1980	-8209.65	-8460.197	250.5464	0.8997527	1.860384	0.602144	6.267677
1986	-8216.452	-8466.648	250.1964	0.8997713	1.96984	0.5213269	6.488364
1992	-8202.079	-8452.059	249.9793	0.8723983	1.867377	0.5383905	6.639621
1998	-8201.213	-8450.836	249.6229	0.8305121	1.910241	0.575846	6.809562
2004	-8205.021	-8455.131	250.1109	0.8224028	1.919895	0.6820915	6.465992
2010	-8215.96	-8466.192	250.2318	0.8580854	1.651559	0.5194298	6.602882
2016	-8210.115	-8460.391	250.2757	0.812642	1.6681	0.6439947	6.497222
2022	-8209.298	-8457.133	247.8348	0.7132274	1.694615	0.6791927	7.827744
2028	-8206.522	-8454.552	248.0296	0.732499	1.591062	0.5775101	7.827744
2034	-8204.448	-8454.315	249.8671	0.7771207	1.751646	0.5489381	6.782489
2040	-8199.061	-8449.375	250.3137	0.8925524	1.682905	0.6870537	6.396359
2046	-8195.559	-8445.28	249.7206	0.870227	1.682905	0.6458432	6.759463
2052	-8187.08	-8437.248	250.1679	0.870227	1.594083	0.5265139	6.646175
2058	-8193.566	-8442.863	249.2977	0.8294078	1.699632	0.5406838	7.086562
2064	-8188.64	-8438.435	249.7946	0.8832234	1.868331	0.5422702	6.729954
2070	-8192.267	-8441.754	249.4869	0.8407581	2.096377	0.6018274	6.797856
2076	-8186.66	-8437.032	250.3713	0.8389608	1.675993	0.5849999	6.473955
2082	-8189.253	-8439.63	250.3761	0.8170534	1.85092	0.6222411	6.392549
2088	-8189.268	-8438.949	249.6808	0.8117539	1.812546	0.6466434	6.766287
2094	-8190.343	-8440.615	250.2719	0.8520907	1.657204	0.5501886	6.556069
2100	-8190.157	-8439.677	249.5193	0.8179188	1.684816	0.5993562	6.931101
2106	-8193.82	-8442.519	248.6987	0.8179188	1.684985	0.5993562	7.372174
2112	-8184.717	-8433.439	248.7226	0.7527247	1.739621	0.5762407	7.393215
2118	-8197.072	-8447.359	250.2868	0.7591361	1.521136	0.5643548	6.638268
2124	-8196.101	-8444.546	248.4454	0.7835964	1.761363	0.609443	7.491531
2130	-8202.738	-8452.451	249.7122	0.7968007	1.577146	0.804644	6.734001
2136	-8206.382	-8454.281	247.8993	0.7513319	1.804775	0.6209053	7.777338
2142	-8201.815	-8451.157	249.3421	0.7527698	1.649412	0.5004495	7.156887
2148	-8197.594	-8446.834	249.2397	0.7969604	1.486148	0.4808176	7.268102
2154	-8202.819	-8451.693	248.8747	0.7439643	1.769826	0.6245244	7.268102
2160	-8208.873	-8458.652	249.779	0.8230289	1.655003	0.5269752	6.858581
2166	-8206.922	-8455.994	249.0724	0.7235657	1.364381	0.5822404	7.360828
2172	-8205.024	-8454.406	249.3829	0.7536838	1.6334	0.5595209	7.089905
2178	-8212.993	-8460.271	247.2782	0.7078596	1.724637	0.7132258	8.093219
2184	-8204.98	-8453.959	248.9791	0.7522956	1.605975	0.6765443	7.228173
2190	-8201.69	-8451.015	249.325	0.7975053	1.783048	0.6891893	6.945146
2196	-8190.624	-8439.336	248.7123	0.7523221	1.741858	0.5386496	7.429034
2202	-8183.405	-8431.348	247.9436	0.7126041	1.512118	0.6106365	7.888524
2208	-8185.14	-8435.646	250.5064	0.856008	1.698189	0.5961715	6.374496
2214	-8193.382	-8443.912	250.5295	0.8472632	1.676809	0.5961715	6.374496
2220	-8205.982	-8456.05	250.068	0.7537221	1.678095	0.6038658	6.668516
2226	-8198.244	-8448.854	250.6108	0.8819536	1.719184	0.5138495	6.364885
2232	-8197.5	-8447.166	249.666	0.8277165	1.462478	0.6124708	6.921431
2238	-8201.945	-8449.439	247.4935	0.7872566	1.965809	0.5154611	8.007149
2244	-8201.097	-8449.727	248.6298	0.6662225	1.779223	0.6239163	7.438385
2250	-8199.148	-8446.696	247.548	0.7440658	1.603759	0.5451677	8.100061
2256	-8193.705	-8442.772	249.0672	0.756576	1.831373	0.5451677	7.20005
2262	-8198.012	-8448.317	250.3054	0.9434255	1.840267	0.5662955	6.410436
2268	-8185.253	-8437.229	251.976	0.9512281	1.638045	0.6069431	5.533918
2274	-8192.096	-8442.351	250.2553	0.909116	1.597709	0.5586177	6.549368
2280	-8188.44	-8438.493	250.0531	0.8719536	1.630793	0.5584908	6.666559
2286	-8192.979	-8443.276	250.2965	0.8920292	1.331692	0.6380429	6.581503
2292	-8185.677	-8434	248.3234	0.8026676	1.694985	0.6236499	7.559202
2298	-8208.24	-8457.075	248.8355	0.8660195	1.7424	0.5746287	7.272146
2304	-8204.336	-8453.083	248.747	0.7650203	1.50121	0.5273288	7.502498
2310	-8206.131	-8454.833	248.702	0.7745798	1.401217	0.6001365	7.502498
2316	-8205.895	-8455.075	249.18	0.774959	1.695607	0.6248471	7.113302
2322	-8211.209	-8460.661	249.452	0.8773992	1.856041	0.6201907	6.859548
2328	-8197.127	-8445.63	248.503	0.7288143	1.544002	0.6201907	7.561211
2334	-8192.686	-8442.062	249.376	0.8116557	1.52328	0.600046	7.071772
2340	-8193	-8443.248	250.2485	0.9322382	1.638707	0.5800606	6.507654
2346	-8194.295	-8443.913	249.6179	0.8492248	1.548112	0.6112485	6.902889
2352	-8194.261	-8442.864	248.603	0.731203	1.663447	0.7528909	7.367659
2358	-8199.556	-8449.279	249.7225	0.8111435	1.665702	0.556446	6.866684
2364	-8211.351	-8461.208	249.8577	0.7837712	1.853418	0.6726125	6.6529
2370	-8214.279	-8464.745	250.4661	0.8793033	1.643574	0.5128173	6.473248
2376	-8212.051	-8462.479	250.4277	0.8597753	1.43114	0.5981842	6.516545
2382	-8198.938	-8447.714	248.776	0.8294286	1.983952	0.5606188	7.254595
2388	-8186.462	-8437.091	250.6289	0.8946678	1.814867	0.4475698	6.37581
2394	-8183.948	-8434.032	250.084	0.854048	1.854487	0.5901512	6.554678
2400	-8180.757	-8431.277	250.5196	0.8140372	1.59466	0.6031781	6.422943
2406	-8181.766	-8430.433	248.6668	0.7506546	1.557827	0.6520289	7.432648
2412	-8191.723	-8441.071	249.3477	0.7739621	1.734474	0.5712498	7.051845
2418	-8189.893	-8438.442	248.5493	0.7370477	1.668173	0.4928497	7.590503
2424	-8196.665	-8445.338	248.6731	0.7465914	1.642707	0.5815007	7.453612
2430	-8187.914	-8437.402	249.488	0.8318628	1.554707	0.5645711	7.016773
2436	-8190.546	-8441.163	250.617	0.9412956	1.669817	0.5924442	6.281453
2442	-8187.38	-8438.729	251.3491	0.9315001	1.818548	0.6317694	5.803988
2448	-8191.437	-8441.836	250.3982	0.8155518	1.541953	0.6949316	6.439755
2454	-8194.498	-8444.751	250.2526	0.8155518	1.989587	0.5903581	6.439755
2460	-8181.558	-8432.629	251.0706	0.9108699	1.857354	0.5667339	6.005854
2466	-8190.423	-8441.513	251.0896	0.8416826	1.704953	0.5739476	6.080632
2472	-8188.417	-8438.08	249.663	0.7911518	1.762695	0.6399019	6.809296
2478	-8190.34	-8439.886	249.5464	0.8325645	1.84776	0.6209202	6.835056
2484	-8202.493	-8453.231	250.7385	0.9097953	1.481784	0.5703019	6.322701
2490	-8212.296	-8462.344	250.0485	0.8708955	1.666069	0.5620375	6.653675
2496	-8204.607	-8453.736	249.1284	0.7944511	1.619931	0.5620375	7.207696
2502	-8214.485	-8464.212	249.7269	0.8243032	1.731216	0.7770922	6.672231
2508	-8209.173	-8457.874	248.7014	0.8272457	1.56243	0.6010587	7.409794
2514	-8210.884	-8460.835	249.951	0.8807796	1.569504	0.6460097	6.671438
2520	-8212.445	-8461.536	249.0906	0.7585336	1.627145	0.6451789	7.179916
2526	-8214.831	-8463.423	248.5916	0.8012441	1.627145	0.628959	7.436948
2532	-8209.983	-8460.403	250.4202	0.7992293	1.665634	0.4756834	6.566907
2538	-8216.824	-8465.388	248.5637	0.7620409	1.553464	0.4882727	7.616161
2544	-8207.236	-8455.051	247.8152	0.6888493	1.559627	0.5495204	8.000047
2550	-8197.374	-8446.529	249.155	0.7879693	1.358415	0.7207202	7.182317
2556	-8194.889	-8445.433	250.5435	0.848318	1.712587	0.6485614	6.313043
2562	-8203.172	-8452.081	248.9086	0.813883	1.662931	0.539165	7.318473
2568	-8200.809	-8450.007	249.1978	0.7897066	1.554952	0.5439936	7.212471
2574	-8206.808	-8456.594	249.7854	0.7823125	1.541941	0.5136169	6.931265
2580	-8204.77	-8456.186	251.4162	0.8650768	1.417861	0.5983462	5.981778
2586	-8205.391	-8455.799	250.4078	0.8155596	1.417861	0.6983849	6.482031
2592	-8210.361	-8460.537	250.176	0.8712926	1.421809	0.6413655	6.617183
2598	-8211.411	-8462.475	251.0645	0.8055851	1.585001	0.6559576	6.094813
2604	-8213.16	-8462.868	249.7075	0.8229295	1.691395	0.5097145	6.898933
2610	-8201.438	-8451.827	250.3891	0.8919206	1.809425	0.585237	6.388142
2616	-8193.79	-8442.558	248.7675	0.8396729	1.802188	0.6316621	7.257725
2622	-8196.573	-8445.466	248.8934	0.7655462	1.636653	0.6737662	7.257725
2628	-8198.44	-8447.298	248.8582	0.7507694	1.926244	0.5772241	7.257725
2634	-8208.756	-8459.496	250.74	0.8572264	1.545559	0.6560278	6.258437
2640	-8196.275	-8445.893	249.6173	0.8382538	1.71278	0.7426463	6.75325
2646	-8198.757	-8449.235	250.4789	0.827306	1.712522	0.6582048	6.352394
2652	-8203.386	-8453.965	250.5792	0.8891829	1.498779	0.5750792	6.409611
2658	-8191.01	-8440.942	249.9323	0.8065544	1.477483	0.5750792	6.81272
2664	-8194.683	-8444.704	250.0211	0.7966498	1.458112	0.5279207	6.817231
2670	-8185.204	-8435.831	250.6272	0.8460007	1.724443	0.5279207	6.361368
2676	-8181.011	-8432.271	251.2597	0.8801298	1.820662	0.6224529	5.88742
2682	-8186.214	-8436.371	250.1573	0.8477288	2.025546	0.5779262	6.472539
2688	-8181.506	-8432.053	250.5475	0.777149	1.471421	0.6206697	6.462469
2694	-8189.695	-8438.991	249.2965	0.7523525	1.41115	0.711171	7.10982
2700	-8188.653	-8437.997	249.344	0.80443	1.499336	0.5875041	7.112154
2706	-8190.792	-8440.694	249.9018	0.8193751	1.421592	0.56053	6.856861
2712	-8197.379	-8447.862	250.4834	0.8448968	1.560877	0.6189045	6.426539
2718	-8188.262	-8438.528	250.2659	0.8971446	1.605315	0.7446603	6.408579
2724	-8189.449	-8439.741	250.2923	0.8459143	1.615049	0.5926805	6.529411
2730	-8183.177	-8433.287	250.1094	0.8459143	1.612461	0.5926805	6.629361
2736	-8190.142	-8440.004	249.8624	0.7980837	1.409816	0.5632445	6.89225
2742	-8199.841	-8450.553	250.7119	0.8183793	1.472443	0.7512744	6.256684
2748	-8195.114	-8445.113	249.9993	0.7617841	1.421654	0.6711899	6.749938
2754	-8190.444	-8440.529	250.0844	0.7638492	1.360352	0.5297352	6.839875
2760	-8208.18	-8457.702	249.5218	0.74643	2.209498	0.5477555	6.839875
2766	-8203.676	-8453.355	249.6793	0.8029001	1.678761	0.5483816	6.896402
2772	-8211.352	-8460.104	248.7519	0.7519709	1.652064	0.6276618	7.36926
2778	-8209.454	-8458.892	249.4385	0.8481821	1.403042	0.5694113	7.091331
2784	-8208.434	-8458.563	250.1292	0.8481821	1.807154	0.576758	6.560284
2790	-8225.76	-8475.937	250.177	0.802824	1.680498	0.542547	6.632001
2796	-8214.151	-8464.036	249.8847	0.82479	1.634358	0.7268793	6.65534
2802	-8211.829	-8462.005	250.1768	0.7641038	1.511404	0.5778231	6.687928
2808	-8211.457	-8459.987	248.5298	0.7398017	1.416805	0.5778231	7.624468
2814	-8212.415	-8460.456	248.041	0.7515109	1.622099	0.5489175	7.82316
2820	-8198.981	-8448.501	249.5201	0.8056179	1.622099	0.6326368	6.934719
2826	-8205.997	-8455.846	249.8481	0.7821053	1.701171	0.580892	6.781828
2832	-8203.026	-8453.364	250.3379	0.8500125	1.575275	0.497973	6.597462
2838	-8202.932	-8453.538	250.6056	0.798345	1.552902	0.5430783	6.44979
2844	-8215.362	-8466.295	250.9328	0.8392407	1.620189	0.6024547	6.175764
2850	-8199.526	-8449.932	250.4056	0.8705692	1.652208	0.5824069	6.449029
2856	-8193.878	-8443.939	250.0613	0.8173482	1.686024	0.5902739	6.645607
2862	-8194.206	-8444.312	250.1057	0.8004051	1.489219	0.5902739	6.705532
2868	-8194.894	-8444.287	249.3928	0.7498421	1.42147	0.655201	7.095002
2874	-8185.624	-8436.161	250.537	0.8090959	1.580121	0.5382278	6.474802
2880	-8190.707	-8440.341	249.634	0.8410582	1.611996	0.7412066	6.78062
2886	-8190.876	-8440.807	249.9314	0.7720162	1.592528	0.5633918	6.796599
2892	-8190.16	-8440.06	249.8997	0.7911115	1.699509	0.5810053	6.749599
2898	-8191.411	-8439.972	248.5604	0.8125385	1.779978	0.556364	7.450237
2904	-8186.097	-8436.8	250.7027	0.753506	1.568532	0.6247616	6.349705
2910	-8192.7	-8442.35	249.6506	0.7311979	1.538989	0.706832	6.88233
2916	-8194.604	-8443.356	248.7519	0.7531888	1.83302	0.6212437	7.309956
2922	-8194.938	-8442.466	247.5281	0.7706598	1.437305	0.6212437	8.100801
2928	-8193.204	-8441.675	248.4718	0.7629758	1.558669	0.5730425	7.590848
2934	-8180.585	-8429.983	249.3983	0.7859187	1.558669	0.5584711	7.093258
2940	-8185.344	-8434.377	249.0335	0.778207	1.558669	0.5209991	7.324965
2946	-8182.873	-8432.581	249.708	0.778207	1.634954	0.6515411	6.829281
2952	-8181.651	-8431.634	249.9826	0.7868587	1.814022	0.6348415	6.625009
2958	-8185.337	-8434.713	249.3755	0.7239129	1.761294	0.5513057	7.070753
2964	-8180.629	-8430.163	249.5341	0.8453133	1.623334	0.5430001	6.976668
2970	-8183.625	-8434.463	250.8377	0.8377191	1.393111	0.6079007	6.314408
2976	-8183.444	-8432.973	249.5298	0.7774355	1.552427	0.6079007	6.989987
2982	-8189.481	-8438.248	248.7667	0.8049202	1.725542	0.5591935	7.360334
2988	-8184.026	-8432.487	248.4607	0.7682303	1.382806	0.6483984	7.606243
2994	-8201.578	-8450.928	249.3499	0.7480431	1.678549	0.641809	7.029749
3000	-8190.437	-8439.362	248.9253	0.7626026	1.624231	0.5544557	7.338503
3006	-8190.105	-8439.987	249.8824	0.8027486	1.516969	0.5741039	6.826837
3012	-8198.592	-8448.359	249.7676	0.7660093	1.666044	0.6060167	6.826837
3018	-8199.503	-8449.433	249.9299	0.8345971	1.650962	0.5029632	6.793421
3024	-8206.366	-8456.086	249.7201	0.8345971	1.755995	0.5394131	6.837291
3030	-8208.479	-8458.139	249.6596	0.7894979	1.614653	0.56714	6.922361
3036	-8209.514	-8459.579	250.0652	0.8427868	1.718645	0.4604896	6.730319
3042	-8199.754	-8449.14	249.386	0.8149007	1.770771	0.513986	7.044624
3048	-8196.262	-8445.875	249.6136	0.8149007	1.73336	0.5636109	6.893205
3054	-8194.268	-8443.673	249.4048	0.8165561	1.861189	0.6562562	6.88901
3060	-8196.175	-8446.434	250.2593	0.8851488	1.758189	0.4926187	6.558747
3066	-8201.978	-8452.826	250.8483	0.8574798	1.601004	0.5330455	6.276129
3072	-8196.096	-8446.052	249.9562	0.7555962	1.551978	0.6430178	6.745256
3078	-8200.036	-8449.182	249.1458	0.7727818	1.386775	0.6041063	7.268386
3084	-8214.559	-8464.193	249.6335	0.7703061	1.802198	0.6346461	6.826734
3090	-8211.842	-8461.374	249.5327	0.8313751	1.641382	0.6033914	6.929339
3096	-8226.747	-8474.77	248.0236	0.7331077	1.626167	0.5881775	7.809137
3102	-8218.634	-8466.416	247.7817	0.7713408	1.828185	0.6002104	7.837448
3108	-8209.647	-8458.402	248.7542	0.8097388	1.952252	0.5071781	7.332295
3114	-8213.522	-8462.043	248.5211	0.702579	1.980836	0.5047447	7.507786
3120	-8198.925	-8449.27	250.3447	0.8201403	1.647622	0.6037186	6.49414
3126	-8200.148	-8448.846	248.6973	0.8214125	1.668029	0.6046647	7.373055
3132	-8198.343	-8448.126	249.7832	0.8214125	1.67511	0.6253618	6.770269
3138	-8203.771	-8453.607	249.8355	0.7991984	1.580836	0.5846324	6.820907
3144	-8195.927	-8445.234	249.3067	0.8447377	1.854077	0.6254111	6.952176
3150	-8195.172	-8445.363	250.1914	0.7946855	1.677359	0.5278789	6.642247
3156	-8191.43	-8440.894	249.4647	0.8702036	1.880784	0.5278789	6.923065
3162	-8208.822	-8455.774	246.952	0.7450058	1.655209	0.5203729	8.41879
3168	-8204.296	-8451.778	247.4821	0.7589008	1.666113	0.6262827	8.040451
3174	-8201.407	-8452.212	250.8043	0.9586816	1.982178	0.6275144	6.035346
3180	-8198.497	-8447.861	249.3645	0.7834915	1.595581	0.5739085	7.086161
3186	-8209.623	-8458.756	249.1334	0.713613	1.484861	0.6858174	7.206179
3192	-8211.779	-8459.805	248.0263	0.7587571	1.513801	0.6757807	7.770905
3198	-8206.512	-8455.175	248.663	0.783684	1.767175	0.5068629	7.45716
3204	-8212.325	-8460.486	248.1601	0.862642	1.696993	0.5898581	7.639873
3210	-8208.191	-8458.035	249.8444	0.8855743	1.697867	0.612168	6.704471
3216	-8204.028	-8453.748	249.7207	0.8511344	1.45072	0.7174817	6.807509
3222	-8203.043	-8452.498	249.4544	0.8696858	1.722272	0.7174817	6.837972
3228	-8206.395	-8456.765	250.3707	0.8939954	1.554453	0.7846668	6.346402
3234	-8201.742	-8452.57	250.8274	0.8853119	1.897458	0.6036379	6.109071
3240	-8197.146	-8447	249.8534	0.9236382	1.695116	0.5621237	6.719978
3246	-8195.822	-8446.548	250.7258	0.9154314	1.804662	0.5648882	6.210701
3252	-8202.102	-8453.245	251.1436	0.8096973	1.518241	0.5585138	6.152079
3258	-8203.002	-8452.99	249.9871	0.8547363	1.758607	0.6202498	6.616194
3264	-8201.049	-8451.314	250.2653	0.858005	1.530182	0.5364586	6.616194
3270	-8200.379	-8450.18	249.8013	0.8691392	1.832509	0.6410619	6.667526
3276	-8193.671	-8443.309	249.6373	0.806512	1.534833	0.5787219	6.946268
3282	-8194.276	-8444.528	250.2513	0.7833842	1.495747	0.5816764	6.640305
3288	-8187.555	-8437.016	249.4608	0.7894876	1.544752	0.5790836	7.046327
3294	-8189.025	-8437.594	248.5695	0.7219898	1.680625	0.6325467	7.469052
3300	-8180.888	-8429.668	248.7802	0.7702564	1.597199	0.6224321	7.368536
3306	-8187.133	-8436.214	249.0804	0.8067614	1.551574	0.5575635	7.256394
3312	-8186.688	-8437.442	250.754	0.8932147	1.340961	0.5760544	6.377414
3318	-8189.933	-8440.354	250.4213	0.8757503	1.875912	0.6377439	6.315953
3324	-8191.79	-8442.509	250.7193	0.9279539	1.571366	0.5368659	6.315953
3330	-8193.615	-8444.488	250.8722	0.9403119	1.624891	0.6577684	6.109701
3336	-8198.934	-8448.875	249.941	0.8007091	1.639611	0.6325089	6.703857
3342	-8207.014	-8456.003	248.9893	0.8220247	1.639611	0.5899622	7.237922
3348	-8211.492	-8461.412	249.9195	0.8353484	1.577634	0.6195933	6.72987
3354	-8202.527	-8452.174	249.6472	0.8671601	1.517249	0.5724007	6.920207
3360	-8203.466	-8454.177	250.7115	0.9410738	1.859214	0.5623502	6.187952
3366	-8197.494	-8447.947	250.4528	0.8532419	1.620653	0.6187812	6.41593
3372	-8200.209	-8449.037	248.8287	0.781534	1.531461	0.6191628	7.36402
3378	-8197.604	-8445.939	248.3357	0.7858607	1.610642	0.5676196	7.636237
3384	-8189.171	-8438.887	249.7152	0.8177896	1.756325	0.6419206	6.767471
3390	-8191.697	-8442.275	250.5775	0.8462701	1.928881	0.6304108	6.235119
3396	-8201.081	-8451.203	250.1223	0.9345352	1.719675	0.6117463	6.520159
3402	-8193.255	-8442.142	248.8871	0.8903057	1.63581	0.7026679	7.173937
3408	-8182.719	-8432.333	249.6135	0.8362179	1.668711	0.6862643	6.811348
3414	-8184.432	-8432.712	248.2799	0.810893	1.739952	0.5641401	7.608852
3420	-8191.689	-8439.963	248.2734	0.8193749	1.739952	0.5628287	7.608852
3426	-8188.796	-8437.653	248.857	0.7943499	1.699169	0.6255859	7.274628
3432	-8200.996	-8449.772	248.7759	0.815422	1.631821	0.7125754	7.268515
3438	-8199.63	-8448.52	248.8895	0.8017798	1.491447	0.7125754	7.268515
3444	-8198.562	-8446.524	247.9617	0.7425204	1.63509	0.5738342	7.845271
3450	-8199.597	-8448.565	248.9681	0.7597877	1.633566	0.5556752	7.312589
3456	-8196.219	-8445.958	249.7384	0.7249317	1.500376	0.5100873	7.006871
3462	-8190.687	-8440.74	250.053	0.8954179	1.709984	0.5184999	6.658949
3468	-8194.14	-8443.93	249.7898	0.8611874	1.564455	0.5868937	6.816568
3474	-8201.958	-8452.066	250.1081	0.8611874	1.58712	0.5868937	6.635967
3480	-8198.232	-8449.405	251.1729	0.9154969	1.704209	0.5868937	5.984739
3486	-8197.302	-8448.364	251.0615	0.9016626	1.606581	0.5986877	6.079842
3492	-8196.75	-8447.667	250.9171	0.9008763	1.904299	0.5659771	6.079842
3498	-8207.509	-8456.966	249.4567	0.8146765	1.900484	0.5568454	6.92643
3504	-8209.074	-8459.052	249.9784	0.8738292	1.683684	0.679755	6.593091
3510	-8210.045	-8460.597	250.5522	0.9026448	1.642804	0.5888518	6.350471
3516	-8197.308	-8448.082	250.7736	0.9235371	1.719072	0.5486679	6.223993
3522	-8202.132	-8451.796	249.6642	0.9046088	1.643377	0.5399765	6.869686
3528	-8203.583	-8453.699	250.1161	0.9046088	1.708086	0.5399765	6.602072
3534	-8214.021	-8465.532	251.5104	0.8652702	1.653393	0.6784879	5.776328
3540	-8204.403	-8455.352	250.9493	0.8387429	1.366997	0.6445238	6.236297
3546	-8196.419	-8444.208	247.7891	0.7505906	1.833594	0.683663	7.780958
3552	-8196.041	-8444.993	248.9515	0.7625681	1.51281	0.683663	7.268101
3558	-8194.597	-8445.78	251.1834	0.8686658	1.618772	0.600618	6.025236
3564	-8195.646	-8445.858	250.2118	0.9555711	1.661307	0.6367076	6.462356
3570	-8207.371	-8456.795	249.4233	0.8654217	1.63593	0.5840936	6.987192
3576	-8204.702	-8453.123	248.421	0.7524926	1.608161	0.6204762	7.56792
3582	-8217.359	-8467.404	250.0447	0.8538946	1.636005	0.466427	6.759866
3588	-8208.97	-8458.039	249.0695	0.7648579	1.574641	0.5255737	7.302779
3594	-8196.027	-8445.473	249.446	0.8667818	1.879726	0.5295813	6.933905
3600	-8190.29	-8440.302	250.0122	0.8375433	1.621591	0.5927453	6.682953
3606	-8198.962	-8448.935	249.973	0.7932295	1.764396	0.5838771	6.683533
3612	-8200.959	-8451.555	250.5958	0.8623417	1.401471	0.5552919	6.471207
3618	-8210.353	-8459.527	249.1737	0.8489458	1.334576	0.6326264	7.212889
3624	-8192.886	-8441.67	248.7847	0.8700785	1.404909	0.5666395	7.432124
3630	-8195.742	-8444.447	248.7047	0.749687	1.786105	0.5418479	7.416474
3636	-8190.014	-8438.695	248.6819	0.751212	1.72739	0.4952371	7.488586
3642	-8204.272	-8453.161	248.8888	0.7459209	1.580156	0.584733	7.359015
3648	-8205.101	-8453.954	248.8537	0.7689579	1.580156	0.5929605	7.359015
3654	-8205.811	-8454.747	248.936	0.7210231	1.622599	0.6136323	7.308598
3660	-8213.936	-8463.423	249.4868	0.7811068	1.661507	0.5892712	6.984846
3666	-8202.005	-8450.711	248.7058	0.773336	1.661507	0.7526479	7.290761
3672	-8198.304	-8447.368	249.0643	0.6696112	1.67047	0.6213879	7.243817
3678	-8215.823	-8462.809	246.9856	0.7602095	1.80139	0.7017731	8.202605
3684	-8219.987	-8467.544	247.5567	0.7936821	1.844224	0.684989	7.877556
3690	-8200.799	-8449.497	248.6983	0.7916502	1.524909	0.5956265	7.449256
3696	-8205.288	-8454.535	249.2471	0.7742675	1.524909	0.5806802	7.17583
3702	-8204.89	-8454.182	249.2925	0.8109803	1.600943	0.5511761	7.126668
3708	-8196.585	-8446.193	249.6074	0.8109803	1.637108	0.6574806	6.860692
3714	-8203.189	-8452.306	249.1166	0.7413279	1.501373	0.5124191	7.329852
3720	-8202.422	-8452.178	249.7554	0.7413279	1.481369	0.6895639	6.855174
3726	-8202.519	-8452.321	249.8028	0.7709669	1.432967	0.672549	6.845434
3732	-8194.549	-8444.636	250.0873	0.8701177	1.635849	0.6782875	6.554818
3738	-8192.723	-8441.762	249.0392	0.8158028	1.650639	0.6203333	7.186812
3744	-8196.259	-8445.93	249.6708	0.8057445	1.626914	0.6491101	6.839268
3750	-8191.114	-8440.526	249.4126	0.7828582	1.491647	0.5732908	7.101271
3756	-8204.9	-8452.466	247.5658	0.7825006	1.779264	0.6957633	7.893111
3762	-8206.522	-8455.812	249.2897	0.7666889	1.495056	0.5655399	7.18098
3768	-8209.783	-8457.975	248.1923	0.7262578	1.438937	0.5930636	7.791091
3774	-8207.419	-8456.944	249.5251	0.7455879	1.587437	0.6546917	6.960965
3780	-8201.915	-8450.317	248.4017	0.8497326	1.696267	0.5439831	7.554918
3786	-8190.251	-8438.81	248.5592	0.7950543	1.553942	0.6155507	7.495318
3792	-8204.56	-8453.504	248.9446	0.788946	1.560917	0.6368671	7.273131
3798	-8214.837	-8462.939	248.1021	0.8177044	1.757452	0.598525	7.66687
3804	-8209.922	-8458.378	248.4558	0.8396129	1.473961	0.645729	7.535393
3810	-8206.398	-8454.965	248.5669	0.7986875	1.464538	0.5346754	7.589197
3816	-8199.927	-8449.919	249.9919	0.8133223	1.40721	0.6752759	6.729164
3822	-8196.876	-8446.318	249.4428	0.8484832	1.44284	0.6099673	7.040366
3828	-8206.982	-8456.314	249.3318	0.8182448	1.444387	0.6705996	7.070422
3834	-8213.109	-8463.136	250.0272	0.810066	1.355644	0.5910886	6.79729
3840	-8213.951	-8463.128	249.1772	0.7943359	1.926303	0.5271556	7.104417
3846	-8207.447	-8456.665	249.2175	0.813612	1.780809	0.5431003	7.107592
3852	-8216.189	-8464.024	247.8349	0.7602004	1.633716	0.5577396	7.917058
3858	-8214.358	-8462.643	248.2851	0.774227	1.485921	0.5993677	7.692122
3864	-8209.946	-8460.029	250.0831	0.7898063	1.573614	0.537069	6.734242
3870	-8210.051	-8459.226	249.1756	0.7475307	1.6612	0.616354	7.149371
3876	-8212.758	-8461.913	249.1554	0.8599034	1.621201	0.5721137	7.149371
3882	-8205.571	-8455.024	249.4533	0.7996866	1.576053	0.6242819	6.997573
3888	-8206.213	-8455.187	248.9733	0.8362768	1.702158	0.5476004	7.250501
3894	-8207.486	-8457.075	249.5887	0.8216285	1.555058	0.5260156	7.000224
3900	-8204	-8454.194	250.194	0.8585921	2.054698	0.5260156	6.481021
3906	-8195.17	-8444.758	249.5884	0.803523	1.587388	0.5466873	6.980324
3912	-8208.056	-8457.614	249.5576	0.7339844	1.473076	0.5609343	7.067024
3918	-8215.069	-8463.341	248.2717	0.7271634	1.638307	0.6751842	7.60993
3924	-8214.314	-8462.422	248.108	0.801387	1.566719	0.6674827	7.690068
3930	-8200.181	-8448.192	248.0106	0.7346197	1.671735	0.4844178	7.886053
3936	-8192.574	-8441.8	249.2264	0.8524942	1.686505	0.5309566	7.125455
3942	-8193.71	-8443.776	250.0657	0.8226018	1.836975	0.5821202	6.593964
3948	-8185.494	-8435.077	249.5833	0.7580441	1.566867	0.5821202	6.986353
3954	-8203.362	-8453.071	249.7087	0.8534474	1.497918	0.6662232	6.830055
3960	-8200.941	-8448.84	247.8987	0.7786639	1.832795	0.6285169	7.747837
3966	-8195.792	-8444.819	249.0272	0.8245221	1.56428	0.5635304	7.265669
3972	-8192.71	-8441.579	248.8688	0.7774128	1.452238	0.6148834	7.379345
3978	-8204.578	-8454.281	249.7037	0.8118933	1.36854	0.5719511	6.980529
3984	-8214.465	-8463.744	249.2789	0.8118933	1.530151	0.7629191	7.004558
3990	-8213.199	-8463.082	249.883	0.9323498	1.769378	0.5845247	6.654729
3996	-8206.678	-8456.223	249.5455	0.8243884	1.473917	0.6081211	6.986904
4002	-8203.213	-8453.701	250.4883	0.8132334	1.667074	0.6286431	6.393627
4008	-8209.606	-8458.668	249.0628	0.9217127	1.591642	0.5139028	7.225832
4014	-8217.657	-8467.616	249.9587	0.8989707	1.883895	0.6371427	6.551968
4020	-8208.683	-8458.051	249.3681	0.8853298	1.55814	0.490785	7.114501
4026	-8206.812	-8456.763	249.9507	0.9093789	1.777027	0.5837586	6.628506
4032	-8204.611	-8454.109	249.4982	0.8888559	1.609437	0.5974237	6.933506
4038	-8200.647	-8450.261	249.614	0.7927904	1.786671	0.5956734	6.860503
4044	-8206.03	-8454.763	248.7324	0.7449949	1.985311	0.6022368	7.28971
4050	-8230.295	-8479.376	249.0816	0.7183307	1.548198	0.6085595	7.263895
4056	-8219.367	-8468.301	248.9337	0.7398696	1.623483	0.5881572	7.319256
4062	-8221.537	-8470.367	248.8301	0.7398696	1.792572	0.5967018	7.307859
4068	-8215.304	-8463.898	248.5944	0.7560699	1.792572	0.6311814	7.399139
4074	-8210.01	-8459.324	249.3132	0.7594964	1.754234	0.6174522	7.034844
4080	-8205.335	-8454.765	249.4293	0.8896263	1.93688	0.5846743	6.8663
4086	-8210.151	-8459.322	249.1713	0.8896263	1.608595	0.6184113	7.093111
4092	-8202.552	-8453.097	250.5447	0.8256242	1.837838	0.6407121	6.286773
4098	-8192.203	-8441.067	248.864	0.8800305	1.613668	0.5771904	7.293788
4104	-8192.786	-8441.746	248.9604	0.7970547	1.744124	0.5771904	7.239456
4110	-8204.645	-8452.269	247.6237	0.8604409	1.998348	0.6552049	7.777631
4116	-8199.027	-8447.467	248.4397	0.7729523	1.998348	0.6020747	7.4277
4122	-8199.385	-8448.16	248.775	0.7210324	1.640916	0.5775358	7.416478
4128	-8211.776	-8460.737	248.9609	0.7286861	1.964602	0.5775358	7.201828
4134	-8202.135	-8450.835	248.7001	0.7965318	1.990523	0.6035905	7.276681
4140	-8209.433	-8458.342	248.9092	0.7591885	1.962502	0.5013185	7.278141
4146	-8207.265	-8455.59	248.3257	0.7670071	1.80683	0.6398231	7.525952
4152	-8200.429	-8450.534	250.1052	0.8210729	1.633957	0.627646	6.609882
4158	-8197.729	-8446.675	248.9466	0.7684783	1.674614	0.627646	7.247694
4164	-8193.336	-8442.233	248.8977	0.7719815	1.674614	0.6548893	7.251801
4170	-8192.389	-8441.777	249.3879	0.8465307	1.472114	0.7080578	6.987232
4176	-8192.542	-8443.27	250.7274	0.8465307	1.594678	0.6835867	6.232062
4182	-8195.273	-8444.642	249.3689	0.7438103	1.825453	0.6234273	6.984191
4188	-8188.82	-8437.907	249.0874	0.7717661	1.608602	0.5633563	7.245062
4194	-8189.238	-8438.062	248.8241	0.7374716	1.785148	0.5692772	7.336726
4200	-8190.778	-8439.117	248.3389	0.7336974	1.60818	0.5941124	7.64222
4206	-8200.071	-8448.162	248.091	0.7336974	1.636034	0.4576196	7.881223
4212	-8196.38	-8444.319	247.9388	0.7771393	1.618069	0.5522746	7.862779
4218	-8188.35	-8437.403	249.053	0.7654913	1.633013	0.6545516	7.18732
4224	-8194.754	-8443.643	248.8886	0.8054645	1.96843	0.6952156	7.109876
4230	-8198.213	-8448.904	250.691	0.8238482	1.643922	0.5326912	6.363981
4236	-8198.639	-8448.408	249.7686	0.8238482	2.073546	0.4456609	6.797417
4242	-8192.078	-8441.9	249.8223	0.8165228	1.488562	0.6711284	6.788854
4248	-8192.212	-8441.695	249.4832	0.8409243	1.565947	0.5662118	7.008828
4254	-8193.835	-8443.05	249.2151	0.7545904	1.638132	0.5662118	7.172426
4260	-8212.362	-8463.136	250.7748	0.7984848	1.832804	0.615647	6.197363
4266	-8215.137	-8464.369	249.2324	0.7984848	1.881629	0.5687195	7.052422
4272	-8217.4	-8466.785	249.3852	0.8343373	1.671696	0.6386699	6.969113
4278	-8203.48	-8451.25	247.77	0.7646701	1.671696	0.5690587	7.926338
4284	-8189.052	-8438.871	249.8191	0.839367	1.655499	0.5652537	6.795854
4290	-8194.044	-8443.614	249.5705	0.869028	1.71109	0.5643828	6.894543
4296	-8195.702	-8444.795	249.0927	0.7880444	1.551865	0.5421676	7.272492
4302	-8194.165	-8443.014	248.8492	0.7763557	1.983161	0.5830858	7.225881
4308	-8196.376	-8445.165	248.7886	0.8625234	1.891517	0.6033047	7.225881
4314	-8209.565	-8459.266	249.7006	0.7840659	1.453477	0.5461582	6.983238
4320	-8201.197	-8450.644	249.4466	0.8001451	1.75202	0.5652046	6.983238
4326	-8200.758	-8450.222	249.4643	0.8535737	1.709028	0.53741	6.983238
4332	-8200.789	-8449.232	248.4433	0.7458518	2.22836	0.5378752	7.422949
4338	-8192.807	-8441.581	248.7743	0.8002968	1.920755	0.5098263	7.334421
4344	-8184.555	-8434.105	249.5497	0.8236413	1.920755	0.5686515	6.855139
4350	-8190.296	-8439.728	249.4321	0.8236413	1.67199	0.6374645	6.95041
4356	-8193.545	-8444.032	250.4865	0.7613426	1.566815	0.6324643	6.457495
4362	-8196.189	-8445.876	249.6871	0.7647837	1.730886	0.6324643	6.827282
4368	-8208.567	-8458.488	249.9201	0.7647837	1.386167	0.6324643	6.834532
4374	-8208.418	-8459.627	251.2088	0.8848927	1.386167	0.5912318	6.103105
4380	-8236.844	-8486.996	250.1526	0.8574513	1.856049	0.6294724	6.484578
4386	-8224.648	-8473.671	249.0225	0.8125297	1.711728	0.585989	7.202186
4392	-8199.644	-8448.895	249.2505	0.8136132	1.598521	0.603641	7.106586
4398	-8196.043	-8445.743	249.6996	0.7672755	1.598521	0.6326008	6.867498
4404	-8204.006	-8452.959	248.9527	0.7914206	1.751357	0.5273573	7.285356
4410	-8198.795	-8447.503	248.7079	0.7563453	1.496061	0.5286592	7.528977
4416	-8203.699	-8451.779	248.0797	0.7439968	1.413769	0.654266	7.805794
4422	-8197.265	-8447.269	250.0033	0.7917281	1.571847	0.5518775	6.764528
4428	-8195.988	-8445.003	249.0148	0.8557176	1.401304	0.6453276	7.256872
4434	-8174.462	-8423.853	249.3914	0.7898591	1.65171	0.6663815	6.976619
4440	-8192.459	-8440.898	248.4384	0.7903822	1.648949	0.6376901	7.510285
4446	-8186.928	-8435.838	248.9103	0.7696592	1.721258	0.5859679	7.282136
4452	-8192.485	-8441.902	249.4173	0.7388243	1.448354	0.7243731	7.027785
4458	-8196.617	-8445.682	249.0655	0.7388243	1.535883	0.5958082	7.27618
4464	-8187.059	-8436.535	249.4759	0.7388243	1.596757	0.539514	7.078189
4470	-8187.588	-8438.579	250.9909	0.8060841	1.403675	0.6379056	6.22084
4476	-8193.341	-8442.757	249.4155	0.7605404	1.492802	0.6186968	7.075554
4482	-8190.375	-8440.273	249.8973	0.824013	1.579615	0.6430062	6.729524
4488	-8190.307	-8440.778	250.4707	0.8106956	1.679317	0.5974563	6.424247
4494	-8195.806	-8445.949	250.1438	0.8106956	1.805032	0.4965697	6.641712
4500	-8203.107	-8453.121	250.0131	0.8106956	1.628871	0.4911069	6.780182
4506	-8201.2	-8449.249	248.049	0.7410399	1.563674	0.5571494	7.839607
4512	-8196.295	-8444.544	248.2493	0.7874751	1.705146	0.5855744	7.632885
4518	-8196.736	-8445.731	248.9953	0.7604155	1.59168	0.6050153	7.273811
4524	-8194.308	-8443.442	249.1339	0.7796632	1.431733	0.6050153	7.251799
4530	-8197.21	-8446.009	248.7995	0.7884985	1.431733	0.529844	7.487454
4536	-8211.032	-8460.454	249.4222	0.8319821	1.578051	0.6165617	7.002034
4542	-8204.637	-8453.629	248.9926	0.801475	1.404048	0.6605736	7.285588
4548	-8204.958	-8455.196	250.2384	0.8592784	1.6261	0.5080173	6.61814
4554	-8200.548	-8450.338	249.7906	0.8150164	1.825842	0.6320208	6.711642
4560	-8207.372	-8455.913	248.5413	0.7239361	1.49941	0.5502818	7.616063
4566	-8202.564	-8452.21	249.6455	0.7435144	1.707783	0.58929	6.90284
4572	-8211.267	-8460.006	248.7384	0.7640604	1.707783	0.58929	7.37953
4578	-8203.335	-8452.756	249.4217	0.7720768	1.707783	0.58929	7.008044
4584	-8199.416	-8448.527	249.1109	0.7980781	1.728997	0.5572968	7.179558
4590	-8191.465	-8440.964	249.4982	0.7980781	1.852934	0.5360341	6.946224
4596	-8191.377	-8439.532	248.155	0.6839853	1.774811	0.5456051	7.746669
4602	-8197.286	-8446.447	249.1612	0.7761627	1.499341	0.5746354	7.235839
4608	-8188.661	-8437.489	248.8285	0.7343386	1.638631	0.5567331	7.398413
4614	-8184.484	-8434.938	250.4543	0.8459588	1.66826	0.614591	6.404659
4620	-8187.559	-8437.016	249.4568	0.783448	1.850887	0.5919467	6.931332
4626	-8186.845	-8437.694	250.8493	0.8554569	1.726817	0.5811169	6.190276
4632	-8192.311	-8443.766	251.4549	0.8621444	1.453841	0.5763178	5.965104
4638	-8190.201	-8438.945	248.7438	0.7931837	1.497909	0.5306429	7.487604
4644	-8197.482	-8446.45	248.968	0.7931837	1.421632	0.5350764	7.394331
4650	-8201.046	-8450.934	249.888	0.7592148	1.640304	0.6796317	6.719942
4656	-8192.744	-8441.92	249.1768	0.7219781	1.579677	0.6661372	7.155677
4662	-8188.836	-8438.438	249.6021	0.7526394	1.574656	0.6042054	6.958753
4668	-8185.081	-8434.873	249.7929	0.788612	1.403979	0.621196	6.891359
4674	-8188.602	-8438.436	249.8342	0.8098363	1.500801	0.5525421	6.873077
4680	-8197.055	-8447.055	250	0.8098363	1.747454	0.575707	6.672506
4686	-8196.808	-8446.552	249.7431	0.7523969	1.376423	0.6389924	6.935814
4692	-8199.432	-8448.695	249.2632	0.7523969	1.885088	0.4865746	7.129966
4698	-8193.266	-8443.002	249.7363	0.8514176	1.62619	0.5008111	6.899841
4704	-8192.057	-8442.112	250.0557	0.7760314	1.784419	0.5743578	6.648817
4710	-8189.241	-8439.941	250.7	0.8550226	1.672101	0.6674502	6.225116
4716	-8192.457	-8442.329	249.8724	0.8413022	1.696846	0.5714951	6.745922
4722	-8191.993	-8443.849	251.8555	0.8413022	1.685412	0.5743909	5.669018
4728	-8177.221	-8427.682	250.4604	0.8778635	1.635376	0.6440398	6.373749
4734	-8184.232	-8435.36	251.1277	0.8541318	1.565424	0.6440398	6.050385
4740	-8188.499	-8439.07	250.5715	0.8940399	1.773241	0.6444221	6.25454
4746	-8188.018	-8439.061	251.0432	0.8282046	1.773241	0.5825511	6.081919
4752	-8188.054	-8438.211	250.157	0.822237	1.434911	0.5825511	6.694178
4758	-8188.734	-8438.791	250.0574	0.8103913	1.462918	0.645667	6.694178
4764	-8181.066	-8431.854	250.7874	0.7948312	1.458244	0.4997935	6.428413
4770	-8185.113	-8435.573	250.4601	0.8267037	1.510652	0.6217935	6.466433
4776	-8199.875	-8449.517	249.6415	0.8267037	1.293828	0.538463	7.066128
4782	-8200.459	-8450.041	249.5824	0.84443	1.558682	0.6167389	6.916321
4788	-8203.192	-8452.272	249.0807	0.8354092	1.558682	0.6115575	7.195135
4794	-8197.522	-8447.814	250.292	0.7893543	1.558682	0.5977389	6.577664
4800	-8214.56	-8463.753	249.1932	0.8201203	1.595922	0.5559791	7.173049
4806	-8207.958	-8456.331	248.3737	0.832711	1.794574	0.5590024	7.532246
4812	-8208.628	-8457.416	248.788	0.8378039	1.913567	0.4340863	7.37933
4818	-8209.06	-8459.777	250.7165	0.8324104	1.51394	0.6359606	6.312132
4824	-8189.935	-8439.7	249.7657	0.8332339	1.488569	0.5843496	6.876332
4830	-8184.459	-8434.324	249.8645	0.8246542	1.610255	0.6192402	6.753314
4836	-8188.951	-8440.018	251.0665	0.9426077	1.610255	0.5309503	6.109413
4842	-8189.209	-8439.762	250.5532	0.8733104	1.685588	0.5574859	6.375701
4848	-8191.215	-8441.881	250.6653	0.8565074	1.692999	0.6185795	6.272288
4854	-8193.009	-8441.77	248.7611	0.7763587	1.53551	0.6185795	7.401921
4860	-8186.906	-8437.322	250.4164	0.8645725	1.550381	0.5576329	6.505216
4866	-8195.961	-8446.057	250.0958	0.883346	1.491061	0.626159	6.637384
4872	-8205.411	-8455.368	249.9573	0.9718548	1.522584	0.6454681	6.637384
4878	-8194.159	-8444.217	250.0584	0.837157	1.55452	0.6532157	6.637384
4884	-8197.48	-8447.146	249.6651	0.8782872	1.852575	0.5952516	6.764643
4890	-8209.645	-8458.524	248.8781	0.8093047	1.77893	0.5765133	7.265491
4896	-8205.57	-8453.851	248.2809	0.8118621	1.899549	0.59321	7.530561
4902	-8200.037	-8448.742	248.705	0.7456653	1.605721	0.59321	7.441438
4908	-8205.933	-8454.574	248.6412	0.7763964	1.741175	0.5543272	7.441438
4914	-8197.224	-8445.348	248.1238	0.7794705	1.68894	0.643514	7.665732
4920	-8202.426	-8450.642	248.2159	0.7886604	1.65069	0.5497927	7.698652
4926	-8212.169	-8460.34	248.1717	0.7859653	1.6507	0.580714	7.698652
4932	-8200.586	-8449.552	248.9657	0.7497325	1.778087	0.5269897	7.291766
4938	-8196.813	-8446.396	249.5838	0.7869671	1.898506	0.5196821	6.904975
4944	-8198.032	-8446.685	248.6532	0.7607404	1.616169	0.5487995	7.493073
4950	-8201.014	-8450.469	249.4552	0.8013735	1.7423	0.5791398	6.970066
4956	-8209.011	-8458.621	249.61	0.7961318	1.625062	0.5684203	6.940588
4962	-8216.291	-8465.171	248.8794	0.7611384	1.369947	0.6819467	7.366832
4968	-8219.791	-8468.287	248.4965	0.7704201	1.947603	0.5143116	7.486846
4974	-8215.112	-8464.326	249.214	0.7709921	1.48017	0.6137954	7.18706
4980	-8215.445	-8464.245	248.8005	0.8211309	1.736667	0.6446043	7.263
4986	-8199.08	-8449.382	250.302	0.8971259	1.620979	0.5395554	6.537808
4992	-8207.552	-8457.145	249.5927	0.804255	1.661014	0.5725033	6.928964
4998	-8198.806	-8449.087	250.2805	0.8760205	1.689753	0.5371497	6.537601
5004	-8199.423	-8449.191	249.7681	0.8137403	1.654795	0.5318828	6.865335
5010	-8195.337	-8444.29	248.9538	0.7622958	1.958891	0.6004909	7.171238
5016	-8208.293	-8458.198	249.9046	0.8483555	1.702233	0.7734589	6.575846
5022	-8199.662	-8449.969	250.3072	0.8963256	1.757963	0.549063	6.477732
5028	-8208.323	-8459.031	250.7082	0.9016252	1.757963	0.5754658	6.23542
5034	-8199.008	-8448.52	249.5117	0.8787924	1.528196	0.5594197	6.993255
5040	-8209.489	-8459.258	249.7694	0.899018	1.405519	0.6182853	6.846115
5046	-8209.377	-8459.17	249.7929	0.8388912	1.417754	0.6011141	6.874064
5052	-8210.679	-8459.549	248.8698	0.804671	1.553169	0.6828542	7.274299
5058	-8210.657	-8460.255	249.5981	0.8642935	1.713593	0.6218664	6.83584
5064	-8203.033	-8452.923	249.8902	0.7931162	1.694023	0.6617515	6.693731
5070	-8196.968	-8447.535	250.5671	0.9460195	1.795801	0.6019456	6.253488
5076	-8200.338	-8451.232	250.8943	0.9460195	1.686617	0.6647146	6.066527
5082	-8201.332	-8451.242	249.9105	0.8540342	1.902058	0.6647146	6.575891
5088	-8207.856	-8457.36	249.5038	0.8540342	1.830754	0.5600021	6.90053
5094	-8209.797	-8458.229	248.4314	0.8191962	1.942209	0.6005993	7.426408
5100	-8201.312	-8449.419	248.1072	0.7860914	1.841417	0.5357744	7.703276
5106	-8192.994	-8442.09	249.0968	0.7606677	1.772542	0.6253984	7.138204
5112	-8216.004	-8466.043	250.0398	0.8441339	1.541668	0.6253984	6.669522
5118	-8203.56	-8452.225	248.665	0.8081023	1.736763	0.5075493	7.452971
5124	-8203.994	-8451.916	247.9221	0.7480288	1.816518	0.5484105	7.820313
5130	-8196.399	-8445.245	248.8461	0.7740139	1.724341	0.60024	7.301911
5136	-8207.084	-8457.447	250.3624	0.8400146	1.653201	0.6380879	6.445326
5142	-8215.976	-8465.686	249.7092	0.9316778	1.792859	0.6137658	6.7179
5148	-8194.351	-8445.013	250.6626	0.8496636	1.828903	0.6229107	6.226241
5154	-8197.353	-8447.98	250.6272	0.8670505	1.558619	0.499315	6.436728
5160	-8219.597	-8468.601	249.0034	0.7959872	1.590805	0.5277533	7.313583
5166	-8207.115	-8456.991	249.8767	0.8193452	1.823456	0.5883468	6.697528
5172	-8203.466	-8452.492	249.0265	0.80451	1.589486	0.5455006	7.282088
5178	-8205.246	-8454.105	248.8595	0.7314977	1.482052	0.7331768	7.311975
5184	-8197.108	-8447.97	250.8619	0.8353185	1.506031	0.603836	6.259477
5190	-8194.476	-8444.979	250.5034	0.8513483	1.534197	0.5744694	6.4577
5196	-8201.312	-8450.672	249.3603	0.7897915	1.534197	0.6309524	7.063981
5202	-8208.215	-8457.368	249.1525	0.7565746	1.518246	0.6703373	7.170743
5208	-8205.977	-8454.721	248.7444	0.7586903	1.691764	0.7112479	7.294972
5214	-8215.29	-8464.179	248.8884	0.8347836	1.738826	0.6448447	7.207544
5220	-8210.816	-8459.843	249.0273	0.892571	1.663926	0.6327334	7.137674
5226	-8215.074	-8463.089	248.0144	0.7567322	1.603171	0.6336957	7.775014
5232	-8213.192	-8461.612	248.4194	0.7243976	1.497568	0.7734823	7.518957
5238	-8215.88	-8464.427	248.5466	0.7263164	1.469973	0.5994627	7.584109
5244	-8212.281	-8460.83	248.5483	0.7263164	1.226145	0.6718125	7.633369
5250	-8211.214	-8460.463	249.2489	0.7988397	1.236238	0.6266516	7.247627
5256	-8202.318	-8451.833	249.5157	0.8064691	1.470996	0.7184149	6.933297
5262	-8199.885	-8449.164	249.2793	0.8895387	1.62411	0.5157259	7.113031
5268	-8193.992	-8443.372	249.38	0.8402905	1.62411	0.5609918	7.047059
5274	-8187.479	-8437.582	250.1026	0.8054348	1.43315	0.5010701	6.802191
5280	-8192.337	-8442.103	249.7658	0.8338461	1.681717	0.5848454	6.802191
5286	-8195.671	-8444.495	248.8245	0.7964548	1.530016	0.5848454	7.385511
5292	-8208.785	-8458.175	249.3901	0.7948871	1.561772	0.5533031	7.095943
5298	-8202.898	-8452.476	249.578	0.7948871	1.837092	0.5228043	6.92162
5304	-8202.461	-8451.989	249.5274	0.8504669	2.038017	0.5756604	6.809566
5310	-8187.043	-8437.537	250.4943	0.8349946	1.696759	0.5727379	6.411775
5316	-8188.569	-8437.782	249.2123	0.8052791	1.589664	0.5669193	7.164146
5322	-8193.989	-8443.664	249.6749	0.8052791	1.589664	0.5816657	6.903265
5328	-8193.003	-8442.111	249.108	0.803795	1.908988	0.5655094	7.110088
5334	-8190.596	-8439.171	248.575	0.8146711	1.702778	0.557567	7.467326
5340	-8192.326	-8441.308	248.9824	0.8223218	1.567707	0.5966092	7.263155
5346	-8192.406	-8443.037	250.6304	0.8590831	1.86211	0.6494038	6.207277
5352	-8187.066	-8437.857	250.7903	0.8754134	1.743238	0.5991085	6.191235
5358	-8187.723	-8437.438	249.7151	0.8382449	1.599391	0.5590362	6.878543
5364	-8188.252	-8437.706	249.4533	0.7883157	1.961722	0.5349988	6.940892
5370	-8180.349	-8429.244	248.8946	0.7643691	1.543555	0.5270987	7.407469
5376	-8189.527	-8438.43	248.9025	0.7810895	1.474128	0.5905691	7.369358
5382	-8202.476	-8450.916	248.4401	0.7549961	1.508248	0.679324	7.551202
5388	-8200.431	-8450.18	249.7488	0.7852589	1.349043	0.4956415	7.043881
5394	-8191.555	-8441.032	249.4768	0.7852589	1.686445	0.5574161	7.004729
5400	-8193.548	-8442.775	249.2272	0.7613488	1.712335	0.5443901	7.153382
5406	-8195.418	-8445.306	249.8888	0.7264695	1.847664	0.6612879	6.677272
5412	-8201.4	-8450.268	248.8682	0.7853973	1.802509	0.6076976	7.25098
5418	-8198.982	-8448.41	249.4275	0.7921762	1.802509	0.5225221	7.01617
5424	-8197.22	-8446.318	249.0982	0.7720438	1.802509	0.588825	7.149354
5430	-8186.845	-8436.707	249.8616	0.8760041	1.551375	0.5928763	6.770102
5436	-8191.564	-8441.804	250.2395	0.7833265	1.561671	0.5544319	6.643187
5442	-8189.493	-8439	249.5069	0.7707119	1.48211	0.6614036	6.993225
5448	-8179.399	-8428.36	248.9611	0.7513716	1.458307	0.592045	7.359062
5454	-8184.99	-8433.384	248.3941	0.6807251	1.415957	0.6559053	7.669483
5460	-8182.963	-8432.577	249.6138	0.7701413	1.513491	0.5603804	7.001724
5466	-8189.644	-8438.359	248.7147	0.7425735	1.297048	0.6860498	7.493592
5472	-8194.263	-8442.649	248.3868	0.7425735	1.484965	0.602189	7.652872
5478	-8191.871	-8442.028	250.1562	0.7556755	1.617541	0.5899522	6.653108
5484	-8197.095	-8445.45	248.3558	0.7556755	1.592641	0.5899522	7.630542
5490	-8208.729	-8455.906	247.1772	0.7251962	1.736905	0.5899522	8.223605
5496	-8208.959	-8458.785	249.8255	0.7922879	1.816668	0.5899522	6.740849
5502	-8197.523	-8447.311	249.7885	0.7987244	1.565772	0.6060775	6.835348
5508	-8197.376	-8445.887	248.5104	0.791642	1.652517	0.6060775	7.49374
5514	-8212.033	-8462.663	250.6297	0.8457502	1.314222	0.511374	6.536914
5520	-8214.366	-8463.341	248.9758	0.7667653	1.551985	0.5853296	7.311417
5526	-8209.347	-8458.169	248.8222	0.8055199	1.663837	0.6107382	7.311417
5532	-8198.554	-8447.214	248.6599	0.7045701	1.359103	0.5676494	7.605967
5538	-8205.339	-8453.555	248.216	0.7158043	1.779185	0.6610337	7.605967
5544	-8199.624	-8449.368	249.7443	0.7644432	1.674484	0.6145265	6.830557
5550	-8193.762	-8442.785	249.0226	0.782534	1.732258	0.580894	7.215035
5556	-8182.906	-8431.521	248.6152	0.7400757	1.593466	0.5714791	7.51442
5562	-8191.148	-8439.978	248.8297	0.7754226	1.821509	0.5552396	7.312445
5568	-8199.176	-8447.913	248.7366	0.7754226	2.044683	0.5286581	7.312445
5574	-8194.649	-8443.614	248.9653	0.8221648	1.50244	0.5779791	7.312445
5580	-8210.323	-8459.715	249.3918	0.710722	1.818512	0.6355997	6.98284
5586	-8201.055	-8450.116	249.0613	0.7721807	1.610237	0.5586243	7.262155
5592	-8200.486	-8451.013	250.5267	0.9007721	1.699571	0.5491966	6.37698
5598	-8198.751	-8448.127	249.3756	0.7883168	1.680707	0.6030523	7.023053
5604	-8188.034	-8438.646	250.6117	0.8317822	1.460465	0.6248466	6.399248
5610	-8221.697	-8470.468	248.7711	0.7744592	1.566618	0.7007945	7.325705
5616	-8205.648	-8454.467	248.8198	0.7771441	1.734377	0.5757584	7.330207
5622	-8205.069	-8453.47	248.4009	0.7800606	1.587288	0.5808255	7.602595
5628	-8191.247	-8441.483	250.2357	0.8894054	1.806517	0.6459275	6.426694
5634	-8200.014	-8450.485	250.4716	0.861066	1.696748	0.5525094	6.426694
5640	-8200.775	-8451.229	250.4544	0.861066	1.582897	0.5397862	6.488999
5646	-8193.208	-8442.802	249.5941	0.7770109	1.688751	0.5367601	6.962406
5652	-8192.264	-8442.373	250.1093	0.8440596	1.672472	0.4568148	6.725961
5658	-8187.988	-8437.618	249.6302	0.8057052	1.672472	0.5966076	6.884511
5664	-8197.218	-8446.843	249.6249	0.8241395	1.653234	0.5966076	6.884511
5670	-8210.154	-8458.968	248.8135	0.8401526	1.770547	0.6500293	7.229971
5676	-8210.152	-8459.773	249.6211	0.7801551	1.385352	0.6521504	6.973042
5682	-8191.499	-8440.084	248.5855	0.7542981	1.833995	0.5280922	7.473246
5688	-8201.404	-8450.842	249.4383	0.7779777	1.621861	0.507574	7.095448
5694	-8206.28	-8454.757	248.4778	0.783602	1.709922	0.6626296	7.452527
5700	-8223.69	-8474.321	250.6315	0.8836355	1.587353	0.5862456	6.340681
5706	-8210.616	-8460.438	249.8223	0.8760496	1.570436	0.5862456	6.789244
5712	-8208.943	-8459.015	250.072	0.8869349	1.718859	0.6094235	6.575261
5718	-8206.483	-8455.846	249.3631	0.8260914	1.471688	0.5954482	7.094921
5724	-8207.784	-8456.644	248.86	0.7189914	1.348754	0.6105391	7.461639
5730	-8205.776	-8455.605	249.8286	0.8006622	1.745325	0.7523687	6.641326
5736	-8204.532	-8454.618	250.0862	0.8504678	1.528927	0.631564	6.641326
5742	-8205.083	-8454.986	249.9028	0.8555329	1.525377	0.5252147	6.824863
5748	-8209.393	-8459.892	250.4981	0.8156875	1.853841	0.5802422	6.359219
5754	-8199.631	-8449.09	249.4595	0.8483701	1.386979	0.5731249	7.083625
5760	-8210.936	-8459.799	248.8626	0.8243663	1.700851	0.6235128	7.256464
5766	-8213.392	-8462.478	249.0867	0.8101886	1.985236	0.6235128	7.047889
5772	-8210.992	-8459.463	248.4705	0.7375184	1.627655	0.5521172	7.596321
5778	-8207.696	-8457.552	249.8562	0.8354645	1.701541	0.4837176	6.831653
5784	-8220.875	-8470.209	249.3334	0.8457886	1.609928	0.6125622	7.033456
5790	-8198.036	-8448.599	250.5631	0.8129759	1.72221	0.5743899	6.375904
5796	-8201.019	-8451.424	250.4051	0.8321003	1.96424	0.6259187	6.328387
5802	-8198.5	-8448.988	250.4877	0.8249826	1.669983	0.5481585	6.450899
5808	-8202.124	-8451.869	249.7448	0.7938612	1.796869	0.4655994	6.897402
5814	-8217.704	-8467.248	249.5444	0.9262255	1.796869	0.505925	6.897402
5820	-8206.143	-8457.202	251.0586	0.9368134	1.673206	0.4937158	6.126411
5826	-8202.692	-8451.248	248.5562	0.7943185	1.802185	0.5556765	7.455205
5832	-8199.273	-8447.932	248.6591	0.7755229	1.513944	0.5834848	7.49271
5838	-8201.789	-8451.04	249.251	0.8306894	1.472635	0.6655175	7.099449
5844	-8203.034	-8451.92	248.8866	0.7196909	1.738481	0.6748484	7.248549
5850	-8192.135	-8440.959	248.8235	0.7034669	1.550023	0.5924093	7.422211
5856	-8194.766	-8444.226	249.4605	0.7787044	1.555735	0.6605651	6.985665
5862	-8192.809	-8442.339	249.5299	0.8404285	1.675995	0.5253926	6.977158
5868	-8193.062	-8443.114	250.0516	0.845504	1.922031	0.5925807	6.552469
5874	-8194.561	-8443.602	249.0409	0.7996842	1.55017	0.5143394	7.318464
5880	-8189.944	-8439.386	249.4416	0.8127509	1.55017	0.5627558	7.055265
5886	-8186.501	-8435.9	249.3986	0.8127509	1.651126	0.5694908	7.034956
5892	-8186.203	-8435.568	249.3647	0.7613707	1.836508	0.5460623	7.034956
5898	-8192.53	-8441.2	248.6707	0.7171694	1.896238	0.6019428	7.366702
5904	-8201.606	-8451.889	250.2831	0.8753929	1.609806	0.6585884	6.469996
5910	-8203.418	-8454.377	250.9589	0.9687064	1.672771	0.6394634	6.042896
5916	-8211.177	-8462.3	251.1226	0.9687064	1.618582	0.5351836	6.057887
5922	-8189.982	-8439.012	249.0299	0.7676726	1.559875	0.6065624	7.262201
5928	-8192.805	-8442.272	249.4669	0.7570572	1.485836	0.6065624	7.061894
5934	-8200.69	-8450.433	249.7437	0.8690427	1.664324	0.6046421	6.785826
5940	-8213.707	-8462.151	248.444	0.7472283	1.515212	0.6467946	7.574129
5946	-8220.556	-8470.54	249.9838	0.8273232	1.547778	0.8071763	6.580338
5952	-8209.262	-8457.703	248.4412	0.8542971	1.833325	0.654109	7.397737
5958	-8212.462	-8462.153	249.691	0.8542971	1.769659	0.555944	6.823749
5964	-8217.726	-8467.586	249.8595	0.8468445	1.807637	0.4446387	6.823216
5970	-8209.762	-8459.585	249.823	0.8514886	1.621266	0.5958906	6.775255
5976	-8199.154	-8449.81	250.6556	0.8514886	1.684801	0.5582778	6.331575
5982	-8205.671	-8455.84	250.1691	0.8207026	1.672304	0.5602274	6.6148
5988	-8197.651	-8447.665	250.0135	0.8207026	1.632932	0.619525	6.666223
5994	-8204.774	-8454.523	249.7485	0.7787809	1.550457	0.5504728	6.918336
6000	-8190.985	-8441.407	250.4222	0.8191061	1.795987	0.5518315	6.441631
6006	-8196.326	-8445.955	249.6293	0.8139691	1.586371	0.6048243	6.906121
6012	-8193.814	-8443.261	249.446	0.7685575	1.63528	0.5127962	7.08681
6018	-8188.076	-8437.017	248.9407	0.7408491	1.538515	0.626442	7.317466
6024	-8194.931	-8444.555	249.6233	0.8241128	1.856827	0.648554	6.774216
6030	-8194.971	-8444.504	249.5329	0.8425594	2.307611	0.6012291	6.710483
6036	-8190.461	-8439.745	249.2842	0.7964965	1.63007	0.6593855	7.043839
6042	-8189.773	-8439.427	249.6535	0.8098303	1.63007	0.4849795	6.979675
6048	-8193.257	-8443.444	250.1868	0.8785147	1.67413	0.5324749	6.596635
6054	-8173.255	-8424.005	250.7499	0.8940777	1.695197	0.6471041	6.183383
6060	-8177.902	-8427.984	250.082	0.8489164	1.832448	0.4996788	6.642294
6066	-8178.245	-8427.967	249.7224	0.8046649	1.50511	0.7073974	6.816823
6072	-8187.345	-8436.868	249.5227	0.8660944	1.701758	0.6026706	6.894585
6078	-8190.564	-8439.978	249.4143	0.7202033	1.503933	0.6750788	7.051732
6084	-8200.887	-8450.102	249.2143	0.8168995	1.780394	0.596897	7.064032
6090	-8206.115	-8454.018	247.9033	0.7173744	1.513825	0.6617219	7.868817
6096	-8206.156	-8453.925	247.7692	0.7250112	1.77673	0.6230741	7.868817
6102	-8197.661	-8446.808	249.1469	0.8277909	1.696331	0.6306146	7.098071
6108	-8193.099	-8442.472	249.3729	0.8277909	1.696331	0.5144546	7.070608
6114	-8198.51	-8447.819	249.3085	0.8333931	1.696331	0.5516618	7.070608
6120	-8201.113	-8451.414	250.3012	0.8400182	1.791511	0.4972663	6.544729
6126	-8204.6	-8453.886	249.2853	0.7793676	1.893585	0.8003706	6.864335
6132	-8211.353	-8461.186	249.8337	0.8116015	1.591646	0.5614543	6.829875
6138	-8205.471	-8453.675	248.2038	0.8326628	1.833327	0.539114	7.626559
6144	-8215.502	-8464.083	248.5809	0.7537955	1.678089	0.539114	7.520912
6150	-8197.166	-8445.87	248.7038	0.7590317	1.678089	0.5773958	7.420865
6156	-8191.982	-8441.258	249.2761	0.7498156	1.748865	0.5773958	7.093333
6162	-8200.009	-8449.386	249.3773	0.792604	1.712742	0.4751541	7.116544
6168	-8196.651	-8445.871	249.2203	0.7847231	1.732992	0.5694693	7.116544
6174	-8208.711	-8457.223	248.5117	0.6944552	1.732992	0.6807403	7.460948
6180	-8200.871	-8449.984	249.1128	0.8647239	1.809024	0.5566201	7.115454
6186	-8193.343	-8443.171	249.8279	0.8277767	1.68649	0.4811965	6.858798
6192	-8194.193	-8444.269	250.0763	0.797851	1.620943	0.5702671	6.688066
6198	-8197.108	-8447.407	250.2985	0.797851	1.584965	0.64385	6.524024
6204	-8199.752	-8449.859	250.1066	0.8558253	1.746412	0.5926367	6.576808
6210	-8193.637	-8443.941	250.3045	0.9366896	1.659529	0.551095	6.491021
6216	-8194.052	-8442.63	248.5776	0.8230658	1.819565	0.5385684	7.436617
6222	-8189.802	-8439.101	249.2996	0.8533939	1.819565	0.6700008	6.929899
6228	-8187.722	-8437.059	249.337	0.789899	1.617375	0.571798	7.091014
6234	-8184.286	-8433.652	249.3667	0.7695519	1.664689	0.5445378	7.091014
6240	-8191.209	-8439.947	248.7384	0.7784134	1.474785	0.5656949	7.478418
6246	-8184.404	-8433.68	249.2758	0.8272941	1.606335	0.6001435	7.085424
6252	-8184.466	-8434.047	249.5808	0.8055127	1.703382	0.5703062	6.921147
6258	-8196.149	-8445.706	249.5573	0.8110047	1.87434	0.7185314	6.761015
6264	-8198.11	-8447.411	249.3014	0.7645808	1.690189	0.7185314	6.98785
6270	-8192.698	-8442.57	249.8722	0.8534412	1.627263	0.5812569	6.757071
6276	-8215.489	-8465.585	250.0957	0.8142808	1.627263	0.5996326	6.64284
6282	-8204.647	-8455.881	251.2343	0.9204923	2.045092	0.5174281	5.891933
6288	-8202.179	-8452.37	250.1912	0.8542379	1.525653	0.5955166	6.611645
6294	-8202.226	-8451.554	249.3282	0.7229295	1.419432	0.610862	7.178411
6300	-8204.136	-8453.186	249.0503	0.7767349	1.736018	0.610862	7.178411
6306	-8199.512	-8448.729	249.2165	0.775365	1.83608	0.5142065	7.134499
6312	-8204.399	-8453.967	249.5675	0.8354586	1.556328	0.5629127	6.972771
6318	-8206.708	-8455.518	248.8104	0.8429101	1.705068	0.5536299	7.328343
6324	-8204.108	-8454.033	249.9253	0.879522	1.638828	0.5397006	6.744252
6330	-8201.653	-8451.105	249.452	0.8252089	1.749305	0.578482	6.957037
6336	-8212.648	-8461.736	249.0883	0.8252089	1.408202	0.6754574	7.208951
6342	-8207.617	-8456.557	248.94	0.8412171	1.911705	0.5968717	7.154348
6348	-8198.936	-8449.022	250.0859	0.8313759	1.788768	0.5640814	6.609442
6354	-8204.356	-8452.773	248.417	0.701495	1.464766	0.5690183	7.692943
6360	-8208.894	-8457.155	248.2612	0.7451708	1.448446	0.5158265	7.803874
6366	-8217.879	-8466.894	249.0156	0.7736434	1.617606	0.5684118	7.275154
6372	-8208.23	-8457.518	249.2883	0.8228859	1.36038	0.6006731	7.178742
6378	-8209.438	-8458.608	249.1698	0.77838	1.333038	0.6425667	7.246099
6384	-8199.896	-8448.394	248.4983	0.835889	1.809518	0.5821398	7.44
6390	-8208.09	-8457.87	249.7799	0.7819587	1.625443	0.690817	6.763532
6396	-8202.358	-8451.673	249.3151	0.7647663	1.439257	0.546718	7.206272
6402	-8204.54	-8453.88	249.3405	0.826486	1.468228	0.5529793	7.14253
6408	-8197.268	-8445.41	248.1419	0.756888	1.468228	0.5160585	7.853219
6414	-8206.652	-8455.952	249.3	0.8837589	1.695896	0.6107608	7.000863
6420	-8214.675	-8464.47	249.7954	0.8218025	1.712075	0.463451	6.886792
6426	-8196.997	-8447.245	250.2484	0.8218025	1.63703	0.5730387	6.573788
6432	-8201.026	-8450.974	249.9481	0.8574691	1.919717	0.5291942	6.655061
6438	-8207.467	-8457.609	250.1422	0.8474141	1.63052	0.5307887	6.655061
6444	-8202.561	-8452.808	250.247	0.8387844	1.495421	0.5307887	6.655061
6450	-8205.394	-8455.43	250.0355	0.8290507	1.749998	0.5971287	6.624897
6456	-8212.523	-8462.897	250.3736	0.8215168	1.523519	0.5731473	6.549466
6462	-8207.726	-8458.796	251.0702	0.8502184	1.377478	0.5602308	6.226344
6468	-8213.926	-8463.575	249.6492	0.8308452	1.608256	0.5475575	6.924243
6474	-8200.526	-8451.389	250.8624	0.8866392	1.648223	0.5866886	6.190333
6480	-8194.683	-8444.93	250.2474	0.8620152	1.605638	0.5574295	6.577165
6486	-8206.339	-8456.292	249.9529	0.8620152	1.406538	0.6907293	6.713158
6492	-8207.98	-8457.79	249.8104	0.855728	1.358326	0.5605674	6.9131
6498	-8207.814	-8457.343	249.5294	0.8216126	1.551469	0.6799101	6.9131
6504	-8191.215	-8440.177	248.9619	0.793915	1.459621	0.6063581	7.324127
6510	-8192.669	-8442.51	249.8412	0.793915	1.576103	0.601855	6.808855
6516	-8210.624	-8461.094	250.4704	0.7824505	1.851663	0.6040544	6.374028
6522	-8206.251	-8455.539	249.2882	0.7239375	1.514391	0.6467628	7.134099
6528	-8208.499	-8458.196	249.697	0.8018256	1.508023	0.6634957	6.862209
6534	-8211.118	-8459.655	248.537	0.8012389	2.006263	0.6325575	7.334608
6540	-8208.585	-8457.351	248.7663	0.8012389	1.715475	0.5985609	7.334608
6546	-8204.992	-8454.75	249.7586	0.794602	1.715475	0.5792517	6.819559
6552	-8200.633	-8450.755	250.1218	0.7559054	1.566036	0.568969	6.708023
6558	-8202.263	-8451.459	249.1959	0.8035028	1.647635	0.7315105	7.030347
6564	-8205.331	-8454.096	248.7644	0.7863647	1.87254	0.6726431	7.234163
6570	-8200.822	-8451.144	250.3217	0.8008696	1.71587	0.5608924	6.526641
6576	-8198.719	-8447.573	248.8543	0.7306454	1.556992	0.5490291	7.423493
6582	-8199.38	-8449.793	250.4128	0.8695029	1.759423	0.6337883	6.36694
6588	-8198.007	-8447.524	249.5168	0.896963	1.694754	0.5137632	6.95708
6594	-8197.263	-8445.766	248.5033	0.7926735	1.781162	0.5440641	7.501223
6600	-8202.547	-8451.925	249.3771	0.8034883	1.813811	0.6182484	6.955548
6606	-8204.648	-8452.523	247.8749	0.7990988	1.713402	0.6012438	7.811617
6612	-8212.874	-8460.873	247.9992	0.7055176	1.612469	0.6276191	7.811617
6618	-8196.076	-8446.246	250.17	0.8010204	1.587286	0.6649153	6.575407
6624	-8199.191	-8447.97	248.7784	0.7359871	1.569968	0.5785271	7.432338
6630	-8199.297	-8447.191	247.8942	0.7520735	1.621795	0.5785271	7.877376
6636	-8199.04	-8446.774	247.7346	0.818691	1.621795	0.5200799	7.975304
6642	-8209.451	-8458.878	249.4269	0.8649535	1.475712	0.630932	7.010738
6648	-8205.161	-8454.488	249.3273	0.7921975	1.701867	0.544554	7.086595
6654	-8213.468	-8462.243	248.7755	0.6741197	1.685237	0.5509106	7.44695
6660	-8207.783	-8457.944	250.1608	0.8453083	1.677498	0.5642677	6.60076
6666	-8197.249	-8446.8	249.5502	0.8594184	1.65756	0.5642677	6.930092
6672	-8189.737	-8439.14	249.4034	0.8432157	1.758773	0.5780242	6.970541
6678	-8201.396	-8451.282	249.8865	0.8432157	1.48248	0.7247808	6.70443
6684	-8209.912	-8459.237	249.3246	0.766476	1.515693	0.6958271	7.055724
6690	-8193.703	-8444.783	251.0804	0.8824956	1.852811	0.6598483	5.944697
6696	-8186.184	-8435.185	249.0014	0.8088574	1.926736	0.5415636	7.178732
6702	-8190.186	-8438.955	248.77	0.8444969	2.011615	0.6121779	7.200091
6708	-8191.628	-8439.931	248.3029	0.7520903	1.78511	0.5293592	7.641274
6714	-8205.156	-8455.062	249.9057	0.8205457	1.790592	0.6630135	6.635482
6720	-8201.369	-8451.405	250.0367	0.9173475	1.639088	0.6059333	6.609701
6726	-8210.031	-8460.32	250.2894	0.9147013	1.975638	0.5502231	6.403316
6732	-8216.72	-8467.102	250.3826	0.8326349	1.700953	0.6320509	6.425506
6738	-8218.533	-8469.654	251.1211	0.8918975	1.804114	0.6235854	5.961536
6744	-8215.325	-8467.093	251.7681	0.9275785	1.804114	0.5831622	5.619955
6750	-8220.583	-8470.395	249.8125	0.8044696	1.92314	0.5391721	6.747343
6756	-8220.631	-8470.607	249.9751	0.8570111	1.715312	0.4876165	6.747343
6762	-8223.895	-8473.9	250.0046	0.800662	1.515481	0.7116296	6.659554
6768	-8219.017	-8469.352	250.336	0.739809	1.637615	0.7116296	6.466431
6774	-8206.911	-8457.529	250.6176	0.8608982	1.711889	0.550004	6.344209
6780	-8213.796	-8462.67	248.874	0.7966839	1.59695	0.4987596	7.405546
6786	-8202.911	-8452.55	249.6393	0.7865046	1.785206	0.5871505	6.857479
6792	-8204.209	-8454.073	249.864	0.7332374	1.878579	0.5729663	6.744693
6798	-8197.365	-8447.883	250.5187	0.7683529	1.954233	0.5536358	6.362361
6804	-8197.387	-8446.095	248.7087	0.8339703	1.982069	0.527897	7.31626
6810	-8189.608	-8439.901	250.2927	0.814766	1.870309	0.5121213	6.522958
6816	-8190.582	-8440.757	250.1749	0.8537987	1.817214	0.66963	6.457752
6822	-8195.01	-8445.611	250.6007	0.8763862	2.102326	0.4862464	6.271398
6828	-8203.953	-8454.093	250.139	0.8617779	1.845683	0.5913247	6.522742
6834	-8211.327	-8461.275	249.9479	0.8839603	1.82363	0.6393148	6.584611
6840	-8206.899	-8457.24	250.3415	0.8890579	1.685914	0.5635547	6.476788
6846	-8192.45	-8443.452	251.0021	0.8890579	1.689235	0.6161946	6.074588
6852	-8199.018	-8449.905	250.8875	0.9026015	2.025427	0.6161946	6.015472
6858	-8194.571	-8444.093	249.5225	0.7482362	1.583782	0.6161946	6.991251
6864	-8207.352	-8457.034	249.6823	0.7644887	1.766908	0.4982381	6.927425
6870	-8206.038	-8454.512	248.4736	0.7283414	1.687672	0.5981041	7.540842
6876	-8208.844	-8458.042	249.1979	0.8404486	1.573835	0.5981041	7.134092
6882	-8198.461	-8447.277	248.8152	0.833436	1.845952	0.5504525	7.284782
6888	-8195.214	-8444.524	249.3092	0.7757044	1.631433	0.5954306	7.089524
6894	-8197.969	-8447.211	249.2417	0.7837027	1.39271	0.6005239	7.211317
6900	-8208.957	-8459.398	250.4413	0.7837027	1.675472	0.5979346	6.455867
6906	-8204.165	-8452.92	248.7554	0.7465938	1.497636	0.6557612	7.407974
6912	-8201.731	-8451.489	249.7579	0.7765499	1.833481	0.5951377	6.776025
6918	-8198.327	-8447.304	248.9771	0.7527451	1.710164	0.5951377	7.25206
6924	-8222.365	-8471.375	249.0099	0.8763287	1.441153	0.5546845	7.302863
6930	-8202.991	-8451.984	248.9932	0.8666822	1.832632	0.5555041	7.171604
6936	-8202.252	-8452.642	250.3896	0.8774849	1.539278	0.5904305	6.49037
6942	-8207.284	-8457.565	250.2805	0.8504019	1.518379	0.5435559	6.610735
6948	-8198.323	-8448.624	250.3005	0.8482617	1.518379	0.5500656	6.595607
6954	-8206.724	-8456.048	249.3244	0.7581773	1.637854	0.5963741	7.087666
6960	-8204.591	-8453.135	248.5439	0.7388309	1.637854	0.5788357	7.530867
6966	-8203.838	-8451.564	247.7264	0.7376351	1.637854	0.5696282	7.975826
6972	-8203.266	-8453.254	249.9889	0.8199673	1.564529	0.5533689	6.758594
6978	-8206.234	-8455.566	249.3312	0.8768059	1.682469	0.6455054	6.966344
6984	-8200.406	-8451.151	250.7441	0.8777182	1.420347	0.6589522	6.293334
6990	-8196.306	-8447.076	250.7697	0.8739224	1.822922	0.6524984	6.134422
6996	-8205.936	-8456.194	250.258	0.761271	1.562639	0.5576618	6.642063
7002	-8213.756	-8463.958	250.2023	0.8493188	1.427777	0.6372464	6.615491
7008	-8217.225	-8467.023	249.7978	0.8837622	1.686572	0.624884	6.724961
7014	-8207.211	-8457.105	249.8947	0.8913642	1.686572	0.624884	6.66847
7020	-8217.114	-8466.866	249.7527	0.8724687	1.68029	0.524363	6.839141
7026	-8205.431	-8455.7	250.2682	0.8468556	1.573706	0.6192704	6.536854
7032	-8209.733	-8459.978	250.2454	0.8733897	1.573706	0.6166443	6.536854
7038	-8214.076	-8463.379	249.303	0.7731061	1.585441	0.5512345	7.14718
7044	-8204.355	-8453.54	249.1846	0.8738136	1.682112	0.6005793	7.081215
7050	-8193.996	-8444.124	250.1282	0.8649379	1.71213	0.6256798	6.546632
7056	-8198.448	-8449.309	250.8617	0.8387651	1.741214	0.5833369	6.185687
7062	-8210.986	-8461.711	250.7251	0.9705218	1.714656	0.6253018	6.164765
7068	-8210.71	-8460.347	249.637	0.875098	1.626066	0.6269519	6.837078
7074	-8202.197	-8450.096	247.8997	0.835437	1.551612	0.6807193	7.779472
7080	-8207.415	-8456.913	249.4982	0.879226	1.642426	0.5374489	6.975308
7086	-8207.418	-8457.859	250.4414	0.8802694	1.665458	0.5894829	6.413812
7092	-8211.154	-8459.229	248.0749	0.733895	1.285125	0.5430992	7.955022
7098	-8190.984	-8439.601	248.6171	0.7621798	1.449213	0.5958241	7.538354
7104	-8202.959	-8451.59	248.6312	0.7587258	1.370673	0.5958241	7.565051
7110	-8207.838	-8456.553	248.7147	0.7839416	1.667657	0.5395613	7.436488
7116	-8203.894	-8453.29	249.3967	0.7900002	1.837246	0.6308847	6.934673
7122	-8199.628	-8449.202	249.5739	0.8191324	1.53982	0.7154568	6.869967
7128	-8192.703	-8442.06	249.3574	0.8191324	1.577538	0.5968558	7.059352
7134	-8191.017	-8440.252	249.2345	0.7760661	1.601248	0.6393661	7.10713
7140	-8192.193	-8442.209	250.0162	0.8872254	1.836734	0.5350375	6.624823
7146	-8185.687	-8434.464	248.777	0.7819388	1.73441	0.5831538	7.344666
7152	-8195.918	-8445.456	249.5379	0.7884398	1.749802	0.5831538	6.926617
7158	-8189.513	-8439.237	249.7234	0.8122926	1.450707	0.5831538	6.926617
7164	-8189.906	-8439.278	249.3715	0.8122926	1.528521	0.6820641	7.01053
7170	-8194.118	-8442.81	248.6913	0.8630609	1.406719	0.4882593	7.552136
7176	-8194.102	-8444.35	250.2473	0.8601799	1.406719	0.5668768	6.649243
7182	-8205.615	-8455.084	249.4688	0.755215	1.492376	0.5514237	7.103528
7188	-8212.471	-8461.283	248.8122	0.762719	1.492376	0.5988594	7.413924
7194	-8214.993	-8464.275	249.2821	0.8049092	1.35666	0.6042642	7.190506
7200	-8194.718	-8443.596	248.8781	0.7588928	1.445506	0.6164344	7.38579
7206	-8191.174	-8439.579	248.4048	0.7897141	1.740705	0.5634815	7.553617
7212	-8190.074	-8438.459	248.3852	0.7093148	1.447638	0.5634815	7.717146
7218	-8204.257	-8453.268	249.0116	0.7093148	1.649203	0.621478	7.258495
7224	-8198.637	-8447.53	248.8925	0.7101828	1.620273	0.5697607	7.373181
7230	-8201.376	-8450.452	249.0759	0.8161527	1.594962	0.7446686	7.098848
7236	-8204.084	-8454.645	250.5618	0.8604421	1.396985	0.5947088	6.460522
7242	-8200.835	-8451.359	250.5236	0.8824179	1.417729	0.5535318	6.494137
7248	-8203.529	-8453.949	250.42	0.8427322	1.666311	0.5306815	6.494137
7254	-8199.425	-8448.73	249.3058	0.8405442	1.443478	0.5343587	7.179244
7260	-8198.02	-8447.398	249.3782	0.7651596	1.83022	0.5472421	7.026833
7266	-8204.405	-8452.44	248.0353	0.7032105	1.498075	0.5730459	7.87954
7272	-8206.55	-8454.539	247.9888	0.6958988	1.888885	0.5730459	7.768371
7278	-8195.064	-8444.948	249.8834	0.7940964	1.792802	0.5730459	6.73035
7284	-8193.389	-8443.444	250.0546	0.8559785	1.586551	0.5736522	6.678565
7290	-8187.987	-8439.49	251.5034	0.8665739	1.633595	0.5181973	5.914967
7296	-8193.634	-8444.208	250.5744	0.9299994	1.932746	0.4733308	6.322177
7302	-8193.054	-8443.844	250.7901	0.9473669	1.70316	0.683266	6.103037
7308	-8190.478	-8441.896	251.4178	0.9344404	1.622788	0.5327296	5.916024
7314	-8194.977	-8447.002	252.0248	1.001057	1.545238	0.6082505	5.514419
7320	-8193.54	-8444.9	251.3607	0.863953	1.489201	0.5740783	6.002972
7326	-8192.321	-8441.896	249.5752	0.830725	1.518054	0.6435606	6.92304
7332	-8188.682	-8438.128	249.4459	0.830725	1.606935	0.689885	6.925004
7338	-8194.861	-8445.001	250.1391	0.8438071	1.606935	0.6093366	6.603416
7344	-8194.041	-8444.884	250.8427	0.8438071	1.417641	0.6412882	6.272468
7350	-8191.884	-8442.519	250.6346	0.8301029	1.442019	0.6196061	6.399341
7356	-8190.052	-8440.289	250.2369	0.8301029	1.492617	0.6119177	6.60022
7362	-8202.154	-8450.173	248.0192	0.7528785	1.387894	0.6297938	7.862166
7368	-8188.134	-8437.412	249.2777	0.7611733	1.41343	0.6564877	7.153143
7374	-8185.742	-8435.015	249.2728	0.8011067	1.783772	0.5409514	7.085322
7380	-8181.498	-8430.507	249.0091	0.7901927	1.591358	0.5760888	7.273381
7386	-8176.181	-8424.998	248.8173	0.7764702	1.765549	0.5070609	7.378686
7392	-8207.93	-8457.285	249.3554	0.8066383	1.827608	0.5987048	6.976003
7398	-8209.106	-8459.118	250.0115	0.8141573	1.538606	0.5955546	6.725369
7404	-8209.825	-8461.158	251.333	0.9039847	1.629795	0.7163612	5.834032
7410	-8210.832	-8460.306	249.4735	0.8478686	1.307144	0.6371061	7.060883
7416	-8202.747	-8453.368	250.6217	0.8478686	1.457161	0.5642186	6.434613
7422	-8197.792	-8447.741	249.9487	0.7981752	1.772892	0.5824587	6.692194
7428	-8203.014	-8453.463	250.4486	0.8840457	1.402145	0.5919059	6.509102
7434	-8198.194	-8448.707	250.5128	0.8819027	1.323723	0.5919059	6.509102
7440	-8195.116	-8443.483	248.367	0.7788212	1.45861	0.6110128	7.647766
7446	-8191.407	-8440.376	248.969	0.7613502	1.551803	0.601042	7.305695
7452	-8210.728	-8460.47	249.742	0.7351332	1.80554	0.4838359	6.910759
7458	-8203.72	-8451.888	248.1677	0.7043542	1.392081	0.5507078	7.869209
7464	-8198.521	-8447.766	249.2449	0.7690691	1.692572	0.5911992	7.10873
7470	-8204.548	-8454.465	249.9171	0.7951216	1.692572	0.6778788	6.666921
7476	-8198.206	-8447.784	249.5778	0.7951216	1.579996	0.605266	6.946095
7482	-8194.131	-8442.947	248.8163	0.7096092	1.595291	0.5857695	7.410857
7488	-8196.876	-8446.629	249.7528	0.8104803	1.78387	0.6066197	6.768418
7494	-8199.997	-8449.339	249.342	0.7622519	1.420663	0.5280874	7.216517
7500	-8192.387	-8442.048	249.6611	0.8299664	1.752809	0.5919407	6.829751
7506	-8195.215	-8445.65	250.435	0.8673905	1.666538	0.5708281	6.438959
7512	-8199.877	-8449.81	249.9331	0.8203001	1.474207	0.6240089	6.767769
7518	-8195.807	-8445.223	249.4158	0.7279573	1.529665	0.6190905	7.078137
7524	-8195.248	-8443.303	248.055	0.7930366	1.764038	0.5483979	7.743242
7530	-8191.178	-8442.672	251.4938	0.9121374	1.717045	0.6061189	5.791266
7536	-8197.852	-8448.531	250.6792	0.8323357	1.656357	0.5866178	6.316438
7542	-8200.248	-8449.997	249.7491	0.8936008	1.665283	0.662422	6.725652
7548	-8194.115	-8443.721	249.6068	0.8897808	1.458815	0.5541913	6.967953
7554	-8200.082	-8450.36	250.2788	0.8769516	1.76057	0.5658206	6.488772
7560	-8205.894	-8454.577	248.6836	0.7841819	1.597788	0.5658206	7.457065
7566	-8204.45	-8453.556	249.1055	0.819239	1.625744	0.4918754	7.264673
7572	-8195.452	-8444.648	249.1956	0.819239	1.496746	0.5540472	7.212039
7578	-8194.745	-8443.799	249.0537	0.7592184	1.680568	0.5690303	7.238857
7584	-8189.232	-8438.43	249.1981	0.7225465	1.546008	0.559617	7.238857
7590	-8198.367	-8446.618	248.2514	0.713546	1.770475	0.6099776	7.629368
7596	-8195.882	-8445.567	249.6846	0.8097987	1.825575	0.578311	6.813701
7602	-8196.494	-8446.197	249.7032	0.9302348	1.701006	0.5401789	6.813701
7608	-8189.864	-8440.502	250.6372	0.8749338	1.781715	0.5911887	6.267485
7614	-8191.323	-8441.033	249.7107	0.8121109	1.720775	0.5911887	6.824554
7620	-8183.35	-8433.016	249.6666	0.7617335	1.722629	0.5506164	6.907792
7626	-8193.969	-8442.006	248.0373	0.7774504	1.702842	0.4938925	7.829259
7632	-8210.52	-8460.633	250.1123	0.7427748	1.998056	0.558894	6.57799
7638	-8207.375	-8457.514	250.1397	0.8462218	1.441403	0.5544276	6.710859
7644	-8218.765	-8467.572	248.8071	0.7980308	1.652008	0.5723927	7.358064
7650	-8222.642	-8471.945	249.3033	0.7227219	1.631945	0.5723927	7.139387
7656	-8221.335	-8470.281	248.9452	0.7698761	1.622062	0.6090264	7.281198
7662	-8207.918	-8457.262	249.344	0.7878565	1.464239	0.5805625	7.140557
7668	-8199.502	-8447.639	248.1368	0.7671302	1.464239	0.6384668	7.754134
7674	-8193.023	-8442.6	249.5768	0.8499857	1.627288	0.542136	6.950356
7680	-8187.275	-8436.655	249.3802	0.8505141	1.722694	0.5640219	7.003191
7686	-8179.76	-8428.522	248.7618	0.7888548	1.53586	0.5372848	7.459836
7692	-8179.686	-8429.408	249.7219	0.8384729	1.612915	0.592526	6.842628
7698	-8191.716	-8440.477	248.7608	0.7991332	1.585662	0.7000971	7.311234
7704	-8194.973	-8443.941	248.9684	0.7397894	1.585662	0.5926794	7.311234
7710	-8206.064	-8455.804	249.7406	0.8464144	1.541154	0.5996053	6.850036
7716	-8204.261	-8454.414	250.1533	0.8370593	1.656886	0.5687478	6.613149
7722	-8204.124	-8453.285	249.1613	0.7839342	1.579181	0.5817356	7.195082
7728	-8197.866	-8446.964	249.0979	0.8321484	1.579181	0.5959871	7.191966
7734	-8199.12	-8448.394	249.2736	0.7707667	1.474512	0.6020813	7.166503
7740	-8196.004	-8444.55	248.546	0.7725285	1.488631	0.6125864	7.542174
7746	-8192.75	-8441.985	249.2349	0.7652821	1.592067	0.6223558	7.128984
7752	-8198.832	-8448.034	249.2016	0.7652821	1.539951	0.5745357	7.204228
7758	-8196.701	-8445.782	249.0807	0.7652821	1.615846	0.4952388	7.307586
7764	-8201.676	-8450.093	248.417	0.784238	1.710542	0.4952388	7.618725
7770	-8191.854	-8439.925	248.0706	0.7301433	1.709889	0.6289462	7.723972
7776	-8195.642	-8443.008	247.3653	0.7030543	1.547097	0.6289462	8.174605
7782	-8191.189	-8439.58	248.3917	0.7428265	1.547097	0.6019279	7.626097
7788	-8186.898	-8436.117	249.2194	0.7735985	1.449099	0.5977264	7.207737
7794	-8198.702	-8447.698	248.9956	0.8030257	1.790359	0.5977264	7.185006
7800	-8189.587	-8438.76	249.173	0.7374353	1.622139	0.5977264	7.185006
7806	-8190.041	-8440.312	250.2709	0.8378772	1.733743	0.6228447	6.478451
7812	-8190.147	-8440.743	250.5959	0.8022497	1.636206	0.5445679	6.42007
7818	-8190.138	-8440.436	250.2984	0.8998849	1.729904	0.6376553	6.42007
7824	-8196.53	-8447.618	251.0872	0.9123735	1.749988	0.5206264	6.072409
7830	-8194.826	-8445.32	250.4935	0.8395068	1.749988	0.6115487	6.35985
7836	-8199.656	-8450.227	250.5711	0.8764309	1.528533	0.6034285	6.386493
7842	-8197.92	-8447.713	249.7931	0.8577548	1.575843	0.5412466	6.849718
7848	-8198.344	-8449.157	250.8133	0.8828037	1.662374	0.6121039	6.193778
7854	-8200.864	-8450.346	249.4821	0.8264118	1.451674	0.6121039	7.025839
7860	-8212.95	-8462.112	249.1619	0.8680282	1.739516	0.5408538	7.124481
7866	-8221.091	-8471.462	250.371	0.8407772	1.48485	0.6163175	6.521548
7872	-8219.74	-8469.458	249.7187	0.8118439	1.5006	0.6041899	6.892785
7878	-8232.222	-8482.285	250.0624	0.8475064	1.707015	0.5742017	6.634038
7884	-8215.873	-8463.049	247.1759	0.7594675	1.49613	0.6017421	8.285827
7890	-8209.775	-8457.338	247.5632	0.7179444	1.419021	0.6027525	8.13172
7896	-8206.169	-8454.049	247.8799	0.6811211	1.578494	0.5154291	7.991278
7902	-8206.52	-8454.417	247.8965	0.6409768	1.425273	0.6044322	7.991278
7908	-8217.094	-8464.709	247.615	0.7240739	1.568577	0.6031118	8.041849
7914	-8200.742	-8449.847	249.1046	0.7007536	1.674751	0.5208113	7.285357
7920	-8203.571	-8453.591	250.0205	0.8327471	1.552551	0.5208113	6.766915
7926	-8205.774	-8456.285	250.5111	0.8327471	1.699664	0.5949506	6.384991
7932	-8213.427	-8464.056	250.6293	0.8590616	1.592365	0.5671693	6.36878
7938	-8209.206	-8458.579	249.3731	0.7945699	1.474859	0.5817684	7.116097
7944	-8216.202	-8464.482	248.2799	0.7163082	1.356828	0.6724567	7.724186
7950	-8205.218	-8454.53	249.3116	0.8781881	1.779453	0.5584343	7.009928
7956	-8207.002	-8457.642	250.6408	0.9352095	1.749137	0.6073637	6.231434
7962	-8204.102	-8453.121	249.0183	0.7087556	1.839219	0.557386	7.239196
7968	-8200.612	-8449.728	249.1155	0.7653763	1.681779	0.5483881	7.218891
7974	-8197.526	-8446.234	248.708	0.8486543	1.71784	0.7227807	7.248984
7980	-8193.34	-8442.849	249.5082	0.7968091	1.694755	0.5617949	6.974993
7986	-8191.113	-8438.752	247.6392	0.7961325	1.713713	0.5617949	7.970226
7992	-8195.38	-8443.256	247.8759	0.8142589	1.759075	0.4683349	7.899233
7998	-8199.657	-8449.279	249.6215	0.7720626	1.787671	0.6486046	6.826796
8004	-8196.342	-8446.201	249.8585	0.7720626	1.589775	0.5174167	6.875775
8010	-8206.04	-8455.815	249.7754	0.873178	1.55462	0.5413321	6.858961
8016	-8202.861	-8453.168	250.3077	0.8932478	2.149966	0.6254818	6.290514
8022	-8197.501	-8448.266	250.7649	0.885686	1.940388	0.4923549	6.222755
8028	-8203.103	-8453.351	250.2483	0.885686	1.827762	0.6218192	6.432863
