Iteration	Posterior	Likelihood	Prior	rate_log_sd	rate_loss	rate_neo	tree_length
0	-8198.274	-8448.499	250.2247	0.8358356	1.852249	0.5967893	6.483863
6	-8215.886	-8466.665	250.779	0.8708771	1.839836	0.4916242	6.257333
12	-8204.943	-8455.375	250.4324	0.872883	1.491789	0.5757388	6.500243
18	-8214.309	-8464.89	250.581	0.8581807	1.653187	0.5757388	6.365689
24	-8210.605	-8459.843	249.2371	0.7954169	1.837218	0.6115224	7.032509
30	-8187.547	-8436.235	248.6887	0.7412772	1.590536	0.6560038	7.410601
36	-8212.406	-8462.149	249.7424	0.7684501	1.590536	0.6510685	6.832964
42	-8216.271	-8465.299	249.0281	0.6706408	1.348429	0.6272152	7.384867
48	-8205.44	-8453.188	247.7474	0.6706408	1.549402	0.6450095	7.975417
54	-8196.556	-8445.463	248.9074	0.7367879	1.53458	0.7393109	7.258672
60	-8200.855	-8449.947	249.0917	0.7624775	1.87725	0.6328822	7.098809
66	-8182.438	-8431.625	249.1875	0.8292509	1.627691	0.6328822	7.098809
72	-8185.673	-8434.955	249.2826	0.8292509	1.808179	0.4923792	7.098809
78	-8201.35	-8450.775	249.4254	0.7456104	1.85546	0.6493088	6.923228
84	-8195.962	-8445.595	249.6339	0.8370762	1.722455	0.584966	6.856894
90	-8190.031	-8439.627	249.5965	0.8627162	1.752019	0.5086802	6.916719
96	-8200.245	-8451.18	250.9355	0.9251273	1.741156	0.5888373	6.094103
102	-8200.349	-8451.237	250.8876	0.759609	1.720637	0.5606422	6.240561
108	-8199.022	-8447.627	248.6048	0.7266031	1.558427	0.5936546	7.522841
114	-8197.945	-8447.746	249.8009	0.7887063	1.515845	0.6048412	6.854384
120	-8209.839	-8459.023	249.1833	0.8670618	1.915753	0.669849	6.95323
126	-8204.571	-8454.693	250.1223	0.8682372	1.676066	0.5264304	6.641552
132	-8195.936	-8445.604	249.6679	0.8224339	1.606891	0.6294695	6.854041
138	-8192.773	-8443.337	250.5642	0.8224339	1.774538	0.6296437	6.308173
144	-8194.214	-8444.841	250.6273	0.9313268	1.495272	0.644087	6.308173
150	-8202.72	-8453.093	250.3727	0.8409244	1.690009	0.57659	6.473821
156	-8210.381	-8459.376	248.9943	0.7537779	1.826048	0.5366406	7.24967
162	-8204.695	-8454.998	250.3025	0.8334732	1.812229	0.5780535	6.471596
168	-8197.6	-8447.574	249.9734	0.8003321	1.972049	0.5636936	6.626336
174	-8199.325	-8448.588	249.2632	0.7683871	1.972809	0.5312977	7.05355
180	-8197.053	-8447.878	250.8248	0.8913431	1.548534	0.5244057	6.298109
186	-8201.104	-8449.88	248.7763	0.8104257	1.987888	0.5221941	7.295678
192	-8191.711	-8441.376	249.6642	0.8356689	1.520002	0.6178555	6.891082
198	-8190.806	-8440.441	249.6352	0.8293091	1.516577	0.6448509	6.891082
204	-8198.945	-8447.907	248.9617	0.8020294	1.855404	0.6078884	7.173793
210	-8199.714	-8449.968	250.2542	0.8144183	1.523834	0.6078884	6.59013
216	-8199.304	-8449.789	250.4848	0.8638142	1.359781	0.6499242	6.473841
222	-8203.926	-8454.383	250.4566	0.8498859	1.619796	0.7089199	6.349839
228	-8206.833	-8455.958	249.1252	0.8062832	1.833335	0.6126072	7.08733
234	-8189.232	-8438.448	249.2161	0.8368383	1.703716	0.5866919	7.08733
240	-8192.017	-8441.523	249.5066	0.8381998	1.652626	0.5665443	6.964974
246	-8198.739	-8449.581	250.8411	0.8455074	1.533229	0.6987215	6.18373
252	-8197.626	-8448.24	250.6138	0.7923431	1.490642	0.5961256	6.429693
258	-8198.125	-8448.16	250.035	0.8066527	1.73566	0.5982027	6.641506
264	-8208.516	-8458.669	250.1533	0.8218328	1.621863	0.5570032	6.644042
270	-8212.917	-8461.71	248.7937	0.8192162	1.704582	0.6144554	7.301812
276	-8208.087	-8458.822	250.7351	0.8110995	1.455184	0.5728386	6.386811
282	-8198.521	-8448.229	249.7075	0.8162578	1.592086	0.561288	6.895367
288	-8197.94	-8447.101	249.161	0.8015875	1.479049	0.6003923	7.209939
294	-8189.101	-8438.545	249.4437	0.8015875	1.406852	0.6139999	7.07676
300	-8190.894	-8439.888	248.9938	0.7831904	1.497895	0.6139999	7.291618
306	-8196.178	-8445.737	249.5598	0.8491116	1.493633	0.6466882	6.928731
312	-8192.723	-8442.238	249.5144	0.8467093	1.699606	0.5347665	6.965591
318	-8195.295	-8444.082	248.7872	0.8588307	1.865193	0.5672058	7.265992
324	-8198.206	-8448.377	250.1715	0.8588307	1.451351	0.8632287	6.465294
330	-8198.961	-8449.398	250.437	0.8774142	1.52938	0.8632287	6.279876
336	-8198.8	-8448.97	250.1693	0.849976	1.625226	0.5860532	6.595254
342	-8203.956	-8454.037	250.0811	0.816151	1.596114	0.6880953	6.595254
348	-8208.878	-8459.211	250.3331	0.7143034	1.596114	0.5807099	6.595254
354	-8206.711	-8456.976	250.2652	0.7244398	1.603387	0.6285487	6.586333
360	-8201.929	-8451.058	249.129	0.8081822	1.603387	0.6171533	7.162587
366	-8206.549	-8455.323	248.7737	0.7580067	1.503825	0.6072022	7.42611
372	-8196.8	-8446.422	249.6223	0.7580067	1.556498	0.6072022	6.949609
378	-8203.179	-8453.351	250.172	0.758753	1.675718	0.4955989	6.701153
384	-8213.776	-8464.092	250.3161	0.8379767	1.597338	0.5868909	6.532091
390	-8203.429	-8454.061	250.6323	0.8617658	1.649355	0.5868909	6.328317
396	-8202.71	-8452.201	249.4912	0.8675386	1.559809	0.6248846	6.946359
402	-8213.734	-8463.879	250.1453	0.8219367	1.842351	0.5642976	6.563911
408	-8202.712	-8451.948	249.2363	0.7753874	1.668378	0.5589051	7.144743
414	-8205.038	-8453.778	248.7394	0.7462707	1.684247	0.5575252	7.422534
420	-8202.975	-8452.157	249.182	0.7985427	1.539935	0.6654027	7.12745
426	-8202.359	-8451.869	249.5093	0.74127	1.924579	0.5326008	6.950091
432	-8210.89	-8459.844	248.9542	0.7931635	1.643483	0.5829889	7.276356
438	-8204.314	-8452.97	248.6563	0.7931635	1.780293	0.4590796	7.494513
444	-8214.212	-8464.056	249.8448	0.8554294	1.700794	0.5522026	6.767611
450	-8195.888	-8445.483	249.5955	0.8189406	1.671209	0.6412302	6.862365
456	-8185.648	-8435.749	250.1018	0.7874062	1.655398	0.624427	6.624438
462	-8195.39	-8445.39	250.0007	0.8094599	1.850225	0.6153581	6.605559
468	-8201.573	-8451.895	250.3218	0.7802906	1.667899	0.5948453	6.527644
474	-8219.79	-8469.03	249.2401	0.7908916	1.471894	0.6980183	7.103847
480	-8211.029	-8460.655	249.6254	0.8188985	1.529963	0.5507492	6.970742
486	-8207.089	-8456.625	249.5357	0.7966658	1.541184	0.62092	6.970742
492	-8207.062	-8456.416	249.3534	0.8503962	1.671506	0.595971	7.010444
498	-8201.051	-8451.291	250.2396	0.8587483	1.570396	0.5413144	6.610042
504	-8208.015	-8456.705	248.6895	0.7391845	1.288371	0.5527168	7.614406
510	-8204.802	-8454.034	249.2322	0.8142196	1.786379	0.5310606	7.107608
516	-8201.224	-8450.52	249.296	0.8107153	1.670656	0.5916265	7.066407
522	-8210.784	-8459.294	248.5103	0.7684964	1.586358	0.6007937	7.534804
528	-8214.829	-8462.695	247.866	0.8099884	1.734688	0.5657533	7.831155
534	-8207.89	-8456.295	248.4055	0.7729174	1.600811	0.5288739	7.64163
540	-8191.327	-8440.564	249.2362	0.8315957	1.430258	0.6073373	7.167705
546	-8188.573	-8439.31	250.7371	0.9488149	1.836994	0.5505901	6.187175
552	-8182.271	-8432.625	250.3543	0.8968994	1.825473	0.7296014	6.291864
558	-8178.309	-8428.931	250.6217	0.8873625	1.683489	0.5785465	6.314357
564	-8181.984	-8431.952	249.9683	0.841024	1.439015	0.7112945	6.6883
570	-8186.642	-8436.698	250.0555	0.7929866	1.553916	0.6197403	6.6883
576	-8192.319	-8442.293	249.9746	0.8144098	1.586014	0.6241904	6.704729
582	-8193.918	-8441.807	247.8886	0.7754122	1.770846	0.5354806	7.849981
588	-8192.806	-8441.98	249.174	0.822696	1.908758	0.5424313	7.083638
594	-8197.022	-8446.215	249.1931	0.8348558	1.606392	0.6107193	7.117609
600	-8198.733	-8449.209	250.4758	0.8354025	1.651869	0.5542468	6.453236
606	-8200.249	-8450.866	250.6162	0.8076028	1.492918	0.5542468	6.453236
612	-8186.869	-8437.574	250.7056	0.9327493	1.497906	0.4980313	6.383584
618	-8193.279	-8444.698	251.4188	0.9911645	1.497906	0.534424	5.931636
624	-8188.678	-8438.938	250.2596	0.8413418	1.575088	0.542224	6.606057
630	-8189.723	-8439.112	249.389	0.8016985	1.403676	0.6390581	7.088476
636	-8189.203	-8437.918	248.7147	0.8244089	1.531429	0.5046938	7.49581
642	-8179.447	-8428.617	249.1702	0.8253947	1.659039	0.530057	7.180922
648	-8191.535	-8441.404	249.869	0.8078827	1.513989	0.4853476	6.908552
654	-8187.134	-8437.071	249.9375	0.8078827	1.422241	0.4853476	6.908552
660	-8196.511	-8446.245	249.7336	0.8484741	1.55442	0.4970365	6.933404
666	-8189.818	-8439.042	249.2235	0.738668	1.643751	0.6403901	7.116583
672	-8190.681	-8440.302	249.6205	0.7877193	1.464962	0.613961	6.965342
678	-8198.688	-8447.668	248.98	0.7698194	1.553691	0.6587632	7.250968
684	-8210.047	-8461.076	251.0287	0.8462603	1.218151	0.5594816	6.32274
690	-8195.251	-8445.662	250.4103	0.8830585	1.763224	0.6331285	6.360115
696	-8191.611	-8441.977	250.3653	0.8288494	1.666582	0.6222732	6.456895
702	-8197.184	-8446.223	249.0388	0.7373906	1.482173	0.4711827	7.418241
708	-8193.838	-8444.123	250.2853	0.7763053	1.314308	0.5834978	6.700103
714	-8199.683	-8449.814	250.1302	0.7997458	1.83155	0.5834978	6.572133
720	-8209.408	-8459.355	249.947	0.8329381	1.921084	0.6039716	6.607183
726	-8208.329	-8457.742	249.4124	0.8229943	1.575702	0.505558	7.104317
732	-8211.253	-8459.866	248.6126	0.7168474	1.62093	0.6225545	7.478072
738	-8210.814	-8461.26	250.446	0.84625	1.27108	0.590596	6.589008
744	-8208.636	-8458.803	250.1672	0.774346	1.386863	0.6381506	6.691347
750	-8199.172	-8447.236	248.0645	0.774346	1.565998	0.6426807	7.746115
756	-8190.844	-8439.819	248.9751	0.779486	1.775542	0.6173384	7.198564
762	-8189.225	-8438.228	249.0025	0.7885421	1.841871	0.5639729	7.198564
768	-8193.45	-8442.691	249.241	0.7885421	1.733342	0.6437829	7.045509
774	-8183.816	-8434.559	250.7427	0.8450496	1.550179	0.5503723	6.345005
780	-8194.564	-8444.509	249.9449	0.8207839	1.501664	0.5574925	6.803006
786	-8195.424	-8446.355	250.9308	0.8628229	1.609384	0.5414848	6.217999
792	-8192.394	-8442.172	249.7778	0.8628229	1.756038	0.6619727	6.694587
798	-8190.303	-8440.545	250.2422	0.8323337	1.534446	0.6034778	6.586203
804	-8193.98	-8443.647	249.6666	0.7819414	1.71973	0.5573662	6.892326
810	-8207.016	-8456.016	248.9997	0.7819414	1.922871	0.5331931	7.202443
816	-8205.832	-8455.549	249.717	0.8207436	1.599557	0.654848	6.812292
822	-8221.9	-8470.833	248.933	0.8458792	1.382242	0.6708766	7.295359
828	-8220.976	-8470.132	249.1556	0.7619352	1.570291	0.6754219	7.142456
834	-8205.445	-8454.49	249.0449	0.7698574	2.071139	0.5541995	7.120222
840	-8218.151	-8467.332	249.1813	0.9090881	2.088425	0.5572622	6.964026
846	-8203.262	-8453.052	249.7898	0.8079101	1.804698	0.6531545	6.70733
852	-8210.495	-8460.455	249.9596	0.8326065	1.612317	0.6808515	6.65111
858	-8199.873	-8449.598	249.7246	0.8326065	1.889866	0.4989806	6.825508
864	-8211.307	-8459.568	248.2615	0.7732532	1.862264	0.5808904	7.583699
870	-8185.932	-8435.897	249.9643	0.8987623	1.709136	0.5918299	6.644436
876	-8190.786	-8440.97	250.1839	0.802441	1.548844	0.5831794	6.644436
882	-8196.682	-8446.814	250.1328	0.8517888	1.599103	0.570793	6.636155
888	-8192.972	-8443.525	250.5531	0.8840953	1.721016	0.542425	6.369744
894	-8199.689	-8449.223	249.5337	0.8238286	1.721016	0.5129324	6.978669
900	-8190.429	-8438.96	248.5308	0.8316625	1.535403	0.6644268	7.461681
906	-8181.823	-8432.464	250.6407	0.8316625	1.566543	0.5573649	6.39544
912	-8186.852	-8438.21	251.3581	0.9169065	1.837001	0.5991481	5.826202
918	-8192.021	-8442.319	250.2985	0.8917069	1.504871	0.6502162	6.499576
924	-8194.41	-8445.895	251.4854	0.9275325	1.731845	0.5321972	5.843201
930	-8203.877	-8452.943	249.0662	0.8075971	1.452447	0.5040866	7.348127
936	-8211.075	-8461.469	250.3939	0.9006012	1.667209	0.627507	6.398216
942	-8201.02	-8450.141	249.1209	0.8236823	1.493347	0.6483581	7.177499
948	-8211.422	-8461.254	249.8318	0.7361458	1.656416	0.6482221	6.779704
954	-8207.606	-8456.296	248.6898	0.7416282	1.621501	0.5537825	7.477582
960	-8208.404	-8459.508	251.1034	0.9152364	1.533502	0.6675855	6.025254
966	-8206.991	-8457.229	250.2381	0.9482925	1.814361	0.5787599	6.442971
972	-8204.799	-8455.975	251.1756	0.9626359	1.773339	0.6900188	5.854427
978	-8214.67	-8466.336	251.6664	0.9626359	1.156215	0.7119427	5.825322
984	-8212.741	-8464.714	251.9726	0.9626359	1.311026	0.7119427	5.585081
990	-8200.889	-8450.729	249.8393	0.8244258	1.424683	0.6094345	6.847493
996	-8204.506	-8454.222	249.7166	0.8206216	1.593103	0.6117924	6.847493
1002	-8199.023	-8448.639	249.6162	0.8070035	1.494168	0.6117924	6.94727
1008	-8194.094	-8443.155	249.0613	0.8078961	1.529052	0.5233771	7.303466
1014	-8195.455	-8444.695	249.2398	0.8445179	1.497349	0.6441174	7.103951
1020	-8197.506	-8446.927	249.4212	0.7845875	1.353265	0.6156407	7.119312
1026	-8197.397	-8445.558	248.1609	0.8304431	1.569975	0.6154512	7.683572
1032	-8190.808	-8441.42	250.612	0.8304431	1.742131	0.6020171	6.310676
1038	-8206.131	-8456.557	250.4263	0.9023101	1.796036	0.6078894	6.348955
1044	-8189.815	-8440.124	250.3091	0.8063885	1.62619	0.5771595	6.55
1050	-8189.732	-8438.72	248.9881	0.7930395	1.824692	0.5755158	7.200288
1056	-8200.91	-8449.761	248.8508	0.8108277	2.026328	0.5755158	7.199002
1062	-8183.625	-8433.663	250.0371	0.9234326	1.556114	0.5755158	6.661705
1068	-8188.726	-8438.972	250.2463	0.8953652	1.984613	0.542677	6.440654
1074	-8187.029	-8438.253	251.2242	0.9395893	1.488559	0.637818	5.986197
1080	-8188.428	-8438.133	249.7043	0.9283155	1.873449	0.631461	6.681426
1086	-8189.029	-8438.602	249.5733	0.9107469	1.600691	0.6819955	6.821106
1092	-8206.522	-8455.767	249.2443	0.7511946	1.89084	0.6028024	7.041286
1098	-8208.8	-8457.25	248.4502	0.7322561	1.734542	0.5215204	7.597321
1104	-8205.763	-8455.328	249.5654	0.742541	1.765615	0.565579	6.945218
1110	-8215.631	-8464.869	249.2387	0.8211656	1.420663	0.7132808	7.098479
1116	-8215.545	-8465.096	249.5505	0.8489006	1.593002	0.7066126	6.852286
1122	-8202.808	-8452.808	249.9995	0.7791314	1.782887	0.6007591	6.657037
1128	-8199.782	-8450.071	250.2897	0.8938263	1.695361	0.5387926	6.519517
1134	-8200.091	-8451.03	250.9388	0.8078601	1.695361	0.5574192	6.198253
1140	-8213.42	-8463.71	250.2909	0.8487629	1.485792	0.6045894	6.569344
1146	-8212.615	-8463.092	250.4774	0.8153181	1.611179	0.6739937	6.38547
1152	-8196.951	-8446.186	249.2345	0.7604545	1.560517	0.7396814	7.0599
1158	-8200.253	-8448.519	248.2657	0.7974092	1.453506	0.6236095	7.68443
1164	-8227.155	-8476.577	249.4219	0.8548536	1.939974	0.6206322	6.859922
1170	-8208.786	-8457.867	249.0814	0.7619952	1.46699	0.5844139	7.291376
1176	-8202.793	-8452.832	250.0392	0.8062017	1.636116	0.5292693	6.73221
1182	-8196.573	-8446.784	250.2112	0.8484088	1.771555	0.5932298	6.514853
1188	-8191.933	-8441.401	249.4684	0.8645823	1.532689	0.5516734	7.028845
1194	-8202.611	-8453.029	250.4181	0.9455221	1.865416	0.6264618	6.291917
1200	-8194.638	-8445.056	250.4184	0.8429781	1.502569	0.6146467	6.488909
1206	-8191.545	-8441.085	249.5407	0.7511033	1.847899	0.5648895	6.926324
1212	-8192.603	-8443.953	251.3505	0.9087729	1.620092	0.6570649	5.868275
1218	-8189.368	-8439.389	250.0202	0.9087729	1.809674	0.599868	6.567161
1224	-8190.977	-8440.943	249.9668	0.9097344	1.853341	0.6172373	6.567161
1230	-8193.981	-8442.805	248.8241	0.8540529	1.717961	0.593647	7.278167
1236	-8192.243	-8441.575	249.3319	0.7522227	1.885218	0.5298089	7.055004
1242	-8191.758	-8441.207	249.4488	0.8004325	1.455148	0.6138417	7.055004
1248	-8199.59	-8447.971	248.3809	0.8004325	1.62942	0.6108571	7.563187
1254	-8202.657	-8451.581	248.9234	0.7517889	1.521206	0.5331273	7.402296
1260	-8193.454	-8442.353	248.8991	0.7851009	1.622566	0.6300678	7.281533
1266	-8195.696	-8446.002	250.3057	0.7629608	1.644062	0.57785	6.568127
1272	-8203.657	-8455.222	251.565	0.914136	1.374331	0.6876053	5.824648
1278	-8201.501	-8453.15	251.6492	0.9215889	1.49801	0.6280604	5.767443
1284	-8202.987	-8453.459	250.4721	0.8780413	1.504818	0.6625761	6.403758
1290	-8199.93	-8450.615	250.6847	0.8304851	1.612685	0.6385878	6.2903
1296	-8207.936	-8457.015	249.0782	0.7764978	1.717853	0.6385878	7.148936
1302	-8213.389	-8461.792	248.4027	0.7304366	1.906909	0.4675131	7.613591
1308	-8206.502	-8454.973	248.4719	0.7304366	1.526924	0.6124341	7.589486
1314	-8197.597	-8446.107	248.5101	0.7965465	1.546899	0.53349	7.589486
1320	-8221.439	-8469.604	248.1647	0.7653274	1.739425	0.6310958	7.642801
1326	-8216.485	-8466.157	249.672	0.7653274	1.632323	0.6310958	6.871919
1332	-8202.123	-8450.919	248.7962	0.8122301	1.65108	0.7298374	7.240437
1338	-8202.647	-8451.331	248.6845	0.7427773	1.63092	0.5685685	7.464244
1344	-8202.928	-8451.551	248.6221	0.7465804	1.764061	0.5487852	7.464244
1350	-8208.983	-8457.68	248.6971	0.8171441	1.764061	0.5898375	7.352997
1356	-8202.538	-8452.559	250.0205	0.8423193	1.528866	0.5745682	6.725869
1362	-8203.939	-8454.551	250.6123	0.8423193	1.727318	0.6215555	6.294155
1368	-8201.074	-8450.881	249.8068	0.8423193	1.617807	0.6056613	6.782583
1374	-8188.3	-8438.235	249.9342	0.7670244	1.543846	0.6056613	6.782583
1380	-8184.149	-8434.674	250.5255	0.9065905	1.971499	0.5139707	6.312083
1386	-8200.039	-8449.417	249.3785	0.9065905	1.73581	0.512382	7.012927
1392	-8204.873	-8454.085	249.213	0.8150334	1.887486	0.5428801	7.073395
1398	-8205.726	-8456.03	250.304	0.8150334	1.621438	0.5777353	6.549389
1404	-8205.213	-8454	248.7878	0.8308078	1.765328	0.6211073	7.27229
1410	-8210.89	-8459.891	249.0012	0.7712242	1.59568	0.5935359	7.27229
1416	-8211.801	-8460.794	248.9936	0.7712242	1.623518	0.5855665	7.27229
1422	-8198.602	-8448.01	249.4083	0.8143919	1.36988	0.5855665	7.126693
1428	-8198.855	-8449.708	250.8537	0.8580689	1.627658	0.7585141	6.092651
1434	-8197.634	-8448.164	250.5292	0.7951603	1.479432	0.6568537	6.4321
1440	-8195.872	-8446.343	250.4712	0.7951603	1.728634	0.5670477	6.439139
1446	-8195.873	-8446.276	250.4032	0.8996492	1.728634	0.5661534	6.420095
1452	-8195.988	-8444.098	248.11	0.8115716	1.904324	0.5474416	7.657606
1458	-8187.036	-8436.557	249.5205	0.8386338	1.637041	0.5492147	6.977287
1464	-8189.887	-8437.777	247.8896	0.7723988	1.582477	0.5903274	7.87425
1470	-8213.869	-8463.231	249.3623	0.8399458	1.890665	0.6135917	6.921661
1476	-8210.484	-8460.362	249.8782	0.8807024	1.882476	0.6023998	6.632579
1482	-8188.774	-8439.086	250.3125	0.8614113	1.593394	0.6170594	6.499182
1488	-8196.088	-8445.996	249.909	0.8872774	1.860377	0.511328	6.695321
1494	-8198.091	-8448.975	250.8839	0.8595031	1.490438	0.5626573	6.27384
1500	-8221.888	-8471.381	249.4935	0.7620354	1.85598	0.6491866	6.87755
1506	-8231.713	-8482.603	250.8897	0.8618089	1.85598	0.4737587	6.213057
1512	-8194.946	-8444.667	249.7217	0.7958337	1.541994	0.6114426	6.877957
1518	-8200.788	-8450.46	249.6721	0.8132663	1.668413	0.5732716	6.877957
1524	-8198.056	-8447.726	249.6697	0.8125003	1.492834	0.5593026	6.957846
1530	-8198.431	-8448.717	250.2856	0.8768741	1.735305	0.5360144	6.51901
1536	-8194.403	-8444.9	250.4967	0.8277551	1.56304	0.6590355	6.397526
1542	-8207.425	-8455.488	248.0625	0.7129308	1.524932	0.7060634	7.750487
1548	-8209.639	-8458.46	248.8212	0.7690456	1.503289	0.7059344	7.322619
1554	-8212.359	-8461.277	248.9176	0.7973187	1.526335	0.5891107	7.333164
1560	-8212.169	-8461.322	249.1535	0.8327602	1.646465	0.532096	7.188804
1566	-8216.738	-8466.357	249.619	0.8085451	1.901055	0.5302445	6.864404
1572	-8200.492	-8451.176	250.6848	0.763502	1.770653	0.5766155	6.317773
1578	-8211.461	-8460.763	249.3023	0.763502	1.410536	0.6429884	7.149848
1584	-8206.368	-8454.72	248.352	0.8245804	1.508224	0.6745429	7.564582
1590	-8206.802	-8457.48	250.678	0.8986811	1.739346	0.7105655	6.15815
1596	-8215.126	-8464.8	249.6737	0.8860586	1.364141	0.7236087	6.845819
1602	-8220.258	-8470.359	250.1007	0.8583996	1.668452	0.6939348	6.530711
1608	-8201.364	-8451.379	250.0141	0.8870551	1.687015	0.7292122	6.530711
1614	-8210.269	-8461.171	250.9017	0.8995174	1.71022	0.512172	6.202028
1620	-8218.253	-8467.313	249.0598	0.8600432	1.738089	0.4574284	7.258483
1626	-8189.769	-8439.913	250.1442	0.9135796	1.714747	0.6031236	6.528158
1632	-8187.963	-8438.377	250.4139	0.8395969	1.827995	0.6109184	6.376375
1638	-8193.867	-8444.479	250.612	0.8425303	1.670421	0.545137	6.376375
1644	-8195.781	-8445.149	249.3678	0.8036319	1.64617	0.4925847	7.123932
1650	-8191.154	-8441.118	249.9641	0.8027334	1.64617	0.4890297	6.806407
1656	-8185.524	-8434.385	248.8609	0.7247946	1.497004	0.6008196	7.404762
1662	-8190.77	-8439.511	248.741	0.6792655	1.73545	0.6008196	7.404762
1668	-8188.732	-8438.928	250.1958	0.707693	1.740287	0.5685312	6.630262
1674	-8186.461	-8436.338	249.8775	0.7672235	1.586616	0.5934783	6.806248
1680	-8179.367	-8427.545	248.178	0.7426149	1.577604	0.6536725	7.689947
1686	-8189.636	-8440.33	250.6949	0.8015059	1.442569	0.5847153	6.409337
1692	-8183.5	-8432.669	249.1694	0.7644262	1.697574	0.6229057	7.125446
1698	-8175.137	-8425.027	249.8902	0.7646615	1.739538	0.5415307	6.787268
1704	-8183.142	-8433.612	250.4703	0.9242413	1.853525	0.5937497	6.304644
1710	-8189.267	-8440.611	251.344	0.8789179	1.753946	0.5937497	5.887973
1716	-8203.085	-8453.234	250.1496	0.9603788	1.916303	0.6640301	6.384508
1722	-8194.188	-8443.59	249.4027	0.7458643	1.887937	0.6854605	6.898269
1728	-8190.776	-8441.246	250.47	0.7610971	1.623302	0.5746266	6.490529
1734	-8195.849	-8444.773	248.9235	0.7277511	1.814003	0.5746266	7.27441
1740	-8209.647	-8457.923	248.2762	0.8094643	1.643711	0.5180512	7.684644
1746	-8206.219	-8456.045	249.8262	0.8094643	1.744083	0.5259324	6.809282
1752	-8211.514	-8461.323	249.8093	0.7927589	1.76673	0.5470237	6.801559
1758	-8213.279	-8464.261	250.9825	0.8549885	1.766944	0.5326963	6.144197
1764	-8211.666	-8462.709	251.0435	0.9169172	1.490842	0.5471481	6.168617
1770	-8206.686	-8456.407	249.7216	0.8667328	1.490842	0.5447729	6.913537
1776	-8209.193	-8460.678	251.4852	0.933681	1.485171	0.5988615	5.878555
1782	-8195.06	-8446.118	251.0584	0.933681	1.676339	0.5724575	6.059192
1788	-8195.052	-8446.22	251.1673	0.9242374	1.438908	0.6203987	6.059192
1794	-8207.408	-8458.29	250.8827	0.9164314	1.639735	0.5292175	6.214145
1800	-8222.949	-8471.217	248.2678	0.8097042	1.639506	0.4874864	7.717439
1806	-8210.444	-8459.806	249.362	0.7930409	1.649599	0.5779315	7.059012
1812	-8210.412	-8459.037	248.6241	0.8140766	1.499889	0.5894187	7.491658
1818	-8209.187	-8459.368	250.1813	0.8218	1.656078	0.6161841	6.568895
1824	-8203.992	-8455.425	251.4333	0.887375	1.500044	0.6268278	5.90437
1830	-8203.427	-8454.936	251.5096	0.8834931	1.500044	0.5769121	5.90437
1836	-8201.906	-8451.501	249.595	0.8878398	1.599513	0.5856046	6.894944
1842	-8208.916	-8459.427	250.5108	0.8878398	1.564904	0.7250503	6.30954
1848	-8201.98	-8452.619	250.6386	0.8183805	1.329728	0.7107382	6.384268
1854	-8203.973	-8453.94	249.9675	0.7946907	1.576787	0.7107382	6.659692
1860	-8203.098	-8453.201	250.1036	0.7979508	1.480752	0.6579265	6.659692
1866	-8210.122	-8459.716	249.5943	0.8127216	1.70162	0.6095634	6.879455
1872	-8198.511	-8450.334	251.8231	0.907205	1.707846	0.6506312	5.582436
1878	-8200.37	-8449.99	249.6204	0.8098583	1.625598	0.7310453	6.806597
1884	-8201.394	-8449.091	247.697	0.7566465	1.663351	0.5758119	7.967149
1890	-8213.656	-8461.871	248.2154	0.8297771	1.663351	0.5021508	7.712971
1896	-8209.956	-8458.695	248.739	0.8078863	1.708787	0.6040648	7.343773
1902	-8207.054	-8455.66	248.6065	0.8045354	1.709067	0.6040648	7.416533
1908	-8205.794	-8455.777	249.9831	0.7767267	1.551892	0.5610467	6.783614
1914	-8199.737	-8448.911	249.1742	0.7767267	1.576815	0.6117051	7.169411
1920	-8197.665	-8446.368	248.7031	0.7645967	1.45495	0.6117051	7.476339
1926	-8200.05	-8448.149	248.0994	0.7198885	1.626918	0.6824681	7.70501
1932	-8192.12	-8441.567	249.4477	0.7937406	1.771151	0.579401	6.967916
1938	-8203.143	-8452.288	249.1448	0.796459	1.511566	0.5200144	7.274521
1944	-8197.532	-8447.059	249.5276	0.7842866	1.665615	0.6650173	6.902152
1950	-8199.129	-8448.029	248.9	0.8215896	1.819389	0.6594995	7.169758
1956	-8192.118	-8441.18	249.0621	0.7593293	1.409922	0.6251169	7.294786
1962	-8208.977	-8458.731	249.7536	0.8127278	1.962024	0.5549862	6.748833
1968	-8210.597	-8460.35	249.7528	0.9090481	1.714224	0.5949703	6.748833
1974	-8192.79	-8441.236	248.4461	0.7498094	1.639334	0.6736757	7.505153
1980	-8197.677	-8448.046	250.3696	0.8091014	1.456872	0.542947	6.609942
1986	-8211.619	-8462.146	250.5278	0.8654218	1.804964	0.6690755	6.264549
1992	-8220.317	-8471.456	251.1391	0.8690764	1.58893	0.5687015	6.086269
1998	-8211.852	-8463.241	251.3886	0.9384752	1.874923	0.6213805	5.767295
2004	-8194.856	-8444.028	249.1714	0.7207638	1.782756	0.6310369	7.111714
2010	-8214.011	-8462.104	248.0926	0.8136673	1.48421	0.5876901	7.783788
2016	-8213.851	-8463.441	249.59	0.7992253	1.621504	0.5892716	6.934233
2022	-8206.146	-8455.487	249.3416	0.8932398	1.613546	0.6481872	6.975243
2028	-8191.739	-8441.231	249.4916	0.8053165	1.910445	0.5349596	6.927752
2034	-8195.535	-8445.694	250.1592	0.8237039	1.525517	0.571757	6.66458
2040	-8191.319	-8440.897	249.5782	0.7536886	1.646772	0.6123494	6.937737
2046	-8192.474	-8441.899	249.4247	0.855514	1.652493	0.636563	6.945061
2052	-8198.458	-8447.962	249.504	0.7851795	1.543797	0.6592703	6.964326
2058	-8197.275	-8446.273	248.9985	0.8039328	1.476622	0.6394887	7.267107
2064	-8207.306	-8456.897	249.5911	0.8039328	1.533741	0.6100746	6.948243
2070	-8195.054	-8443.997	248.9431	0.8323838	1.670605	0.7011471	7.163295
2076	-8200.521	-8450.082	249.5608	0.7933273	1.506113	0.6206844	6.972933
2082	-8203.197	-8452.9	249.7029	0.8070434	1.350401	0.5949744	6.972933
2088	-8205.961	-8454.91	248.9488	0.7974302	1.349028	0.6268746	7.359396
2094	-8201.562	-8450.089	248.5268	0.7060691	1.729925	0.670201	7.455256
2100	-8199.894	-8449.293	249.3997	0.88956	1.423157	0.7444789	6.952751
2106	-8203.562	-8454.1	250.5378	0.88956	1.677035	0.6169219	6.330708
2112	-8207.059	-8456.26	249.2007	0.7504665	1.443113	0.5268875	7.290589
2118	-8197.049	-8445.671	248.6222	0.719098	1.892171	0.6052074	7.39044
2124	-8196.936	-8445.985	249.0489	0.7889666	1.612942	0.4984482	7.310171
2130	-8205.706	-8455.432	249.7265	0.8038658	1.819251	0.4716668	6.888564
2136	-8202.186	-8452.992	250.8061	0.8760899	1.724183	0.4831968	6.287861
2142	-8199.408	-8448.925	249.5164	0.8313053	1.605558	0.4837677	7.05217
2148	-8205.535	-8456.607	251.0721	0.9033729	1.70203	0.4888443	6.131141
2154	-8202.719	-8450.842	248.1228	0.7092417	1.805141	0.6021986	7.694557
2160	-8214.109	-8462.957	248.8479	0.7650936	1.592415	0.6477376	7.317811
2166	-8214.252	-8463.166	248.9141	0.7170768	1.700282	0.6206368	7.288808
2172	-8200.451	-8449.966	249.5155	0.7995393	1.525728	0.6149238	6.990708
2178	-8197.569	-8448.043	250.4743	0.8692301	1.79749	0.6049034	6.342703
2184	-8199.021	-8449.714	250.6928	0.8692301	1.568092	0.5785952	6.328789
2190	-8200.26	-8451.957	251.6973	0.9561416	1.889349	0.6228309	5.582343
2196	-8207.824	-8458.229	250.4054	0.8587786	1.655125	0.5390481	6.490324
2202	-8205.198	-8455.835	250.6375	0.8968798	1.743132	0.7406759	6.159039
2208	-8196.105	-8446.229	250.1248	0.8711544	1.785437	0.6196458	6.523871
2214	-8198.639	-8449.906	251.2678	0.922467	1.692631	0.4941664	6.012694
2220	-8206.831	-8456.783	249.9515	0.9048805	2.004231	0.4722935	6.65123
2226	-8207.202	-8455.887	248.685	0.8357696	1.848503	0.6581807	7.268804
2232	-8200.878	-8450.047	249.1687	0.8597355	1.496331	0.6581807	7.124037
2238	-8197.2	-8447.493	250.2924	0.8761044	1.618781	0.722966	6.415312
2244	-8205.521	-8456.759	251.2384	0.9500518	1.752567	0.6212114	5.885656
2250	-8203.009	-8451.995	248.9863	0.7716569	1.730411	0.5529699	7.263751
2256	-8189.715	-8438.773	249.0579	0.8236935	1.433188	0.6109299	7.263751
2262	-8194.135	-8442.737	248.6026	0.7791605	1.607046	0.5549857	7.5086
2268	-8200.061	-8449.28	249.2186	0.7985423	1.324763	0.5910594	7.252133
2274	-8224.155	-8473.88	249.7251	0.8935888	1.506103	0.7500138	6.737915
2280	-8206.254	-8457.049	250.7951	0.9065673	1.713856	0.6205521	6.165443
2286	-8193.751	-8444.854	251.1027	0.9202385	1.636033	0.6600181	5.989155
2292	-8197.094	-8447.821	250.7272	0.8807912	1.545562	0.5785096	6.312644
2298	-8196.907	-8446.172	249.2647	0.8127987	1.735662	0.7048197	6.97492
2304	-8194.303	-8444.523	250.2196	0.8127987	1.462103	0.6378366	6.611405
2310	-8188.518	-8438.561	250.0428	0.8585614	1.653724	0.6294458	6.614677
2316	-8187.635	-8437.153	249.5181	0.8791859	1.744398	0.6173371	6.863498
2322	-8192.794	-8443.265	250.4708	0.8150243	1.762238	0.5467799	6.433501
2328	-8205.2	-8455.743	250.5424	0.8252071	1.66187	0.6372905	6.353096
2334	-8212.188	-8460.843	248.6551	0.7767336	1.836745	0.5254411	7.425262
2340	-8222.628	-8473.596	250.9684	1.016426	1.364569	0.5022617	6.2468
2346	-8205.511	-8456.284	250.7735	0.8823085	1.424187	0.6851425	6.254171
2352	-8201.976	-8452.668	250.6925	0.8223809	1.45277	0.5406086	6.431576
2358	-8208.043	-8458.069	250.0267	0.8223809	1.330394	0.6343111	6.768384
2364	-8205.461	-8455.59	250.1298	0.7802796	1.587007	0.5780864	6.675087
2370	-8201.841	-8452.221	250.3799	0.8804179	1.756662	0.6913647	6.337542
2376	-8199.484	-8450.539	251.0557	0.8804179	1.756662	0.5233769	6.10219
2382	-8206.661	-8457.537	250.8766	0.8451873	1.352957	0.5576336	6.346916
2388	-8207.171	-8457.947	250.7762	0.8637166	1.458897	0.5576336	6.346916
2394	-8189.851	-8439.568	249.7179	0.7561725	1.425412	0.5615434	6.98761
2400	-8197.424	-8447.062	249.638	0.8151599	1.453075	0.5615434	6.98761
2406	-8214.561	-8464.678	250.118	0.8464056	1.489264	0.6589655	6.621545
2412	-8206.089	-8455.569	249.4802	0.8417299	1.681935	0.635101	6.912944
2418	-8206.049	-8455.053	249.0044	0.7716195	1.493273	0.6108936	7.296356
2424	-8192.039	-8441.132	249.0923	0.8096584	1.488964	0.6238976	7.220492
2430	-8193.088	-8444.132	251.0439	0.8536356	1.756253	0.548629	6.101702
2436	-8197.96	-8448.868	250.9083	0.8536356	1.762953	0.6381236	6.101702
2442	-8201.38	-8451.004	249.6243	0.7612723	1.64075	0.6338062	6.894653
2448	-8207.322	-8457.692	250.3697	0.8179951	1.67702	0.5240263	6.536596
2454	-8209.396	-8459.421	250.0258	0.7474358	1.495563	0.5668132	6.793676
2460	-8202.582	-8452.162	249.5801	0.8757015	1.860796	0.5156479	6.875138
2466	-8206.912	-8456.33	249.4186	0.81179	1.819811	0.5064144	7.018523
2472	-8200.975	-8450.485	249.5109	0.8674391	1.752363	0.639792	6.853899
2478	-8201.612	-8449.691	248.0794	0.7935132	1.823302	0.6219097	7.651461
2484	-8205.089	-8456.08	250.9916	0.9076852	1.492532	0.6866849	6.092712
2490	-8213.611	-8462.483	248.8715	0.7628176	1.442905	0.7086734	7.321203
2496	-8217.949	-8464.706	246.7569	0.7424864	1.394946	0.6151384	8.547973
2502	-8213.92	-8464.45	250.5304	0.8092013	1.40031	0.5496964	6.540552
2508	-8214.263	-8464.262	249.9994	0.9311469	1.587413	0.5644042	6.675001
2514	-8205.912	-8457.558	251.6459	0.9107839	1.677494	0.5184746	5.796312
2520	-8202.119	-8451.009	248.8905	0.7899788	1.587736	0.6642552	7.27125
2526	-8212.321	-8460.888	248.5668	0.7698525	1.85968	0.4888569	7.500681
2532	-8209.904	-8459.442	249.538	0.7917209	1.568265	0.5659083	7.005215
2538	-8203.586	-8453.27	249.6846	0.8124535	1.645363	0.5852951	6.870458
2544	-8206.426	-8455.816	249.39	0.8321966	1.616458	0.6472231	6.981692
2550	-8206.275	-8454.675	248.4	0.7181434	1.835191	0.6640958	7.48491
2556	-8197.307	-8445.856	248.5494	0.7972693	1.556413	0.6334712	7.48491
2562	-8186.414	-8436.145	249.7316	0.8074243	1.855812	0.6334712	6.736391
2568	-8190.264	-8438.976	248.7117	0.8043239	1.63923	0.5325956	7.443438
2574	-8200.182	-8448.47	248.2885	0.7590532	1.743854	0.6028498	7.59993
2580	-8195.765	-8443.693	247.9278	0.7261407	1.609169	0.6028498	7.858841
2586	-8203.283	-8451.208	247.9249	0.7597591	1.503986	0.6384909	7.855495
2592	-8203.496	-8451.685	248.189	0.6812519	1.54806	0.6349873	7.741886
2598	-8201.218	-8447.459	246.2413	0.7189652	1.554462	0.5986163	8.783673
2604	-8204.814	-8453.788	248.9733	0.76708	1.626852	0.6169322	7.25971
2610	-8204.339	-8454.5	250.161	0.8177457	1.573514	0.6088068	6.618763
2616	-8213.986	-8463.866	249.8796	0.751245	1.81286	0.6192274	6.712219
2622	-8207.68	-8457.518	249.838	0.839919	1.504498	0.6010753	6.814154
2628	-8209.487	-8458.24	248.7531	0.8151082	1.894211	0.6683718	7.220758
2634	-8202.371	-8451.967	249.5965	0.8354672	1.724095	0.6460066	6.83033
2640	-8201.72	-8452.347	250.6266	0.8794713	1.616273	0.5830941	6.33721
2646	-8206.765	-8455.966	249.2015	0.8659198	1.60162	0.665114	7.057425
2652	-8202.909	-8452.505	249.5954	0.8864692	1.723988	0.5151912	6.908657
2658	-8199.051	-8448.094	249.0435	0.8761685	1.814968	0.5244804	7.171574
2664	-8202.104	-8452.648	250.5435	0.9364998	1.789373	0.4700624	6.386803
2670	-8193.939	-8444.241	250.3026	0.9417917	1.838475	0.5984684	6.387507
2676	-8193.768	-8443.653	249.885	0.9353383	1.578197	0.5707058	6.732924
2682	-8203.423	-8455.375	251.9514	0.9273369	1.591505	0.4944731	5.673796
2688	-8201.395	-8452.45	251.055	0.901217	1.591505	0.6110245	6.079624
2694	-8206.718	-8456.588	249.8702	0.8585719	1.491322	0.6136494	6.782178
2700	-8202.894	-8452.805	249.9112	0.8582111	1.430048	0.6173153	6.782178
2706	-8210.304	-8461.047	250.7428	0.8393297	1.635584	0.6124513	6.265404
2712	-8211.994	-8462.314	250.3196	0.8125735	1.810022	0.6893361	6.389899
2718	-8205.362	-8455.056	249.6944	0.8239733	1.560396	0.5812334	6.894154
2724	-8200.715	-8449.709	248.994	0.8614187	1.616845	0.5660362	7.241804
2730	-8207.119	-8456.215	249.0957	0.8032531	1.691695	0.5626047	7.193879
2736	-8199.354	-8448.421	249.0669	0.9036811	1.823232	0.5382295	7.129685
2742	-8223.167	-8471.964	248.7973	0.8524442	1.858058	0.5000687	7.323348
2748	-8209.123	-8458.068	248.9448	0.7562441	1.487782	0.5302299	7.404002
2754	-8202.663	-8451.248	248.5848	0.7103636	1.741897	0.5666646	7.496697
2760	-8197.975	-8447.592	249.6176	0.8106707	1.520566	0.5225005	7.007001
2766	-8189.772	-8439.412	249.6403	0.7778419	1.585045	0.5827426	6.937601
2772	-8197.578	-8446.519	248.9416	0.8187143	1.710441	0.6051383	7.227788
2778	-8198.016	-8446.286	248.2701	0.7898601	1.710441	0.662955	7.559989
2784	-8212.097	-8462.468	250.3718	0.864724	1.930194	0.5981103	6.36145
2790	-8200.808	-8450.411	249.6032	0.7700953	1.819542	0.5981103	6.865367
2796	-8200.554	-8451.172	250.6187	0.7994411	1.873569	0.4981353	6.365911
2802	-8204.981	-8455.457	250.4763	0.8390635	2.062505	0.5304612	6.332284
2808	-8212.677	-8460.324	247.6472	0.7839102	1.681711	0.6291941	7.931272
2814	-8191.418	-8440.771	249.3527	0.8542705	1.882248	0.5504934	6.972435
2820	-8190.476	-8441.384	250.9083	0.9199456	1.406422	0.656885	6.188446
2826	-8186.123	-8436.852	250.7291	0.8378281	1.726408	0.6353162	6.222885
2832	-8187.792	-8438.234	250.4416	0.8038484	1.731126	0.5461205	6.466988
2838	-8193.468	-8443.306	249.8377	0.761746	1.620362	0.5301909	6.87001
2844	-8193.685	-8444.17	250.4851	0.7624917	1.537666	0.5718934	6.516491
2850	-8191.17	-8441.209	250.0389	0.8343023	1.512227	0.6930033	6.637195
2856	-8196.67	-8445.83	249.1601	0.8558318	1.631363	0.7555935	7.011307
2862	-8212.355	-8461.259	248.9042	0.7900269	1.496029	0.5805818	7.362909
2868	-8201.364	-8451.043	249.6789	0.7900269	1.387539	0.5698473	6.999386
2874	-8206.251	-8454.537	248.2862	0.694038	1.279218	0.6698512	7.768271
2880	-8187.396	-8436.585	249.1893	0.7921724	1.658672	0.6076708	7.125602
2886	-8181.901	-8432.127	250.2267	0.8560007	1.51515	0.6076708	6.586092
2892	-8181.724	-8431.505	249.7804	0.8497849	1.663072	0.6083514	6.773969
2898	-8183.029	-8433.029	250.0003	0.8587607	1.693907	0.6685823	6.59377
2904	-8191.236	-8441.466	250.2301	0.8858705	1.71012	0.6873333	6.435253
2910	-8195.308	-8444.805	249.4965	0.7827691	1.661599	0.6654408	6.920855
2916	-8207.27	-8455.371	248.1012	0.7860822	1.732272	0.6396635	7.661777
2922	-8200.923	-8451.239	250.3158	0.8679538	1.348923	0.5470832	6.648882
2928	-8199.138	-8449.316	250.1787	0.9165275	1.872166	0.5452026	6.500431
2934	-8202.727	-8453.881	251.1537	0.8730633	1.539208	0.6212538	6.053471
2940	-8195.402	-8444.856	249.454	0.8185497	1.789432	0.6463427	6.893124
2946	-8192.286	-8441.86	249.5737	0.8199948	1.60141	0.6555895	6.888748
2952	-8198.255	-8448.447	250.1917	0.9094987	1.305312	0.5944294	6.673959
2958	-8191.028	-8441.642	250.6134	0.8462861	1.602135	0.6052598	6.350102
2964	-8196.104	-8446.107	250.0032	0.832197	1.528332	0.5486045	6.762273
2970	-8200.271	-8450.165	249.8941	0.8402915	1.565807	0.597944	6.762273
2976	-8202.811	-8452.929	250.1183	0.855492	1.35211	0.5861394	6.729012
2982	-8202.003	-8452.766	250.7633	0.8836246	1.627549	0.5493471	6.284213
2988	-8199.202	-8450.045	250.8431	0.9012652	1.631258	0.5269526	6.249021
2994	-8205.997	-8455.903	249.9062	0.8224267	1.448792	0.6115763	6.800963
3000	-8211.953	-8460.031	248.0786	0.8224267	1.556311	0.6054277	7.74475
3006	-8208.603	-8456.932	248.3287	0.7768219	1.706506	0.5324839	7.639055
3012	-8205.792	-8455.597	249.8049	0.8419129	1.491105	0.7009418	6.76227
3018	-8197.617	-8447.655	250.0381	0.8356	1.455694	0.5585432	6.76227
3024	-8206.101	-8455.225	249.1237	0.8239478	1.446509	0.6195701	7.216245
3030	-8211.493	-8461.622	250.129	0.8512815	1.642624	0.6241508	6.580093
3036	-8206.967	-8455.831	248.8639	0.7722456	1.431753	0.5926558	7.410302
3042	-8194.9	-8446.321	251.4212	0.9165641	1.616461	0.5226307	5.935124
3048	-8184.649	-8436.53	251.8815	0.9827274	1.73712	0.6122397	5.527866
3054	-8193.858	-8443.282	249.4238	0.8874531	1.744531	0.767422	6.803453
3060	-8194.282	-8444.1	249.8185	0.7929494	1.582406	0.7010149	6.745767
3066	-8202.838	-8451.912	249.0738	0.8241073	1.632045	0.6004342	7.185953
3072	-8213.953	-8464.169	250.2165	0.8346778	1.716698	0.6120995	6.524026
3078	-8228.025	-8476.463	248.4377	0.8346778	1.636153	0.5280604	7.578906
3084	-8200.846	-8450.182	249.3361	0.8125742	1.665441	0.4744136	7.14563
3090	-8194.817	-8443.835	249.0173	0.8221481	1.426958	0.5985197	7.298594
3096	-8195.001	-8444.872	249.8708	0.8546949	1.579936	0.5313236	6.816304
3102	-8193.688	-8442.733	249.0455	0.8005908	1.800204	0.5834516	7.16739
3108	-8198.953	-8447.408	248.4547	0.7751803	1.756243	0.5636839	7.529074
3114	-8207.463	-8456.46	248.9968	0.8142002	1.80895	0.5383954	7.220183
3120	-8212.622	-8461.701	249.0792	0.7904946	1.642667	0.5247297	7.25915
3126	-8209.523	-8459.788	250.2651	0.8049255	1.77385	0.6400629	6.472275
3132	-8209.924	-8459.647	249.7233	0.8491467	1.486492	0.5187437	6.946022
3138	-8211.686	-8461.766	250.0806	0.8446515	1.432515	0.5976841	6.712328
3144	-8220.238	-8470.519	250.2814	0.8778764	1.575606	0.6704204	6.473892
3150	-8201.205	-8451.15	249.9447	0.8908703	1.765687	0.5980957	6.634303
3156	-8194.427	-8444.159	249.7324	0.7429855	1.499966	0.5980957	6.927488
3162	-8197.661	-8445.972	248.3112	0.7654281	1.623546	0.5834233	7.642794
3168	-8200.514	-8448.889	248.3757	0.7460085	1.774458	0.5694381	7.576049
3174	-8206.447	-8455.234	248.7868	0.8508365	1.659986	0.5983238	7.31714
3180	-8200.983	-8450.158	249.1747	0.7727546	1.632877	0.630428	7.135986
3186	-8198.82	-8448.263	249.4428	0.8913413	1.478372	0.5319885	7.066174
3192	-8199.87	-8450.609	250.7393	0.8173556	1.570241	0.5601758	6.34595
3198	-8189.536	-8438.934	249.3981	0.7813945	1.655204	0.5529658	7.064185
3204	-8195.041	-8443.695	248.654	0.8009422	1.523954	0.5972101	7.46715
3210	-8187.434	-8437.378	249.944	0.8244163	1.525898	0.531484	6.813827
3216	-8192.674	-8443.63	250.9555	0.9041965	1.97473	0.6735633	5.950513
3222	-8190.553	-8440.727	250.1737	0.8999658	1.651584	0.5911208	6.552019
3228	-8206.046	-8455.707	249.6609	0.8248171	1.818241	0.5774817	6.821585
3234	-8201.335	-8450.54	249.2048	0.8211039	1.412189	0.5536463	7.240636
3240	-8189.057	-8439.246	250.189	0.8059959	1.407998	0.6306474	6.659313
3246	-8200.478	-8451.308	250.8296	0.9636216	1.399287	0.7460651	6.147457
3252	-8203.911	-8455.875	251.9642	0.9205032	1.638125	0.5629073	5.593024
3258	-8202.42	-8452.087	249.667	0.848485	1.620557	0.6438876	6.824532
3264	-8200.142	-8449.478	249.3366	0.7481055	1.463427	0.5279861	7.209719
3270	-8207.042	-8456.148	249.1056	0.737187	1.418131	0.6557681	7.257089
3276	-8207.401	-8457.427	250.0263	0.858015	1.647159	0.5731451	6.670484
3282	-8193.141	-8442.059	248.9177	0.7741902	1.687261	0.5772903	7.294785
3288	-8193.536	-8443.769	250.2335	0.8593496	1.822067	0.5676651	6.500016
3294	-8192.003	-8442.05	250.0474	0.7767491	1.688114	0.6269291	6.645742
3300	-8196.723	-8445.178	248.4542	0.7972684	1.628794	0.6269291	7.513646
3306	-8200.773	-8449.654	248.8807	0.8390722	1.597014	0.6269291	7.274318
3312	-8204.075	-8455.442	251.3676	0.8966309	1.609838	0.5389397	5.963654
3318	-8195.6	-8447.43	251.8303	0.9165073	1.731238	0.5441024	5.650304
3324	-8182.426	-8433.445	251.0189	0.8647237	1.822	0.5881311	6.053817
3330	-8177.141	-8426.724	249.5833	0.7910569	1.574638	0.5656014	6.978994
3336	-8195.054	-8442.304	247.2499	0.7285842	1.695024	0.5337479	8.243445
3342	-8190.248	-8439.496	249.2486	0.7724412	1.593367	0.5661923	7.161522
3348	-8203.988	-8452.988	248.9999	0.7720098	1.417223	0.7239297	7.247361
3354	-8198.124	-8447.367	249.2428	0.7734024	1.417223	0.5493069	7.247361
3360	-8190.884	-8439.786	248.9015	0.7734024	1.855881	0.5749229	7.247361
3366	-8184.73	-8434.701	249.9709	0.7772939	1.547468	0.5386128	6.810295
3372	-8187.711	-8437.786	250.0743	0.8920187	1.561619	0.5669611	6.663466
3378	-8202.517	-8453.757	251.2403	0.9189865	1.693475	0.7212121	5.84949
3384	-8205.816	-8455.635	249.819	0.8706706	1.648415	0.8145835	6.603283
3390	-8201.622	-8451.931	250.309	0.8393804	1.636183	0.7013601	6.434807
3396	-8194.939	-8444.107	249.1682	0.8138472	1.683659	0.6779317	7.063903
3402	-8193.281	-8442.734	249.4537	0.8611035	1.979122	0.718432	6.755833
3408	-8191.594	-8440.67	249.076	0.8128601	1.612312	0.6673152	7.147876
3414	-8186.64	-8436.451	249.8107	0.7460021	1.604855	0.6359679	6.814115
3420	-8187.867	-8437.955	250.0887	0.8414738	1.872033	0.6359679	6.517522
3426	-8187.678	-8438.221	250.5432	0.8414738	1.754403	0.5452656	6.383951
3432	-8206.115	-8456.194	250.0792	0.8709772	1.756777	0.6763289	6.516454
3438	-8201.66	-8453.023	251.3633	0.950779	1.551986	0.5467891	5.951995
3444	-8200.81	-8451.922	251.1118	0.9449842	1.843737	0.5066247	6.020986
3450	-8198.968	-8450.325	251.3575	0.8952586	1.582099	0.6699648	5.876786
3456	-8193.271	-8442.579	249.3077	0.7903256	1.734241	0.6699648	6.989121
3462	-8199.052	-8448.691	249.6392	0.8896573	1.54784	0.6676336	6.827429
3468	-8200.261	-8450.122	249.8611	0.8751542	1.626314	0.5993275	6.737305
3474	-8208.714	-8457.209	248.4954	0.8559735	1.881081	0.5338686	7.446458
3480	-8201.462	-8450.044	248.582	0.8503239	1.793149	0.6316559	7.35466
3486	-8196.53	-8446.045	249.5154	0.838496	1.783823	0.5576407	6.920676
3492	-8203.212	-8451.036	247.8242	0.7857983	2.004495	0.5834116	7.762993
3498	-8195.815	-8445.657	249.8427	0.7889719	1.915949	0.5409672	6.740266
3504	-8200.111	-8449.663	249.5518	0.7638533	1.575177	0.6627514	6.935466
3510	-8198.504	-8448.068	249.5648	0.783869	1.575177	0.6600729	6.919662
3516	-8199.932	-8449.587	249.655	0.8011198	1.62742	0.5932888	6.892809
3522	-8209.21	-8458.505	249.2943	0.7791869	1.647515	0.5965258	7.088884
3528	-8199.551	-8448.593	249.0418	0.7443843	1.731963	0.6144305	7.199043
3534	-8206.445	-8456.054	249.6086	0.8330027	1.945706	0.6893414	6.718429
3540	-8204.663	-8452.627	247.9639	0.7977896	1.569114	0.5682868	7.843644
3546	-8218.679	-8466.535	247.856	0.8068225	1.569114	0.6364136	7.843644
3552	-8202.127	-8452.024	249.8974	0.7981553	1.68615	0.5322829	6.792214
3558	-8213.514	-8462.742	249.2282	0.8962081	1.738258	0.6007505	7.025528
3564	-8196.98	-8447.583	250.6035	0.8406202	1.80557	0.6108226	6.280683
3570	-8184.088	-8433.381	249.2932	0.8563721	1.833513	0.7021514	6.90416
3576	-8185.952	-8436.335	250.3828	0.8563721	1.821665	0.5161584	6.464503
3582	-8193.618	-8443.189	249.5712	0.8727131	1.813415	0.6310318	6.803938
3588	-8189.166	-8437.907	248.7415	0.8229768	2.001861	0.6326215	7.214469
3594	-8189.077	-8438.836	249.7594	0.7952914	1.826915	0.6215168	6.746786
3600	-8195.517	-8444.924	249.4073	0.7962549	1.486581	0.5467918	7.120669
3606	-8193.196	-8442.07	248.8745	0.7877075	1.33014	0.6734427	7.378332
3612	-8186.837	-8435.834	248.9974	0.7424693	1.738433	0.5799422	7.24868
3618	-8184.846	-8433.309	248.463	0.7409187	1.732996	0.5976225	7.524048
3624	-8205.245	-8454.462	249.2161	0.819577	1.732996	0.580402	7.09124
3630	-8198.377	-8447.752	249.375	0.7769355	1.568859	0.5774927	7.09124
3636	-8187.175	-8435.867	248.6923	0.7100165	1.573357	0.6337601	7.448386
3642	-8199.457	-8448.193	248.7361	0.7845306	1.594974	0.6723799	7.348439
3648	-8186.665	-8435.446	248.7807	0.7991141	1.722978	0.5807739	7.339374
3654	-8182.359	-8431.969	249.61	0.8615968	1.729782	0.5224091	6.905879
3660	-8199.817	-8449.562	249.7451	0.7891792	1.725116	0.6229997	6.792088
3666	-8194.111	-8442.778	248.6671	0.7774187	1.681971	0.6305838	7.388029
3672	-8194.363	-8444.267	249.9044	0.8553951	1.42474	0.5521283	6.841685
3678	-8195.472	-8445.145	249.673	0.805644	1.475083	0.7265624	6.841685
3684	-8193.987	-8443.05	249.0633	0.8203256	1.644763	0.5282376	7.247873
3690	-8205.751	-8455.126	249.3747	0.7053658	1.870198	0.5925998	7.010637
3696	-8199.706	-8449.164	249.4578	0.7695849	1.436795	0.5780105	7.102384
3702	-8199.11	-8448.938	249.8278	0.8388787	1.695991	0.6110632	6.740207
3708	-8195.215	-8445.814	250.5984	0.9269526	1.945079	0.4959819	6.286002
3714	-8205.731	-8455.171	249.4399	0.89419	1.885494	0.5085114	6.938819
3720	-8198.592	-8447.503	248.9107	0.7252799	1.717508	0.5831878	7.309292
3726	-8201.784	-8450.689	248.9055	0.7396151	1.787798	0.547019	7.309292
3732	-8201.998	-8450.929	248.9313	0.7839992	1.433423	0.5897092	7.369486
3738	-8201.708	-8451.536	249.828	0.8635337	1.334943	0.6183443	6.863572
3744	-8193.419	-8441.452	248.0333	0.7341002	1.597171	0.5861232	7.815776
3750	-8187.89	-8436.906	249.0157	0.7504566	1.631925	0.5689044	7.28182
3756	-8199.002	-8447.629	248.6273	0.7555478	1.806309	0.5988341	7.401854
3762	-8197.077	-8446.453	249.3759	0.7887472	1.631648	0.5398643	7.091772
3768	-8194.16	-8443.469	249.3088	0.8094192	1.679047	0.5495019	7.091351
3774	-8196.337	-8445.3	248.9624	0.7946565	1.954536	0.5305906	7.207617
3780	-8200.231	-8450.812	250.5813	0.9157182	1.758604	0.6675835	6.225431
3786	-8204.931	-8453.87	248.9398	0.8737191	1.542896	0.6460828	7.230232
3792	-8199.862	-8449.884	250.0228	0.8038233	1.494019	0.6669364	6.688294
3798	-8209.164	-8458.791	249.6267	0.7639806	1.277495	0.6996662	6.991373
3804	-8211.478	-8460.49	249.0123	0.776892	1.615199	0.6281468	7.229338
3810	-8214.147	-8461.966	247.8194	0.6913956	1.592826	0.6205583	7.927768
3816	-8212.062	-8460.778	248.7165	0.7914033	1.502402	0.6205583	7.429161
3822	-8214.841	-8465.441	250.6006	0.8205597	1.46811	0.6465014	6.391914
3828	-8203.135	-8451.704	248.5693	0.7029933	1.822767	0.6067438	7.449415
3834	-8209.718	-8458.046	248.3281	0.6493337	1.806675	0.6224011	7.600803
3840	-8214.69	-8463.494	248.8039	0.7923641	1.531841	0.5625815	7.415946
3846	-8211.455	-8461.318	249.8634	0.7376481	1.439728	0.5367762	6.934046
3852	-8208.02	-8457.443	249.4235	0.7275308	1.685446	0.6276188	7.009381
3858	-8207.913	-8457.179	249.2652	0.7275308	1.729155	0.5750447	7.120011
3864	-8200.599	-8449.051	248.452	0.7425438	1.709811	0.6052888	7.531347
3870	-8215.873	-8465.113	249.239	0.822426	1.738211	0.574902	7.079953
3876	-8211.164	-8461.859	250.6952	0.8536515	1.615225	0.5681178	6.326514
3882	-8205.19	-8455.334	250.1446	0.7811651	1.78054	0.56485	6.607069
3888	-8209.824	-8459.072	249.2486	0.8297548	1.598738	0.5674705	7.127641
3894	-8207.832	-8457.702	249.8704	0.8297548	1.699027	0.5909391	6.736791
3900	-8211.859	-8462.227	250.3674	0.8226429	1.6108	0.6245841	6.478048
3906	-8210.335	-8458.664	248.3288	0.8226429	1.599064	0.5396459	7.647593
3912	-8213.571	-8463.785	250.2142	0.8022414	1.642667	0.5873621	6.589237
3918	-8211.425	-8461.473	250.0487	0.8917308	1.654849	0.5602155	6.647903
3924	-8195.033	-8443.91	248.8765	0.7465695	1.928947	0.5303759	7.288047
3930	-8202.023	-8451.325	249.3027	0.7465695	1.550946	0.7888777	7.001986
3936	-8197.135	-8446.595	249.4599	0.8737683	1.415688	0.7888777	6.902776
3942	-8197.818	-8448.094	250.2756	0.831474	1.858581	0.5733683	6.475276
3948	-8197.132	-8446.696	249.5645	0.858221	1.533094	0.6314586	6.917228
3954	-8203.363	-8452.524	249.1617	0.8042203	1.50407	0.698979	7.125404
3960	-8187.997	-8437.258	249.2612	0.8442864	1.63876	0.5663143	7.09908
3966	-8189.821	-8438.742	248.9216	0.8183562	1.529549	0.6016556	7.308641
3972	-8190.68	-8439.509	248.8284	0.8315396	1.865873	0.6107308	7.223838
3978	-8190.731	-8439.639	248.9079	0.7639289	1.677315	0.5733809	7.312249
3984	-8207.451	-8456.401	248.9499	0.7219254	1.677315	0.5733809	7.312249
3990	-8208	-8456.463	248.4632	0.7876677	1.75373	0.5789512	7.506433
3996	-8207.607	-8456.458	248.8508	0.7610747	1.837791	0.6630916	7.219884
4002	-8204.005	-8454.483	250.4775	0.819339	1.638052	0.5658336	6.456583
4008	-8205.239	-8455.054	249.8142	0.8532854	1.921753	0.5804775	6.686442
4014	-8190.116	-8440.472	250.3561	0.8869295	1.680036	0.5313154	6.499238
4020	-8224.442	-8474.988	250.5467	0.9256927	1.822613	0.5324972	6.323515
4026	-8213.925	-8464.485	250.5604	0.8075785	1.538141	0.5908374	6.435826
4032	-8217.05	-8466.729	249.679	0.7758175	1.813393	0.5860612	6.833029
4038	-8213.495	-8462.82	249.325	0.8374391	1.959344	0.5629354	6.960961
4044	-8198.965	-8448.443	249.4773	0.8013489	1.557524	0.654033	6.968541
4050	-8218.477	-8467.683	249.2061	0.7640802	1.867034	0.4813679	7.165103
4056	-8208.533	-8457.4	248.8674	0.7869386	1.548083	0.6114226	7.339837
4062	-8210.038	-8458.303	248.2651	0.7386828	1.601075	0.6802085	7.617482
4068	-8209.137	-8457.797	248.6602	0.8281222	1.604414	0.5959751	7.419562
4074	-8215.16	-8466.542	251.3821	0.8715134	1.547018	0.6141042	5.932252
4080	-8200.585	-8450.677	250.0916	0.7650734	1.969004	0.5988391	6.554143
4086	-8188.387	-8436.677	248.2908	0.7123127	1.862771	0.6876531	7.52048
4092	-8186.938	-8434.987	248.0495	0.7123127	1.422097	0.5750566	7.895927
4098	-8195.592	-8444.473	248.8813	0.767183	1.637642	0.7336177	7.221307
4104	-8195.013	-8443.45	248.437	0.7186705	1.708208	0.564795	7.584814
4110	-8216.18	-8465.25	249.0697	0.6983808	1.679759	0.587734	7.248267
4116	-8222.379	-8471.055	248.6765	0.7740658	1.518707	0.6025264	7.46736
4122	-8213.045	-8462.409	249.3644	0.8737548	1.552683	0.6047912	7.02947
4128	-8204.662	-8454.13	249.4673	0.8530402	1.40201	0.6256634	7.02947
4134	-8210.358	-8459.934	249.5758	0.8986519	1.557219	0.4562488	7.027859
4140	-8208.198	-8457.953	249.7544	0.8295203	1.802049	0.5419971	6.803363
4146	-8193.18	-8442.605	249.4256	0.8170919	1.692489	0.6222773	6.961513
4152	-8202.009	-8451.833	249.8246	0.8272529	1.456144	0.6528588	6.80822
4158	-8196.353	-8445.493	249.14	0.7326211	1.68044	0.6062041	7.177376
4164	-8205.305	-8455.645	250.3397	0.8211492	1.854672	0.6307346	6.402326
4170	-8206.259	-8455.031	248.7719	0.7706371	1.811452	0.5163513	7.382292
4176	-8199.461	-8448.27	248.8087	0.7506785	1.555333	0.4847465	7.493525
4182	-8202.119	-8451.43	249.3108	0.7979051	1.555333	0.7028884	7.025888
4188	-8200.716	-8449.898	249.1822	0.7324112	1.805607	0.5928756	7.121242
4194	-8198.645	-8447.576	248.9311	0.834698	1.667652	0.487892	7.338213
4200	-8197.795	-8446.95	249.1547	0.808489	1.575514	0.560622	7.20391
4206	-8187.337	-8437.048	249.7102	0.7994765	1.80265	0.5564399	6.831151
4212	-8192.258	-8442.076	249.818	0.8238429	1.787339	0.4805825	6.831151
4218	-8188.235	-8437.58	249.3441	0.8238429	1.771923	0.5139502	7.061967
4224	-8204.721	-8452.788	248.067	0.7220129	1.670123	0.6069234	7.761222
4230	-8203.034	-8453.312	250.278	0.8080614	1.565047	0.5757325	6.590212
4236	-8194.762	-8443.803	249.0406	0.7917553	1.549957	0.6500272	7.214472
4242	-8204.646	-8453.738	249.0929	0.7269128	1.683415	0.5936754	7.214472
4248	-8207.899	-8456.914	249.0148	0.7869253	1.529654	0.6580539	7.232888
4254	-8198.084	-8446.645	248.5612	0.7367924	1.594086	0.6920986	7.454137
4260	-8199.246	-8449.405	250.1587	0.8071834	1.5305	0.618539	6.634821
4266	-8197.964	-8446.988	249.0241	0.8318004	1.5305	0.5634806	7.276456
4272	-8186.665	-8436.601	249.9357	0.7973678	1.532524	0.600867	6.77355
4278	-8185.605	-8436.416	250.8114	0.8093921	1.640277	0.6436015	6.218839
4284	-8192.823	-8442.063	249.2399	0.9084347	1.447774	0.5298189	7.180256
4290	-8190.992	-8440.15	249.1584	0.8132875	1.493478	0.6251492	7.180256
4296	-8187.801	-8436.914	249.1134	0.7235771	1.656875	0.5622726	7.240027
4302	-8195.942	-8445.159	249.2172	0.7330332	1.706415	0.5791932	7.147629
4308	-8189.903	-8439.021	249.1183	0.8265946	1.882266	0.5104474	7.147629
4314	-8189.229	-8438.794	249.5647	0.8265946	1.92985	0.5948859	6.821438
4320	-8195.2	-8444.785	249.5843	0.7299373	1.730462	0.7163147	6.841196
4326	-8196.487	-8445.41	248.9224	0.725373	1.501731	0.5863994	7.38096
4332	-8205.27	-8455.507	250.2374	0.8013472	1.730919	0.5405978	6.583632
4338	-8189.84	-8439.886	250.0465	0.8489363	1.647566	0.5405978	6.691332
4344	-8186.611	-8436.016	249.4059	0.8411639	1.634667	0.5557417	7.033076
4350	-8194.49	-8443.091	248.6011	0.8412247	1.653019	0.5575753	7.45706
4356	-8186.707	-8435.605	248.8985	0.7574337	1.686768	0.6827703	7.234645
4362	-8190.182	-8441.361	251.1789	0.8338152	1.494933	0.658954	6.050163
4368	-8187.449	-8437.878	250.4294	0.8516396	1.73649	0.5186433	6.469362
4374	-8188.705	-8439.273	250.5676	0.8603225	1.521843	0.5826567	6.416303
4380	-8194.754	-8443.794	249.0401	0.7739804	1.744181	0.457537	7.313011
4386	-8199.358	-8448.994	249.636	0.8100711	1.663127	0.6223336	6.86253
4392	-8200.64	-8449.755	249.1155	0.778647	1.620782	0.6223336	7.175276
4398	-8202.961	-8452.177	249.2158	0.7591578	1.51414	0.6316534	7.165447
4404	-8199.726	-8447.567	247.8412	0.7591578	1.652164	0.6378156	7.84516
4410	-8209.411	-8458.988	249.5765	0.8201177	1.474594	0.700723	6.904012
4416	-8201.143	-8450.52	249.3765	0.8201177	1.657439	0.5653037	7.044031
4422	-8203.996	-8453.107	249.1113	0.7760539	1.399687	0.6592301	7.238254
4428	-8213.529	-8462.1	248.5711	0.7708495	1.575166	0.5446628	7.550421
4434	-8214.18	-8462.836	248.6556	0.7708495	1.55543	0.5007216	7.550421
4440	-8198.899	-8449.273	250.3741	0.7808484	1.591527	0.5577906	6.557543
4446	-8196.881	-8446.313	249.4314	0.8000121	1.506925	0.5658667	7.081898
4452	-8199.991	-8449.758	249.7671	0.7898435	1.540119	0.4766335	6.970944
4458	-8204.963	-8453.672	248.7089	0.776073	1.585256	0.6205308	7.409568
4464	-8198.259	-8447.155	248.8958	0.7564976	1.659935	0.6047091	7.304295
4470	-8202.995	-8453.364	250.3698	0.8564823	1.384892	0.75469	6.455639
4476	-8204.81	-8455.13	250.3203	0.8863425	1.629586	0.6145998	6.469722
4482	-8208.586	-8459.673	251.0863	0.8402431	1.527211	0.5761739	6.148546
4488	-8210.39	-8459.605	249.2147	0.8385234	1.746174	0.5952688	7.065354
4494	-8189.427	-8438.517	249.09	0.7725559	1.923715	0.5331025	7.158745
4500	-8177.498	-8425.991	248.4934	0.7317021	1.578563	0.5721614	7.589164
4506	-8181.397	-8430.851	249.4534	0.8007138	1.640592	0.6424342	6.959072
4512	-8193.71	-8443.099	249.3889	0.8568832	1.540524	0.6424342	7.001404
4518	-8192.492	-8442.704	250.2124	0.8568637	1.520884	0.6244223	6.578177
4524	-8192.386	-8442.564	250.1778	0.8568637	1.662836	0.5796317	6.578177
4530	-8187.591	-8437.405	249.8138	0.8011991	1.454977	0.6017461	6.867387
4536	-8188.985	-8437.201	248.216	0.8011991	1.532724	0.5873878	7.705754
4542	-8195.146	-8444.146	248.9998	0.8011991	1.553	0.6614184	7.221814
4548	-8203.965	-8454.794	250.8295	0.8263794	1.555466	0.5694851	6.290118
4554	-8210.049	-8459.668	249.6188	0.8260498	1.486221	0.5805399	6.963359
4560	-8207.158	-8457.394	250.2354	0.8463851	1.663889	0.4910458	6.627917
4566	-8207.098	-8457.816	250.7178	0.8776607	1.80189	0.5139874	6.279885
4572	-8203.919	-8453.69	249.7709	0.8446031	1.581233	0.5361043	6.871071
4578	-8217.902	-8466.855	248.9533	0.8256319	1.447927	0.6860299	7.257415
4584	-8207.297	-8456.558	249.2605	0.7203617	1.517491	0.5830029	7.198672
4590	-8198.531	-8447.114	248.5827	0.769219	1.794887	0.5998614	7.42154
4596	-8195.953	-8445.564	249.611	0.7650167	1.759257	0.5998614	6.883318
4602	-8199.605	-8448.8	249.1953	0.8745146	1.661617	0.667773	7.03199
4608	-8200.738	-8449.82	249.0818	0.781588	1.453259	0.5253524	7.334889
4614	-8198.432	-8447.296	248.8636	0.7783328	1.590887	0.6250493	7.319821
4620	-8201.485	-8450.011	248.5264	0.7358048	1.627698	0.6111989	7.520281
4626	-8203.749	-8452.351	248.6022	0.731704	1.384146	0.728605	7.492879
4632	-8198.783	-8447.058	248.2756	0.8031159	1.589166	0.5960592	7.644553
4638	-8202.968	-8451.089	248.1204	0.8149956	1.726517	0.5960592	7.671301
4644	-8205.262	-8456.589	251.3267	0.9611556	1.439911	0.5289247	6.02664
4650	-8205.449	-8454.358	248.9093	0.7768794	1.419773	0.608704	7.375844
4656	-8213.263	-8461.877	248.6139	0.7424558	1.859473	0.4865141	7.492344
4662	-8216.508	-8465.686	249.1773	0.7855301	1.577288	0.5550728	7.207994
4668	-8206.579	-8456.144	249.5646	0.8091209	1.576102	0.6225075	6.933832
4674	-8200.037	-8449.542	249.5047	0.8592002	1.582801	0.5549097	6.990303
4680	-8202.866	-8451.595	248.7281	0.8097067	1.688152	0.4405249	7.497255
4686	-8201.396	-8450.897	249.5007	0.8634478	1.590828	0.5805668	6.96624
4692	-8201.347	-8452.034	250.6868	0.7761001	1.545466	0.5860152	6.385363
4698	-8197.412	-8448.117	250.7046	0.8321465	1.688743	0.6046869	6.276529
4704	-8183.062	-8432.006	248.9433	0.8462918	1.726751	0.6046869	7.206578
4710	-8192.064	-8441.297	249.2331	0.8216229	1.753459	0.6800489	6.998463
4716	-8186.392	-8435.77	249.3784	0.8216229	1.636618	0.5357198	7.074448
4722	-8191.102	-8439.633	248.5307	0.7275179	1.636618	0.5960428	7.530882
4728	-8192.966	-8441.696	248.7298	0.8248813	1.757599	0.5376927	7.376076
4734	-8196.89	-8446.864	249.9735	0.8770159	1.660001	0.5909507	6.669756
4740	-8199.04	-8450.363	251.3232	0.8408552	1.598399	0.6451567	5.937439
4746	-8200.248	-8448.378	248.1302	0.7157747	1.781147	0.6011339	7.696144
4752	-8205.949	-8454.004	248.0551	0.7479759	1.626128	0.6560312	7.732966
4758	-8217.111	-8465.53	248.4194	0.6954741	1.489352	0.5963954	7.663385
4764	-8207.196	-8456.452	249.2555	0.7786997	1.756635	0.5127901	7.140239
4770	-8204.717	-8454.098	249.3809	0.7710753	1.842555	0.4773733	7.079209
4776	-8192.896	-8442.037	249.1405	0.7495536	1.934512	0.545577	7.129934
4782	-8197.831	-8445.917	248.0861	0.7383512	1.879625	0.5779084	7.692831
4788	-8192.585	-8441.674	249.0883	0.7847736	1.643623	0.6199141	7.179985
4794	-8199.307	-8448.439	249.1318	0.7978183	1.96042	0.6110652	7.047734
4800	-8192.672	-8441.881	249.2085	0.7908056	1.758043	0.6510345	7.047734
4806	-8192.214	-8440.465	248.2514	0.7672335	1.86706	0.5727847	7.597186
4812	-8197.928	-8447.504	249.576	0.8083695	1.86706	0.6768759	6.78412
4818	-8199.13	-8448.421	249.2916	0.8083695	1.702295	0.5346327	7.10532
4824	-8208.326	-8457.433	249.1069	0.8150918	1.791208	0.5627947	7.146364
4830	-8194.865	-8443.157	248.2919	0.7928883	1.800463	0.5862037	7.573481
4836	-8198.584	-8448.287	249.7032	0.819749	1.800463	0.5862037	6.800549
4842	-8209.033	-8456.948	247.9143	0.6645511	1.571075	0.6284619	7.893671
4848	-8193.314	-8443.03	249.7159	0.8297076	1.425601	0.5605099	6.949858
4854	-8202.43	-8451.559	249.1293	0.799426	1.647241	0.6214318	7.147601
4860	-8190.109	-8439.187	249.0781	0.8323063	1.836569	0.5501204	7.147601
4866	-8193.992	-8443.569	249.5774	0.8757502	1.600272	0.6207281	6.883257
4872	-8199.854	-8448.288	248.4341	0.7180527	1.398824	0.5823754	7.691087
4878	-8198.547	-8446.827	248.2803	0.8034416	1.553491	0.5785905	7.669207
4884	-8198.287	-8447.952	249.6648	0.8312418	1.574348	0.6426801	6.853325
4890	-8201.503	-8450.082	248.5785	0.8312418	1.804311	0.6691991	7.335344
4896	-8197.678	-8446.832	249.1532	0.8470699	1.712564	0.6689443	7.050201
4902	-8213.836	-8463.619	249.7826	0.9051084	1.5232	0.7136718	6.718648
4908	-8220.466	-8471.025	250.5585	0.9051084	1.833378	0.6216522	6.252125
4914	-8196.173	-8443.99	247.8169	0.8170531	1.884187	0.5300911	7.832474
4920	-8207.212	-8458.583	251.3702	0.8687927	1.886135	0.5319144	5.884983
4926	-8204.08	-8453.92	249.8394	0.865451	1.640086	0.4816008	6.84883
4932	-8194.521	-8444.479	249.9582	0.8166644	1.671332	0.6465335	6.663735
4938	-8199.85	-8450.102	250.2527	0.8076557	1.738977	0.6345014	6.493957
4944	-8199.002	-8449.207	250.2046	0.8088777	1.949949	0.5756357	6.493957
4950	-8204.88	-8454.498	249.6174	0.757474	1.817964	0.5466265	6.906789
4956	-8204.743	-8454.773	250.0296	0.8010148	1.916738	0.5621662	6.614806
4962	-8203.165	-8452.083	248.9177	0.7784775	1.771343	0.6975445	7.172702
4968	-8209.65	-8458.299	248.6492	0.7784775	1.542972	0.5520015	7.510716
4974	-8203.845	-8453.23	249.3842	0.8176979	1.569603	0.6255971	7.0265
4980	-8198.935	-8448.019	249.0847	0.7840024	1.790771	0.6197193	7.130188
4986	-8198.966	-8447.788	248.8217	0.8434189	1.693425	0.5375305	7.339636
4992	-8202.263	-8451.184	248.9211	0.7511779	1.53908	0.6037828	7.339636
4998	-8205.057	-8453.517	248.4609	0.745761	1.532136	0.6037828	7.591812
5004	-8197.909	-8448.076	250.1679	0.8160053	1.532136	0.6154669	6.626808
5010	-8207.808	-8458.05	250.2427	0.9132662	1.930387	0.6367747	6.37525
5016	-8206.085	-8455.799	249.7141	0.8576912	1.718923	0.6333698	6.766167
5022	-8210.053	-8458.394	248.3408	0.8338441	1.728065	0.7114586	7.45805
5028	-8203.336	-8452.731	249.3944	0.8338441	1.704697	0.652891	6.941976
5034	-8207.682	-8457.357	249.6757	0.828327	1.616375	0.7022154	6.7901
5040	-8201.026	-8450.49	249.4642	0.7823884	1.805735	0.6253602	6.917319
5046	-8194.123	-8442.607	248.4838	0.8399134	1.805735	0.5770479	7.450983
5052	-8199.682	-8448.445	248.7621	0.8159835	1.980731	0.6429779	7.206058
5058	-8201.569	-8452.195	250.626	0.8735532	1.671804	0.6180753	6.29253
5064	-8192.572	-8442.162	249.5904	0.9030754	1.600427	0.6675135	6.826536
5070	-8201.978	-8453.756	251.7779	0.9030754	1.740424	0.6531813	5.595823
5076	-8189.986	-8441.549	251.563	0.9772554	1.660371	0.6531813	5.702289
5082	-8218.58	-8466.162	247.5822	0.732445	1.597995	0.6192781	8.031474
5088	-8217.428	-8466.381	248.9531	0.8537913	1.795069	0.550902	7.216677
5094	-8204.344	-8453.99	249.6456	0.8236438	1.824924	0.5703139	6.833994
5100	-8221.449	-8470.905	249.4558	0.8619373	1.577707	0.6049118	6.976971
5106	-8219.764	-8469.737	249.9724	0.773789	1.532868	0.6692549	6.71478
5112	-8206.471	-8456.034	249.5629	0.7807839	1.859932	0.5189797	6.932982
5118	-8206.831	-8456.533	249.7026	0.8376145	1.635077	0.6575175	6.79569
5124	-8194.312	-8443.477	249.1645	0.7278107	1.794075	0.6070278	7.126095
5130	-8196.695	-8445.757	249.062	0.7681585	1.83467	0.5878563	7.160757
5136	-8197.663	-8446.821	249.1573	0.8078916	1.679434	0.5302426	7.18969
5142	-8196.322	-8446.443	250.121	0.8555901	1.617126	0.5682211	6.635783
5148	-8192.795	-8441.249	248.4545	0.7863756	1.617126	0.6885229	7.478705
5154	-8190.244	-8440.483	250.2392	0.8874465	1.76593	0.50785	6.552075
5160	-8192.926	-8441.656	248.7301	0.8152272	1.588128	0.5364166	7.44347
5166	-8188.544	-8436.013	247.4689	0.7522117	1.608764	0.6704006	8.039702
5172	-8200.726	-8449.951	249.2248	0.7522117	1.572545	0.6780474	7.107725
5178	-8194.382	-8443.156	248.7745	0.8105885	1.572545	0.6421354	7.344466
5184	-8200.731	-8448.559	247.8277	0.7224615	1.648159	0.5297202	7.959089
5190	-8197.867	-8446.175	248.3082	0.7224615	1.851921	0.5836746	7.587111
5196	-8196.937	-8445.821	248.8841	0.7821788	1.693465	0.5836746	7.301171
5202	-8202.654	-8451.174	248.52	0.7731802	1.829804	0.5952561	7.444761
5208	-8199.53	-8447.699	248.1691	0.7788959	1.61839	0.5151796	7.770043
5214	-8207.409	-8456.921	249.5127	0.8469371	1.60402	0.561971	6.978786
5220	-8213.688	-8463.172	249.4846	0.7643697	1.74278	0.6267892	6.936816
5226	-8205.915	-8456.246	250.3311	0.8932688	1.702369	0.5127895	6.517362
5232	-8212.544	-8461.217	248.6729	0.7891265	1.793268	0.5394501	7.411943
5238	-8214.593	-8464.304	249.7105	0.8079167	1.501296	0.5957637	6.90562
5244	-8215.238	-8464.882	249.6444	0.8110669	1.509826	0.5816227	6.947442
5250	-8191.592	-8440.434	248.842	0.7872431	1.856065	0.5497407	7.292415
5256	-8198.413	-8447.524	249.1108	0.7361466	1.994833	0.5554459	7.125644
5262	-8197.33	-8446.325	248.9948	0.7833925	1.997691	0.6003614	7.125644
5268	-8209.671	-8459.154	249.483	0.789064	2.015614	0.4419769	6.991697
5274	-8204.43	-8453.49	249.0603	0.7994225	1.665569	0.5725428	7.216312
5280	-8210.112	-8459.12	249.0077	0.7637227	1.665569	0.5986841	7.242963
5286	-8213.17	-8462.341	249.171	0.7933691	1.968055	0.5843075	7.047564
5292	-8198.128	-8447.584	249.4552	0.8351934	1.48774	0.5830578	7.043872
5298	-8189.669	-8438.21	248.5415	0.7263239	1.402535	0.5987117	7.614831
5304	-8197.2	-8445.67	248.4692	0.7675198	1.466158	0.5630511	7.633988
5310	-8212.267	-8461.372	249.1047	0.8769627	1.605574	0.6065641	7.146013
5316	-8215.327	-8464.214	248.887	0.7363762	1.388298	0.6065641	7.424219
5322	-8204.057	-8455.006	250.9483	0.8786639	1.778795	0.6478416	6.053345
5328	-8212.833	-8463.626	250.7933	0.9174264	2.090422	0.5972183	6.053345
5334	-8209.513	-8459.953	250.4399	0.8618553	2.026417	0.654988	6.251572
5340	-8189.655	-8439.542	249.8869	0.8082707	1.567377	0.580871	6.796438
5346	-8201.425	-8451.134	249.7086	0.8533708	1.70142	0.6067541	6.798139
5352	-8204.645	-8454.365	249.7193	0.8533708	1.931418	0.5771284	6.737223
5358	-8209.947	-8460.006	250.0588	0.9212799	2.138859	0.4842986	6.531683
5364	-8206.641	-8457.672	251.0312	0.9419198	1.798323	0.5897399	6.011932
5370	-8206.207	-8456.613	250.4055	0.952832	1.939416	0.5856451	6.302258
5376	-8197.455	-8446.284	248.8297	0.8199686	1.939416	0.5067785	7.290761
5382	-8198.252	-8448.035	249.7831	0.7791528	1.887487	0.6262504	6.718755
5388	-8203.761	-8453.632	249.8712	0.8938129	1.610081	0.5985333	6.728492
5394	-8196.111	-8446.593	250.4822	0.8439978	1.736428	0.6137129	6.36667
5400	-8199.661	-8448.129	248.4688	0.770856	1.69747	0.5948139	7.519726
5406	-8208.278	-8456.993	248.7147	0.7876743	1.855495	0.6205287	7.304403
5412	-8202.293	-8449.778	247.4852	0.7475482	1.803181	0.6891135	7.95127
5418	-8200.709	-8450.589	249.8796	0.8913172	1.739825	0.5518979	6.715778
5424	-8194.474	-8443.745	249.2707	0.8396493	1.646163	0.6207244	7.050839
5430	-8216.813	-8465.777	248.9635	0.8151997	1.684587	0.6438834	7.197714
5436	-8226.869	-8475.824	248.9551	0.7800605	1.587732	0.5729671	7.311702
5442	-8213.656	-8464.602	250.9457	0.9091211	2.044992	0.5624434	6.017214
5448	-8216.813	-8466.904	250.0912	0.9221207	2.069302	0.4872159	6.532202
5454	-8212.109	-8462.618	250.5095	0.9016046	1.839894	0.5416146	6.343087
5460	-8213.74	-8461.472	247.7319	0.772403	2.023233	0.5386778	7.850083
5466	-8216.382	-8465.761	249.3783	0.8676955	1.514925	0.5386778	7.093473
5472	-8214.131	-8463.704	249.573	0.7547341	1.503096	0.6711929	6.95079
5478	-8209.953	-8457.853	247.8996	0.6986745	1.496292	0.5420757	7.980408
5484	-8195.783	-8444.727	248.9438	0.7706992	1.693346	0.5647173	7.290603
5490	-8198.6	-8447.986	249.3854	0.8425543	1.590528	0.557521	7.05837
5496	-8198.449	-8447.687	249.2376	0.7943459	1.828195	0.580924	7.059921
5502	-8199.986	-8449.946	249.9601	0.7586231	1.585622	0.5682015	6.787023
5508	-8196.78	-8445.774	248.9935	0.7638	1.599287	0.5682015	7.299323
5514	-8194.894	-8443.897	249.0032	0.7638	1.740311	0.5757534	7.236807
5520	-8200.98	-8448.544	247.564	0.8182972	1.523701	0.5176336	8.105562
5526	-8198.34	-8446.752	248.4118	0.71568	1.629986	0.5164499	7.668684
5532	-8201.547	-8449.939	248.3917	0.7780699	1.485734	0.5533628	7.669938
5538	-8183.988	-8432.95	248.9614	0.7780699	1.689045	0.6546062	7.209307
5544	-8195.526	-8444.388	248.8627	0.8664273	1.62962	0.6924374	7.209307
5550	-8200.908	-8450.966	250.0586	0.8863155	1.778924	0.6451519	6.534448
5556	-8195.705	-8445.447	249.7413	0.8387233	1.660714	0.6287745	6.786247
5562	-8193.95	-8443.942	249.9924	0.8072179	1.670253	0.5256537	6.747495
5568	-8199.948	-8448.752	248.8045	0.705268	1.670253	0.6694206	7.328656
5574	-8217.02	-8466.685	249.665	0.7821241	1.491114	0.769662	6.823459
5580	-8201.741	-8451.304	249.5631	0.8910964	1.935893	0.6098471	6.77382
5586	-8200.136	-8449.145	249.0082	0.7522251	1.855868	0.6098471	7.173858
5592	-8208.21	-8456.909	248.6986	0.8263916	1.41755	0.5264342	7.529926
5598	-8199.479	-8449.878	250.3989	0.8163989	1.53232	0.652199	6.473694
5604	-8201.089	-8451.544	250.4553	0.8700576	1.584546	0.5614203	6.464896
5610	-8197.568	-8447.902	250.334	0.8172817	1.643274	0.594742	6.510169
5616	-8186.933	-8435.972	249.0399	0.8017439	1.569795	0.4534958	7.365673
5622	-8187.834	-8437.289	249.4552	0.8425717	1.628666	0.5935899	6.977455
5628	-8192.039	-8441.979	249.9396	0.8338104	1.656014	0.5935899	6.710796
5634	-8201.581	-8451.052	249.4704	0.8509183	1.561093	0.6656996	6.935639
5640	-8211.463	-8459.73	248.267	0.7958886	1.585667	0.6870811	7.586772
5646	-8211.067	-8460.959	249.8912	0.7938685	1.531692	0.6946984	6.729991
5652	-8203.866	-8454.16	250.2944	0.8185206	1.58156	0.5615955	6.580947
5658	-8203.16	-8452.14	248.9799	0.8235281	1.264775	0.6201573	7.370728
5664	-8187.67	-8436.767	249.0973	0.7771986	1.694294	0.6269474	7.155459
5670	-8192.018	-8440.865	248.8476	0.7771986	1.405841	0.6879179	7.356053
5676	-8189.182	-8437.731	248.5488	0.7496906	1.752299	0.5695205	7.488993
5682	-8184.795	-8433.466	248.6701	0.8006966	1.491206	0.5904379	7.476799
5688	-8181.53	-8431.685	250.1555	0.8373145	1.369591	0.5904379	6.707826
5694	-8189.162	-8438.49	249.3283	0.8373145	1.421866	0.5249714	7.185725
5700	-8183.467	-8433.493	250.0262	0.8198231	1.421866	0.593276	6.762979
5706	-8186.079	-8435.872	249.7934	0.8357329	1.526292	0.5479154	6.874942
5712	-8191.549	-8439.66	248.1109	0.8132112	1.508761	0.5720685	7.77705
5718	-8197.645	-8447.207	249.5619	0.7227514	1.452789	0.6068356	7.042308
5724	-8182.284	-8431.625	249.3414	0.7227514	1.452789	0.6666707	7.116072
5730	-8197.741	-8446.704	248.9633	0.7558425	1.801242	0.5517285	7.260995
5736	-8192.528	-8442.536	250.0086	0.8653699	1.699722	0.5254491	6.696864
5742	-8192.297	-8440.988	248.691	0.7559249	1.343159	0.5930321	7.548386
5748	-8195.313	-8443.588	248.2758	0.7039919	1.384545	0.6021022	7.773692
5754	-8204.491	-8453.637	249.1459	0.690446	1.4108	0.7262214	7.213836
5760	-8213.342	-8462.609	249.2678	0.7481096	1.58987	0.6263534	7.11831
5766	-8205.845	-8454.893	249.0482	0.7806225	1.518762	0.6263534	7.246181
5772	-8203.117	-8454.055	250.9382	0.8001649	1.60522	0.6800857	6.141114
5778	-8198.365	-8447.529	249.1638	0.7855961	1.664445	0.7109686	7.065154
5784	-8194.381	-8445.114	250.7333	0.9219179	2.008232	0.4875395	6.202749
5790	-8198.669	-8449.023	250.354	0.8755198	1.692482	0.6181089	6.431456
5796	-8196.418	-8447.177	250.7586	0.8765282	1.325187	0.5835427	6.384792
5802	-8185.819	-8435.493	249.6736	0.8367519	1.325187	0.6392483	6.949616
5808	-8186.582	-8435.72	249.1377	0.7569961	1.873612	0.6392483	7.073408
5814	-8198.633	-8447.989	249.3559	0.7569961	1.535416	0.6444765	7.073408
5820	-8199.843	-8448.06	248.2174	0.7569961	1.810645	0.5575406	7.652137
5826	-8204.253	-8453.433	249.1797	0.8583897	1.666952	0.587476	7.108007
5832	-8208.948	-8459.142	250.1941	0.7930877	1.545141	0.606496	6.626958
5838	-8197.936	-8447.422	249.4855	0.7977835	1.419218	0.6400707	7.031433
5844	-8196.802	-8446.298	249.4958	0.7536259	1.711824	0.5542564	7.005025
5850	-8191.338	-8442.715	251.377	0.9215484	1.583766	0.5739251	5.925567
5856	-8195.078	-8445.741	250.6633	0.8704175	1.675073	0.6448302	6.252393
5862	-8202.28	-8452.356	250.0758	0.8455933	1.495895	0.6326518	6.661789
5868	-8200.283	-8449.514	249.2313	0.8151386	1.725129	0.5337289	7.126731
5874	-8199.7	-8449.836	250.1359	0.7834052	1.879842	0.505801	6.627153
5880	-8196.171	-8446.449	250.2784	0.9071092	1.879842	0.6024014	6.402409
5886	-8199.498	-8448.654	249.1555	0.8555183	1.544558	0.5480287	7.200449
5892	-8192.443	-8441.737	249.2942	0.810422	1.654832	0.6205907	7.050842
5898	-8193.16	-8442.283	249.1239	0.8295748	1.874051	0.6270757	7.050842
5904	-8195.535	-8444.685	249.1505	0.7980513	2.031309	0.5610256	7.054951
5910	-8198.749	-8447.952	249.2037	0.8012977	1.720692	0.6503658	7.058321
5916	-8197.194	-8445.988	248.794	0.7417692	1.593763	0.5947187	7.399074
5922	-8193.283	-8442.681	249.3979	0.7551963	1.646075	0.7354419	6.945449
5928	-8193.962	-8441.742	247.7793	0.8496943	1.834275	0.7354419	7.697295
5934	-8187.428	-8436.851	249.4234	0.8314907	1.647357	0.4920393	7.079086
5940	-8188.178	-8437.765	249.5872	0.8265738	1.507946	0.6386697	6.926431
5946	-8183.69	-8433.031	249.3405	0.793624	1.651621	0.522294	7.115847
5952	-8183.116	-8432.95	249.8348	0.8005465	1.520247	0.6207016	6.815731
5958	-8182.266	-8431.643	249.3773	0.7847423	1.481491	0.6870008	7.037272
5964	-8185.993	-8435.1	249.1067	0.7391174	1.568797	0.5832448	7.251214
5970	-8205.268	-8455.754	250.486	0.8933542	1.585394	0.5952318	6.407965
5976	-8192.12	-8442.742	250.6217	0.8109005	1.666875	0.6524004	6.304641
5982	-8195.518	-8445.869	250.3513	0.8235523	1.707503	0.603656	6.466943
5988	-8189.829	-8438.225	248.3953	0.8259287	1.727181	0.5321328	7.570097
5994	-8185.572	-8434.424	248.8523	0.809647	1.460851	0.6742129	7.323416
6000	-8201.716	-8451.42	249.7034	0.8246588	1.711224	0.5342921	6.871877
6006	-8204.051	-8453.224	249.1732	0.7590493	1.711224	0.5799991	7.154913
6012	-8202.569	-8451.378	248.8086	0.7701439	1.374652	0.5547165	7.495216
6018	-8201.454	-8449.736	248.2818	0.7589259	1.51306	0.5800174	7.706642
6024	-8197.818	-8447.96	250.1428	0.7761869	1.575135	0.5573463	6.69178
6030	-8191.151	-8440.594	249.4434	0.8748471	1.826255	0.5130198	6.963221
6036	-8189.353	-8438.184	248.8308	0.7691696	1.646152	0.6478939	7.30472
6042	-8182.751	-8433.124	250.3731	0.7962411	1.592277	0.636038	6.487556
6048	-8197.376	-8447.6	250.2233	0.8375174	1.957852	0.5491709	6.487556
6054	-8199.833	-8449.296	249.463	0.7445469	1.785904	0.5425859	7.011318
6060	-8193.5	-8442.879	249.379	0.7614748	1.695076	0.6048714	7.029029
6066	-8197.364	-8446.286	248.9217	0.7954873	1.695076	0.5874257	7.270306
6072	-8189.044	-8439.317	250.2724	0.8826095	1.695076	0.5463057	6.528715
6078	-8209.174	-8458.769	249.5956	0.8248894	1.900765	0.6094037	6.80386
6084	-8207.484	-8456.929	249.4451	0.8248894	1.690273	0.5623637	6.99501
6090	-8217.831	-8466.339	248.5083	0.7542694	1.55307	0.5392634	7.60586
6096	-8217.141	-8465.511	248.3693	0.7388314	1.55307	0.6443074	7.60586
6102	-8204.875	-8453.461	248.586	0.7991079	1.787343	0.6666959	7.356185
6108	-8195.35	-8444.568	249.2177	0.7949963	1.694786	0.5563247	7.136782
6114	-8199.253	-8448.344	249.0915	0.7791904	1.764505	0.621589	7.136782
6120	-8222.454	-8473.818	251.364	0.9368744	1.636763	0.5377046	5.934547
6126	-8226.829	-8478.059	251.2303	0.9632749	1.712462	0.5562229	5.94957
6132	-8206.286	-8456.028	249.7423	0.8265428	1.463274	0.5257708	6.951212
6138	-8191.982	-8441.573	249.5909	0.8530038	1.706665	0.4971632	6.951212
6144	-8191.674	-8441.71	250.0357	0.8615742	1.93914	0.5705678	6.56453
6150	-8189.478	-8439.302	249.8239	0.8619452	1.646987	0.5495659	6.797178
6156	-8197.801	-8446.579	248.7777	0.7491572	1.595906	0.466418	7.512391
6162	-8198.502	-8448.228	249.7259	0.765917	1.722897	0.5591563	6.866394
6168	-8206.424	-8455.304	248.8796	0.7830624	1.563286	0.6163627	7.325783
6174	-8209.91	-8459.998	250.0879	0.9124333	1.854884	0.6026052	6.510984
6180	-8204.143	-8454.195	250.0526	0.905253	1.951259	0.6382418	6.474757
6186	-8197.047	-8446.495	249.4473	0.8624672	1.799237	0.6064337	6.900015
6192	-8189.67	-8440.439	250.7696	0.8909323	1.987707	0.6598974	6.064989
6198	-8185.652	-8436.869	251.2167	0.915198	1.760712	0.6112494	5.921425
6204	-8187.182	-8437.323	250.1408	0.8202252	1.649412	0.5895353	6.615037
6210	-8191.651	-8443.041	251.3903	0.9184898	1.631039	0.58505	5.89297
6216	-8198.948	-8449.504	250.5557	0.9413991	1.761701	0.7346949	6.176828
6222	-8199.116	-8449.205	250.0887	0.7779519	1.652875	0.5654582	6.684235
6228	-8187.097	-8436.402	249.3048	0.854779	1.771367	0.5668066	7.022129
6234	-8197.564	-8448.673	251.1095	0.9044645	1.705474	0.5228522	6.078593
6240	-8210.767	-8461.048	250.2819	0.8889846	1.888618	0.5885403	6.418405
6246	-8204.595	-8454.844	250.2492	0.9056023	1.888618	0.6184946	6.403624
6252	-8198.828	-8448.83	250.0025	0.869856	2.058262	0.6009036	6.515868
6258	-8201.436	-8451.606	250.1708	0.869856	2.058262	0.5450064	6.470197
6264	-8205.074	-8454.84	249.7664	0.8540236	1.795533	0.7753584	6.613423
6270	-8193.24	-8442.396	249.1552	0.7676188	1.592517	0.6235127	7.169502
6276	-8199.814	-8448.873	249.0591	0.8244307	1.709679	0.624301	7.147092
6282	-8192.814	-8442.706	249.8919	0.8050813	1.865693	0.5515061	6.712744
6288	-8203.907	-8452.851	248.9439	0.8201659	1.887508	0.5364948	7.220688
6294	-8197.793	-8447.261	249.4681	0.81207	1.722471	0.5464929	6.99116
6300	-8206.79	-8457.256	250.4663	0.8508982	1.875066	0.6059991	6.329706
6306	-8194.946	-8445.119	250.1735	0.8317118	1.468118	0.6166061	6.639841
6312	-8195.61	-8445.881	250.2702	0.8817378	1.3735	0.6281602	6.590799
6318	-8201.496	-8450.717	249.2201	0.7904733	1.689688	0.5657515	7.132026
6324	-8201.649	-8451.687	250.0376	0.7987152	1.728487	0.5983588	6.646803
6330	-8204.762	-8454.857	250.0942	0.8286189	1.600817	0.5983588	6.646803
6336	-8201.34	-8450.704	249.3647	0.8742118	1.515457	0.5983588	7.048544
6342	-8213.972	-8463.067	249.0948	0.7616213	1.401779	0.6418858	7.266798
6348	-8211.022	-8460.36	249.3381	0.8461741	1.401779	0.5050527	7.201353
6354	-8206.496	-8455.988	249.4919	0.853259	1.520157	0.6655705	6.938769
6360	-8220.335	-8470.717	250.3821	0.8584127	1.574095	0.6753934	6.426868
6366	-8212.095	-8461.75	249.6547	0.7971017	1.801021	0.5560969	6.863222
6372	-8220.433	-8470.737	250.304	0.8319528	1.5365	0.5560969	6.590366
6378	-8214.65	-8465.423	250.7732	0.9541145	1.5365	0.5356761	6.287018
6384	-8205.465	-8454.161	248.6962	0.7920048	1.633217	0.5347899	7.458701
6390	-8205.166	-8454.555	249.3889	0.7620449	1.757936	0.5838906	7.017667
6396	-8206.337	-8455.069	248.7323	0.7854072	1.922057	0.5605194	7.321659
6402	-8197.355	-8446.534	249.1789	0.765823	1.680754	0.6183576	7.129134
6408	-8204.254	-8453.391	249.1372	0.8478642	1.680754	0.5904308	7.129134
6414	-8199.393	-8449.246	249.8534	0.8028406	1.434964	0.6716239	6.80076
6420	-8193.996	-8444.094	250.0975	0.8933512	1.579788	0.5843166	6.629172
6426	-8200.02	-8450.611	250.591	0.884567	1.848337	0.5843166	6.269934
6432	-8198.608	-8448.852	250.244	0.8008389	1.80698	0.5981907	6.506656
6438	-8203.75	-8453.39	249.6405	0.792986	1.598148	0.5981907	6.912112
6444	-8198.095	-8448.353	250.2579	0.7823481	1.746694	0.5622845	6.559113
6450	-8186.404	-8435.422	249.0177	0.7978438	1.625415	0.6804905	7.172907
6456	-8176.97	-8426.414	249.444	0.8155205	1.732447	0.5695244	6.979741
6462	-8189.398	-8440.449	251.051	0.8686204	1.599697	0.6419927	6.072671
6468	-8190.298	-8438.556	248.2576	0.8246576	1.731736	0.615777	7.575645
6474	-8203.112	-8453.243	250.1315	0.8607582	1.781177	0.4690568	6.654749
6480	-8194.407	-8444.512	250.1053	0.8539926	1.781177	0.4883927	6.654749
6486	-8193.006	-8442.339	249.3331	0.784291	1.543131	0.558544	7.135141
6492	-8201.538	-8450.01	248.4721	0.8133028	1.823794	0.5130378	7.518805
6498	-8192.624	-8441.492	248.8688	0.7993047	1.873012	0.6121243	7.216023
6504	-8191.183	-8439.824	248.6416	0.7993047	1.740776	0.6970889	7.320787
6510	-8195.38	-8444.805	249.4253	0.8068488	1.842479	0.5693234	6.956642
6516	-8201.62	-8451.015	249.3954	0.8068488	1.910339	0.5614904	6.956642
6522	-8202.928	-8452.22	249.2927	0.9109794	1.804407	0.6092808	6.953202
6528	-8194.232	-8444.763	250.5319	0.8715737	1.746357	0.5657427	6.359551
6534	-8197.931	-8447.405	249.4743	0.8594202	1.322577	0.6359427	7.048353
6540	-8215.793	-8464.266	248.4729	0.7560806	1.48463	0.4904295	7.692763
6546	-8209.795	-8458.09	248.2951	0.7835767	1.64574	0.5550264	7.656497
6552	-8216.166	-8466.113	249.9478	0.8327204	1.651954	0.6746312	6.647184
6558	-8205.401	-8454.988	249.5866	0.8155124	1.60009	0.5359603	6.979066
6564	-8212.444	-8461.419	248.9758	0.8068254	1.591012	0.5124373	7.335723
6570	-8207.733	-8456.853	249.1202	0.7869091	1.369973	0.5372282	7.335723
6576	-8205.18	-8453.059	247.8791	0.7769043	1.582868	0.5372282	7.920395
6582	-8215.758	-8464.637	248.8791	0.7600006	1.610778	0.5230045	7.396154
6588	-8219.653	-8469.49	249.8363	0.8243713	1.495772	0.5230045	6.891091
6594	-8205.604	-8454.427	248.8236	0.808733	1.767092	0.5230045	7.343609
6600	-8206.453	-8456.298	249.8453	0.8415233	1.609593	0.6790707	6.710358
6606	-8203.423	-8453.308	249.8853	0.8415233	1.533559	0.5753517	6.796855
6612	-8194.818	-8444.864	250.0463	0.8377022	1.648133	0.6960314	6.577337
6618	-8209.848	-8460.052	250.204	0.871189	1.702115	0.6400307	6.494936
6624	-8205.247	-8455.281	250.0338	0.8593251	1.415979	0.6752863	6.677998
6630	-8198.031	-8447.234	249.2028	0.7562368	1.914458	0.6421848	7.023163
6636	-8209.192	-8458.024	248.8322	0.8314025	1.472798	0.7192099	7.286215
6642	-8205.054	-8454.606	249.5515	0.8249175	1.650277	0.611185	6.913351
6648	-8188.042	-8437.58	249.5384	0.8177447	1.543096	0.5834144	6.986522
6654	-8189.398	-8438.732	249.3339	0.7385421	1.66118	0.6054888	7.07745
6660	-8185.889	-8435.167	249.2775	0.8303296	1.791656	0.5255448	7.07745
6666	-8186.231	-8435.358	249.1266	0.7466287	1.552818	0.607583	7.223483
6672	-8187.76	-8436.953	249.1934	0.7466287	1.766891	0.6185649	7.100973
6678	-8188.665	-8436.994	248.3292	0.7466287	1.631204	0.6415083	7.595864
6684	-8197.877	-8448.234	250.3564	0.7466287	1.597692	0.5809521	6.564408
6690	-8196.237	-8444.769	248.5327	0.7225182	1.597692	0.5809521	7.55884
6696	-8179.403	-8428.413	249.0103	0.7382385	1.844978	0.63479	7.164928
6702	-8177.711	-8427.288	249.5768	0.7915393	1.595246	0.5939073	6.951691
6708	-8189.178	-8437.283	248.1049	0.7971934	1.73083	0.6021458	7.682847
6714	-8184.802	-8434.76	249.9584	0.8978887	1.65112	0.5785772	6.679775
6720	-8187.463	-8438.402	250.9391	0.8978887	1.722621	0.5913562	6.111551
6726	-8191.071	-8441.35	250.2791	0.8978887	1.8116	0.564723	6.460443
6732	-8193.38	-8444.316	250.9358	0.8695116	1.680674	0.6385419	6.107321
6738	-8199.562	-8449.616	250.0548	0.8386501	2.020196	0.696526	6.445035
6744	-8204.28	-8452.795	248.5142	0.7269331	1.689823	0.7584977	7.404319
6750	-8208.01	-8457.426	249.4165	0.7881018	1.533785	0.5630422	7.088143
6756	-8201.493	-8450.375	248.8821	0.7326068	1.613354	0.6163473	7.33264
6762	-8204.505	-8453.427	248.9222	0.786897	1.511454	0.6411557	7.302199
6768	-8199.557	-8448.163	248.6069	0.7879722	1.715347	0.5767667	7.444486
6774	-8218.523	-8464.963	246.4395	0.7355338	1.77763	0.5925591	8.594205
6780	-8192.402	-8443.109	250.7067	0.8821324	1.720557	0.523567	6.303759
6786	-8184.03	-8433.455	249.4246	0.8189056	1.858582	0.5674303	6.946659
6792	-8211.566	-8461.963	250.3977	0.8571232	1.708582	0.6181452	6.411895
6798	-8201.671	-8452.216	250.5456	0.8359218	1.775285	0.6102476	6.325642
6804	-8199.026	-8449.269	250.2428	0.8359218	1.765254	0.6589677	6.456462
6810	-8188.11	-8437.816	249.7059	0.7694017	1.402982	0.6615729	6.918849
6816	-8197.302	-8447.045	249.7426	0.8672238	1.430626	0.5536547	6.918849
6822	-8191.173	-8440.755	249.5817	0.7952129	1.512172	0.6132381	6.963966
6828	-8202.854	-8452.546	249.6911	0.7952129	1.54676	0.6450802	6.86742
6834	-8201.173	-8450.082	248.9088	0.811978	1.957534	0.6220455	7.152542
6840	-8199.034	-8447.789	248.7549	0.8251136	1.599519	0.5722786	7.391063
6846	-8202.966	-8453.011	250.0455	0.8868949	1.697575	0.5408066	6.652929
6852	-8209.904	-8458.561	248.6572	0.691262	1.481487	0.5619923	7.568958
6858	-8206.82	-8455.963	249.1437	0.7700101	1.673028	0.5506395	7.202527
6864	-8200.267	-8449.321	249.0536	0.7568723	1.698379	0.5392336	7.258398
6870	-8200.702	-8449.5	248.7988	0.7710747	1.404909	0.6853963	7.387701
6876	-8199.484	-8449.606	250.1218	0.7710747	1.552314	0.5261548	6.740947
6882	-8207.909	-8456.47	248.561	0.7317385	1.505538	0.5580939	7.592461
6888	-8206.569	-8454.969	248.4002	0.6986738	1.53193	0.5702645	7.676051
6894	-8202.572	-8450.569	247.9966	0.7105491	1.64265	0.5949945	7.824212
6900	-8202.483	-8449.371	246.888	0.6815029	1.701927	0.6670315	8.35529
6906	-8203.103	-8450.972	247.8691	0.7166183	1.729671	0.5849025	7.865824
6912	-8210.682	-8458.713	248.0314	0.7166183	1.513727	0.5820249	7.861178
6918	-8213.592	-8461.908	248.3164	0.7166183	1.513727	0.6320846	7.670327
6924	-8211.264	-8459.738	248.4738	0.7427772	1.506857	0.60004	7.599236
6930	-8217.447	-8465.95	248.503	0.8419911	1.537454	0.5094592	7.593259
6936	-8212.611	-8461.328	248.7177	0.8123245	1.470402	0.6749261	7.389883
6942	-8215.688	-8464.793	249.1046	0.8412753	1.286893	0.4923589	7.389883
6948	-8207.558	-8458.674	251.1159	0.842218	1.338543	0.5169105	6.259577
6954	-8204.88	-8455.576	250.6958	0.8998381	1.515003	0.5731977	6.335659
6960	-8213.288	-8464.383	251.0945	0.9216065	1.555181	0.4805125	6.171773
6966	-8203.204	-8450.952	247.7478	0.8181749	1.668795	0.5668705	7.912417
6972	-8212.473	-8461.314	248.8404	0.7289458	1.689186	0.5967547	7.344425
6978	-8214.484	-8463.502	249.0185	0.7864642	1.781875	0.5933344	7.187954
6984	-8207.024	-8456.038	249.0136	0.853176	1.668435	0.5933344	7.194901
6990	-8204.901	-8453.879	248.9778	0.8349816	1.720224	0.6067152	7.194901
6996	-8212.317	-8462.231	249.9148	0.8427372	1.595868	0.591194	6.743663
7002	-8213.612	-8464.335	250.7229	0.864111	1.679964	0.5649058	6.284466
7008	-8203.782	-8454.018	250.2357	0.8582476	1.565855	0.5325512	6.621613
7014	-8203.304	-8452.168	248.8645	0.82642	1.95542	0.5325512	7.241208
7020	-8200.505	-8449.988	249.4833	0.82642	1.680964	0.450811	7.075587
7026	-8204.173	-8454.139	249.9658	0.8625164	1.790734	0.4880434	6.722534
7032	-8194.305	-8444.308	250.0027	0.8825256	1.583827	0.6522397	6.632436
7038	-8195.005	-8445.556	250.5514	0.8650029	1.531781	0.6522397	6.36483
7044	-8204.204	-8453.952	249.7483	0.8650029	1.606851	0.5288688	6.868764
7050	-8208.977	-8458.651	249.674	0.8371822	1.722765	0.5182591	6.890637
7056	-8203.357	-8452.584	249.2269	0.8503382	1.616648	0.5509134	7.135117
7062	-8206.934	-8456.614	249.6802	0.8432799	1.593285	0.5333949	6.918426
7068	-8204.382	-8453.024	248.6413	0.7745743	1.598074	0.614462	7.446437
7074	-8197.558	-8446.395	248.8377	0.812327	1.677434	0.5817144	7.317262
7080	-8218.982	-8469.335	250.3534	0.8184868	1.598072	0.5298987	6.569398
7086	-8215.465	-8465.627	250.1616	0.7991785	1.81867	0.5717237	6.569398
7092	-8215.975	-8466.221	250.2455	0.8944625	1.644115	0.5300091	6.569398
7098	-8215.219	-8464.34	249.1212	0.7917373	1.396178	0.5300091	7.327724
7104	-8199.346	-8450.483	251.1375	0.8495967	1.481184	0.6046695	6.111095
7110	-8187.726	-8437.673	249.9469	0.8050479	1.563145	0.5358422	6.804566
7116	-8188.34	-8438.209	249.8696	0.8438009	1.585876	0.5486332	6.805939
7122	-8202.669	-8452.281	249.612	0.7706885	1.495197	0.6083976	6.97131
7128	-8193.156	-8442.733	249.5766	0.802755	1.507551	0.5701615	6.998565
7134	-8201.562	-8452.462	250.8999	0.8731015	1.663606	0.5983602	6.1623
7140	-8203.072	-8451.604	248.5322	0.7489788	1.308308	0.6583215	7.602878
7146	-8199.053	-8447.614	248.5605	0.766575	1.531753	0.6088848	7.523523
7152	-8201.039	-8450.045	249.0051	0.840739	1.842751	0.5682934	7.165274
7158	-8192.321	-8442.647	250.3259	0.9010138	1.670849	0.5773636	6.472992
7164	-8195.768	-8445.574	249.8061	0.9010138	1.856932	0.656125	6.628269
7170	-8193.785	-8443.364	249.579	0.8125304	1.883828	0.6577566	6.788606
7176	-8197.666	-8446.379	248.7133	0.7118866	1.635982	0.5949605	7.442489
7182	-8200.375	-8448.784	248.4092	0.7826953	1.973674	0.5949605	7.452186
7188	-8191.529	-8439.328	247.7992	0.7426704	1.973674	0.5852745	7.807628
7194	-8193.125	-8440.727	247.6023	0.7311157	1.973674	0.4955049	7.994013
7200	-8200.825	-8449.808	248.983	0.7367261	1.631402	0.5897194	7.290325
7206	-8189.911	-8439.186	249.2755	0.8403627	1.619476	0.510509	7.147785
7212	-8190.207	-8439.994	249.7866	0.814795	1.497864	0.5813907	6.873693
7218	-8194.899	-8444.521	249.6219	0.883462	1.651421	0.5283985	6.910772
7224	-8199.15	-8448.11	248.9593	0.7724669	1.912611	0.5486835	7.219575
7230	-8193.963	-8442.577	248.6137	0.7724669	1.750918	0.6783605	7.359852
7236	-8198.091	-8446.445	248.3538	0.8018651	1.901263	0.5585617	7.524143
7242	-8195.772	-8444.221	248.4496	0.7313792	1.731938	0.6139167	7.524143
7248	-8202.518	-8451.173	248.6553	0.8008088	1.731938	0.5839066	7.400118
7254	-8206.777	-8457.181	250.4037	0.955642	1.715551	0.5908122	6.374155
7260	-8205.507	-8456.086	250.5783	0.9567766	1.901728	0.518873	6.274596
7266	-8206.512	-8456.83	250.3178	0.920706	1.901728	0.4660339	6.483429
7272	-8206.467	-8456.981	250.5144	0.9489255	1.604032	0.509914	6.426729
7278	-8203.584	-8454.141	250.5575	0.9174575	1.587434	0.509914	6.426729
7284	-8231.555	-8481.003	249.4484	0.8018397	1.563952	0.5807956	7.037576
7290	-8221.568	-8470.977	249.4095	0.8379531	1.557161	0.5859284	7.037576
7296	-8208.862	-8459.027	250.1649	0.8379531	1.491324	0.5682731	6.670141
7302	-8215.086	-8464.038	248.9525	0.7510486	1.717032	0.5226738	7.323223
7308	-8211.826	-8461.602	249.7764	0.8290896	1.723176	0.5681106	6.797661
7314	-8218.926	-8468.94	250.0136	0.8743046	1.420342	0.5681106	6.761215
7320	-8210.851	-8461.235	250.3841	0.8608392	1.563686	0.5785969	6.502427
7326	-8211.157	-8460.868	249.7106	0.8583754	1.611965	0.5639742	6.861305
7332	-8209.653	-8460.112	250.4589	0.8583754	1.640356	0.734794	6.318428
7338	-8206.494	-8457.578	251.0849	0.8583754	1.595502	0.6519941	6.053886
7344	-8200.803	-8450.898	250.0943	0.8548739	1.752105	0.5781045	6.593561
7350	-8203.332	-8453.511	250.179	0.9090387	1.752105	0.6570008	6.457501
7356	-8206.55	-8457.211	250.6612	0.8893092	1.642566	0.6155192	6.277597
7362	-8194.962	-8444.908	249.9458	0.7881786	1.537275	0.6794599	6.712287
7368	-8209.926	-8461.506	251.5798	0.9418685	1.397334	0.5929186	5.863494
7374	-8208.98	-8459.414	250.4344	0.9258429	1.505671	0.5479462	6.487865
7380	-8205.297	-8456.073	250.7755	0.9257537	1.645942	0.5209059	6.272256
7386	-8205.553	-8456.117	250.5641	0.9182658	1.655679	0.5024209	6.403751
7392	-8198.892	-8449.42	250.5281	0.9126023	1.315589	0.6049277	6.477463
7398	-8196.392	-8447.224	250.8324	0.8802537	1.70834	0.600009	6.177516
7404	-8193.912	-8443.444	249.532	0.8146235	1.548521	0.6010296	6.975594
7410	-8183.844	-8434.271	250.4268	0.8570421	1.960507	0.5998879	6.324492
7416	-8188.507	-8438.852	250.3452	0.8631085	1.337565	0.5453345	6.641984
7422	-8215.452	-8463.274	247.8225	0.7188663	1.633892	0.6148897	7.900564
7428	-8223.245	-8470.719	247.474	0.7783911	1.465251	0.7044448	8.054247
7434	-8203.32	-8451.707	248.3869	0.7760119	1.38779	0.5639719	7.704724
7440	-8204.679	-8452.928	248.2495	0.7760119	1.572817	0.5639719	7.704724
7446	-8199.386	-8448.139	248.753	0.7443662	1.462906	0.5656769	7.493622
7452	-8200.42	-8449.684	249.2639	0.7622193	1.422443	0.6099118	7.191321
7458	-8197.388	-8446.548	249.1595	0.8148339	1.493668	0.6087403	7.191321
7464	-8200.44	-8449.465	249.025	0.7268452	1.609837	0.7112567	7.191321
7470	-8210.731	-8460.608	249.8766	0.7612595	1.540517	0.7155386	6.737479
7476	-8197.237	-8445.775	248.5374	0.750568	1.47701	0.5719401	7.595072
7482	-8204.264	-8453.546	249.2826	0.8410591	1.547568	0.5405217	7.145048
7488	-8187.917	-8437.956	250.0392	0.7772329	1.61247	0.5460665	6.742414
7494	-8190.806	-8439.959	249.1528	0.7467951	1.644635	0.5557732	7.216217
7500	-8192.383	-8441.247	248.8637	0.7449587	1.856641	0.5859406	7.273859
7506	-8194.557	-8445.205	250.6476	0.8036621	1.574946	0.6292981	6.346436
7512	-8183.929	-8433.67	249.7406	0.7796714	1.542513	0.6784543	6.826307
7518	-8195.178	-8443.86	248.6821	0.8393819	1.844714	0.6854049	7.250103
7524	-8205.896	-8454.663	248.7674	0.9310396	1.752473	0.6000724	7.250103
7530	-8202.558	-8451.174	248.6169	0.8310888	2.003564	0.5121204	7.373912
7536	-8197.768	-8447.457	249.6888	0.8138373	1.602416	0.5674951	6.897796
7542	-8203.989	-8453.103	249.1142	0.6748173	1.51885	0.6554655	7.245821
7548	-8197.344	-8446.464	249.1202	0.7767347	1.520699	0.5913791	7.235865
7554	-8204.209	-8453.808	249.5988	0.7814211	1.671717	0.7087121	6.831949
7560	-8203.969	-8453.544	249.5752	0.8050264	1.671717	0.7087121	6.831949
7566	-8204.09	-8454.001	249.9113	0.7986527	1.768027	0.6446185	6.665761
7572	-8202.146	-8451.567	249.4217	0.8165013	1.705292	0.5638439	7.005516
7578	-8202.67	-8449.933	247.2637	0.7728761	1.620786	0.6674731	8.135696
7584	-8202.684	-8451.479	248.7953	0.7701436	1.625177	0.6471645	7.331522
7590	-8210.963	-8459.554	248.591	0.7631585	1.438013	0.4731554	7.66019
7596	-8211.137	-8460.246	249.1089	0.7770062	1.472262	0.6600488	7.208862
7602	-8207.657	-8456.236	248.5789	0.8091908	1.771286	0.6754353	7.353812
7608	-8217.27	-8466.628	249.3575	0.8361392	1.649305	0.6754353	6.964295
7614	-8208.589	-8458.433	249.8441	0.7390094	1.410155	0.6263735	6.883992
7620	-8210.028	-8459.253	249.2255	0.8399815	1.580241	0.5495012	7.156308
7626	-8210.896	-8458.891	247.995	0.7547472	1.448939	0.5511643	7.910853
7632	-8204.514	-8453.322	248.8081	0.7708818	1.579336	0.7064312	7.299011
7638	-8204.042	-8452.91	248.8671	0.7699209	1.741804	0.6425195	7.254478
7644	-8200.879	-8451.656	250.777	0.8643478	1.554479	0.7710744	6.150565
7650	-8216.356	-8466.691	250.3343	0.9487576	1.812869	0.5528553	6.412327
7656	-8211.539	-8460.912	249.373	0.8591742	1.648114	0.5844767	7.012791
7662	-8190.805	-8440.23	249.4255	0.7731978	1.684195	0.5221782	7.069375
7668	-8195.747	-8445.266	249.5186	0.7731978	1.397395	0.5210877	7.13139
7674	-8201.003	-8451.036	250.0336	0.8388572	1.291023	0.6334157	6.773766
7680	-8196.131	-8446.275	250.1441	0.7701567	1.562872	0.5805548	6.680099
7686	-8199.487	-8448.655	249.1684	0.752397	1.577094	0.634684	7.168004
7692	-8193.546	-8442.378	248.8325	0.7682143	1.475759	0.6629371	7.358464
7698	-8197.398	-8447.564	250.1667	0.8604213	1.766734	0.5432151	6.575092
7704	-8202.192	-8451.864	249.6717	0.8124243	1.531285	0.6373338	6.880357
7710	-8202.596	-8452.418	249.8219	0.8394256	1.432767	0.5656629	6.880357
7716	-8199.595	-8450.208	250.6133	0.8394256	1.71618	0.5584481	6.349607
7722	-8193.344	-8442.459	249.1142	0.7714745	1.71618	0.6904229	7.095172
7728	-8204.543	-8454.658	250.1151	0.808222	1.520967	0.5260918	6.736794
7734	-8195.303	-8444.666	249.3632	0.7843867	1.695879	0.7059678	6.950559
7740	-8203.108	-8452.568	249.4594	0.8399061	1.691136	0.5976967	6.950559
7746	-8210.888	-8462.059	251.1709	0.8563905	1.607858	0.4934513	6.133629
7752	-8200.249	-8450.39	250.1416	0.8614744	1.733178	0.5833372	6.566888
7758	-8201.775	-8451.004	249.2291	0.8850215	1.778553	0.5808836	7.032702
7764	-8197.778	-8447.429	249.6506	0.7773905	1.670787	0.5231158	6.949977
7770	-8193.771	-8444.267	250.496	0.8834073	1.69843	0.6508819	6.323174
7776	-8185.282	-8435.561	250.2792	0.8543746	1.736265	0.5559769	6.517502
7782	-8201.308	-8452.419	251.1116	0.8336144	1.799408	0.5751046	6.038618
7788	-8204.753	-8453.236	248.4833	0.7377283	1.644618	0.6794126	7.485663
7794	-8201.687	-8451.027	249.3402	0.8377522	1.866176	0.593526	6.958537
7800	-8199.033	-8448.72	249.6867	0.8055668	1.699843	0.63089	6.817801
7806	-8198.139	-8447.627	249.4881	0.810501	1.802895	0.6084716	6.903237
7812	-8201.161	-8451.692	250.531	0.8849362	1.572093	0.6358099	6.361766
7818	-8200.956	-8451.051	250.0947	0.8662363	1.684777	0.5708766	6.617174
7824	-8204.63	-8452.361	247.7306	0.7506305	1.983408	0.5389516	7.874636
7830	-8210.057	-8458.511	248.4539	0.7644733	1.852904	0.5956491	7.476788
7836	-8216.89	-8465.536	248.646	0.7962181	1.586274	0.5956491	7.45132
7842	-8229.068	-8478.494	249.4268	0.7860828	1.717304	0.5776732	7.003623
7848	-8228.385	-8477.681	249.2963	0.8959539	1.795713	0.557657	7.003623
7854	-8203.777	-8453.95	250.1732	0.8772501	1.572205	0.7121441	6.504495
7860	-8214.891	-8464.151	249.2592	0.7362666	1.875189	0.6668701	6.998298
7866	-8197.814	-8447.623	249.8092	0.7877089	1.875189	0.5213224	6.789308
7872	-8188.325	-8438.112	249.7867	0.7457177	1.864442	0.5669697	6.789308
7878	-8188.507	-8437.093	248.5861	0.7649788	1.750926	0.5389195	7.486516
7884	-8197.445	-8446.792	249.3473	0.7470899	1.521701	0.6064268	7.117574
7890	-8196.676	-8444.325	247.6485	0.7521526	1.491055	0.5211722	8.105485
7896	-8200.786	-8450.111	249.3255	0.7754865	1.400255	0.6535551	7.127359
7902	-8210.71	-8459.51	248.8007	0.7947986	1.529517	0.743638	7.283905
7908	-8212.401	-8460.436	248.0352	0.7484652	1.622665	0.5764459	7.805318
7914	-8209.14	-8456.681	247.5411	0.7332727	1.409245	0.6663431	8.091997
7920	-8208.742	-8457.674	248.932	0.7528631	1.607509	0.6087151	7.303052
7926	-8218.91	-8469.294	250.3834	0.8035876	1.734774	0.5897126	6.461649
7932	-8214.956	-8465.888	250.9321	0.8698733	1.605352	0.6469851	6.130813
7938	-8200.552	-8450.511	249.9594	0.8448221	1.605352	0.5740497	6.728598
7944	-8208.076	-8457.104	249.0279	0.8264424	1.592717	0.6135949	7.213842
7950	-8200.961	-8451.741	250.7796	0.8408811	1.454768	0.5663945	6.351932
7956	-8196.019	-8446.338	250.319	0.855934	1.50423	0.6007119	6.545933
7962	-8195.746	-8445.251	249.5047	0.8629904	1.639936	0.5049222	7.009647
7968	-8195.189	-8443.558	248.3696	0.7644888	1.639936	0.5888132	7.601775
7974	-8192.77	-8441.254	248.4844	0.7214368	1.675699	0.6901352	7.474879
7980	-8197.852	-8446.864	249.0121	0.8077966	1.83407	0.6901352	7.089912
7986	-8198.658	-8447.758	249.1001	0.8077966	1.62122	0.5888211	7.193739
7992	-8209.823	-8460.811	250.9873	0.9222051	1.376324	0.6361674	6.17255
7998	-8192.932	-8442.844	249.9117	0.8353933	1.611527	0.5988587	6.737379
8004	-8184.476	-8434.517	250.0414	0.8353933	1.511053	0.6252315	6.6855
8010	-8192.253	-8442.29	250.0374	0.8353933	1.726812	0.5430274	6.672788
